--------------- Build Started: 10/04/2019 13:57:26 Project: Design01, Configuration: ARM GCC 5.4-2016-q2-update Debug ---------------
The code generation step is up to date.
arm-none-eabi-gcc.exe -mcpu=cortex-m3 -mthumb -I. -IGenerated_Source\PSoC5 -Wa,-alh=.\CortexM3\ARM_GCC_541\Debug/main.lst -g -D DEBUG -D CY_CORE_ID=0 -Wall -ffunction-sections -ffat-lto-objects -Og -c main.c -o .\CortexM3\ARM_GCC_541\Debug\main.o
main.c: In function 'main':
main.c:64:15: warning: implicit declaration of function 'Sense1' [-Wimplicit-function-declaration]
     float *a =Sense1();
               ^
main.c:64:15: warning: initialization makes pointer from integer without a cast [-Wint-conversion]
main.c:64:12: warning: unused variable 'a' [-Wunused-variable]
     float *a =Sense1();
            ^
arm-none-eabi-ar.exe -rs .\CortexM3\ARM_GCC_541\Debug\Design01.a .\CortexM3\ARM_GCC_541\Debug\CyDmac.o .\CortexM3\ARM_GCC_541\Debug\CyFlash.o .\CortexM3\ARM_GCC_541\Debug\CyLib.o .\CortexM3\ARM_GCC_541\Debug\cyPm.o .\CortexM3\ARM_GCC_541\Debug\CySpc.o .\CortexM3\ARM_GCC_541\Debug\cyutils.o .\CortexM3\ARM_GCC_541\Debug\Control_Reg_1.o .\CortexM3\ARM_GCC_541\Debug\Control_Reg_1_PM.o .\CortexM3\ARM_GCC_541\Debug\Clock_1.o .\CortexM3\ARM_GCC_541\Debug\LED.o .\CortexM3\ARM_GCC_541\Debug\Clock_2.o .\CortexM3\ARM_GCC_541\Debug\Pin_2.o .\CortexM3\ARM_GCC_541\Debug\Pin_1.o .\CortexM3\ARM_GCC_541\Debug\Pin_3.o .\CortexM3\ARM_GCC_541\Debug\UART_1.o .\CortexM3\ARM_GCC_541\Debug\UART_1_PM.o .\CortexM3\ARM_GCC_541\Debug\UART_1_INT.o .\CortexM3\ARM_GCC_541\Debug\UART_1_BOOT.o .\CortexM3\ARM_GCC_541\Debug\UART_1_IntClock.o .\CortexM3\ARM_GCC_541\Debug\Clock_3.o .\CortexM3\ARM_GCC_541\Debug\Control_Reg_3.o .\CortexM3\ARM_GCC_541\Debug\Control_Reg_3_PM.o .\CortexM3\ARM_GCC_541\Debug\Control_Reg_2.o .\CortexM3\ARM_GCC_541\Debug\Control_Reg_2_PM.o .\CortexM3\ARM_GCC_541\Debug\Clock_4.o .\CortexM3\ARM_GCC_541\Debug\isr_1.o .\CortexM3\ARM_GCC_541\Debug\Timer_1.o .\CortexM3\ARM_GCC_541\Debug\Timer_1_PM.o .\CortexM3\ARM_GCC_541\Debug\timer_clock.o .\CortexM3\ARM_GCC_541\Debug\isr_uart_rx.o .\CortexM3\ARM_GCC_541\Debug\PWM_rw.o .\CortexM3\ARM_GCC_541\Debug\PWM_rw_PM.o .\CortexM3\ARM_GCC_541\Debug\step_rw.o .\CortexM3\ARM_GCC_541\Debug\PWM_lw.o .\CortexM3\ARM_GCC_541\Debug\PWM_lw_PM.o .\CortexM3\ARM_GCC_541\Debug\step_lw.o .\CortexM3\ARM_GCC_541\Debug\dir_lw.o .\CortexM3\ARM_GCC_541\Debug\dir_rw.o .\CortexM3\ARM_GCC_541\Debug\Counter_right.o .\CortexM3\ARM_GCC_541\Debug\Counter_right_PM.o .\CortexM3\ARM_GCC_541\Debug\Counter_left.o .\CortexM3\ARM_GCC_541\Debug\Counter_left_PM.o .\CortexM3\ARM_GCC_541\Debug\Trigger_r.o .\CortexM3\ARM_GCC_541\Debug\Echo_r.o .\CortexM3\ARM_GCC_541\Debug\ADC_DelSig_1.o .\CortexM3\ARM_GCC_541\Debug\ADC_DelSig_1_PM.o .\CortexM3\ARM_GCC_541\Debug\ADC_DelSig_1_INT.o .\CortexM3\ARM_GCC_541\Debug\TIA_1.o .\CortexM3\ARM_GCC_541\Debug\TIA_1_PM.o .\CortexM3\ARM_GCC_541\Debug\IDAC8_1.o .\CortexM3\ARM_GCC_541\Debug\IDAC8_1_PM.o .\CortexM3\ARM_GCC_541\Debug\VDAC8_1.o .\CortexM3\ARM_GCC_541\Debug\VDAC8_1_PM.o .\CortexM3\ARM_GCC_541\Debug\Photodiode.o .\CortexM3\ARM_GCC_541\Debug\ADC_DelSig_1_Ext_CP_Clk.o .\CortexM3\ARM_GCC_541\Debug\ADC_DelSig_1_IRQ.o .\CortexM3\ARM_GCC_541\Debug\ADC_DelSig_1_theACLK.o .\CortexM3\ARM_GCC_541\Debug\Echo_fl.o .\CortexM3\ARM_GCC_541\Debug\Trigger_fl.o .\CortexM3\ARM_GCC_541\Debug\Trigger_l.o .\CortexM3\ARM_GCC_541\Debug\Trigger_fr.o .\CortexM3\ARM_GCC_541\Debug\Echo_l.o .\CortexM3\ARM_GCC_541\Debug\Echo_fr.o .\CortexM3\ARM_GCC_541\Debug\step_lift.o .\CortexM3\ARM_GCC_541\Debug\dir_lift.o .\CortexM3\ARM_GCC_541\Debug\PWM_lift.o .\CortexM3\ARM_GCC_541\Debug\PWM_lift_PM.o .\CortexM3\ARM_GCC_541\Debug\Counter_lift.o .\CortexM3\ARM_GCC_541\Debug\Counter_lift_PM.o .\CortexM3\ARM_GCC_541\Debug\Start_switch.o .\CortexM3\ARM_GCC_541\Debug\PWM_1.o .\CortexM3\ARM_GCC_541\Debug\PWM_1_PM.o .\CortexM3\ARM_GCC_541\Debug\isr_Key.o .\CortexM3\ARM_GCC_541\Debug\servo.o .\CortexM3\ARM_GCC_541\Debug\R.o .\CortexM3\ARM_GCC_541\Debug\B.o .\CortexM3\ARM_GCC_541\Debug\G.o .\CortexM3\ARM_GCC_541\Debug\Control_Reg_4.o .\CortexM3\ARM_GCC_541\Debug\Control_Reg_4_PM.o .\CortexM3\ARM_GCC_541\Debug\CyBootAsmGnu.o
arm-none-eabi-ar.exe: creating .\CortexM3\ARM_GCC_541\Debug\Design01.a
arm-none-eabi-gcc.exe -Wl,--start-group -o C:\Users\zhaoh\Downloads\bcd0926\bcd0904\bcd\Design01.cydsn\CortexM3\ARM_GCC_541\Debug\Design01.elf .\CortexM3\ARM_GCC_541\Debug\main.o .\CortexM3\ARM_GCC_541\Debug\colorsensor.o .\CortexM3\ARM_GCC_541\Debug\movement.o .\CortexM3\ARM_GCC_541\Debug\temp.o .\CortexM3\ARM_GCC_541\Debug\temp_ultrasonic.o .\CortexM3\ARM_GCC_541\Debug\ultrasonic.o .\CortexM3\ARM_GCC_541\Debug\lifting.o .\CortexM3\ARM_GCC_541\Debug\gripper.o .\CortexM3\ARM_GCC_541\Debug\cyfitter_cfg.o .\CortexM3\ARM_GCC_541\Debug\cymetadata.o .\CortexM3\ARM_GCC_541\Debug\Cm3Start.o .\CortexM3\ARM_GCC_541\Debug\Design01.a "C:\Program Files (x86)\Cypress\PSoC Creator\4.2\PSoC Creator\psoc\content\cycomponentlibrary\CyComponentLibrary.cylib\CortexM3\ARM_GCC_541\Debug\CyComponentLibrary.a" -mcpu=cortex-m3 -mthumb -l m -L Generated_Source\PSoC5 -Wl,-Map,.\CortexM3\ARM_GCC_541\Debug/Design01.map -T Generated_Source\PSoC5\cm3gcc.ld -specs=nano.specs -Wl,--gc-sections -u_printf_float -g -ffunction-sections -Og -ffat-lto-objects -Wl,--end-group
cyelftool.exe -C C:\Users\zhaoh\Downloads\bcd0926\bcd0904\bcd\Design01.cydsn\CortexM3\ARM_GCC_541\Debug\Design01.elf --flash_row_size 256 --flash_size 262144 --flash_offset 0x00000000
No ELF section .cychecksum found, creating one
Application checksum calculated and stored in ELF section .cychecksum
Checksum calculated and stored in ELF section .cymeta
cyelftool.exe -S C:\Users\zhaoh\Downloads\bcd0926\bcd0904\bcd\Design01.cydsn\CortexM3\ARM_GCC_541\Debug\Design01.elf
Flash used: 19288 of 262144 bytes (7.4%).
SRAM used: 3073 of 65536 bytes (4.7%). Stack: 2048 bytes. Heap: 256 bytes.
--------------- Build Succeeded: 10/04/2019 13:57:29 ---------------
