ARM GAS  C:\Users\Zwe\AppData\Local\Temp\cchCrrca.s 			page 1


   1              		.syntax unified
   2              		.cpu cortex-m3
   3              		.fpu softvfp
   4              		.eabi_attribute 20, 1
   5              		.eabi_attribute 21, 1
   6              		.eabi_attribute 23, 3
   7              		.eabi_attribute 24, 1
   8              		.eabi_attribute 25, 1
   9              		.eabi_attribute 26, 1
  10              		.eabi_attribute 30, 4
  11              		.eabi_attribute 34, 1
  12              		.eabi_attribute 18, 4
  13              		.thumb
  14              		.syntax unified
  15              		.file	"BCD_PM.c"
  16              		.text
  17              	.Ltext0:
  18              		.cfi_sections	.debug_frame
  19              		.section	.text.BCD_Sleep,"ax",%progbits
  20              		.align	1
  21              		.global	BCD_Sleep
  22              		.thumb
  23              		.thumb_func
  24              		.type	BCD_Sleep, %function
  25              	BCD_Sleep:
  26              	.LFB0:
  27              		.file 1 "Generated_Source\\PSoC5\\BCD_PM.c"
   1:Generated_Source\PSoC5/BCD_PM.c **** /*******************************************************************************
   2:Generated_Source\PSoC5/BCD_PM.c **** * File Name: BCD_PM.c
   3:Generated_Source\PSoC5/BCD_PM.c **** * Version 1.10
   4:Generated_Source\PSoC5/BCD_PM.c **** *
   5:Generated_Source\PSoC5/BCD_PM.c **** * Description:
   6:Generated_Source\PSoC5/BCD_PM.c **** *  This file provides the power management source code to API for the
   7:Generated_Source\PSoC5/BCD_PM.c **** *  LED_Driver component.
   8:Generated_Source\PSoC5/BCD_PM.c **** *
   9:Generated_Source\PSoC5/BCD_PM.c **** * Note:
  10:Generated_Source\PSoC5/BCD_PM.c **** *  None
  11:Generated_Source\PSoC5/BCD_PM.c **** *
  12:Generated_Source\PSoC5/BCD_PM.c **** *******************************************************************************
  13:Generated_Source\PSoC5/BCD_PM.c **** * Copyright 2013-2015, Cypress Semiconductor Corporation.  All rights reserved.
  14:Generated_Source\PSoC5/BCD_PM.c **** * You may use this file only in accordance with the license, terms, conditions,
  15:Generated_Source\PSoC5/BCD_PM.c **** * disclaimers, and limitations in the end user license agreement accompanying
  16:Generated_Source\PSoC5/BCD_PM.c **** * the software package with which this file was provided.
  17:Generated_Source\PSoC5/BCD_PM.c **** ********************************************************************************/
  18:Generated_Source\PSoC5/BCD_PM.c **** 
  19:Generated_Source\PSoC5/BCD_PM.c **** #include "BCD.h"
  20:Generated_Source\PSoC5/BCD_PM.c **** static BCD_backupStruct BCD_backup;
  21:Generated_Source\PSoC5/BCD_PM.c **** 
  22:Generated_Source\PSoC5/BCD_PM.c **** 
  23:Generated_Source\PSoC5/BCD_PM.c **** /*******************************************************************************
  24:Generated_Source\PSoC5/BCD_PM.c **** * Function Name: BCD_Sleep
  25:Generated_Source\PSoC5/BCD_PM.c **** ********************************************************************************
  26:Generated_Source\PSoC5/BCD_PM.c **** *
  27:Generated_Source\PSoC5/BCD_PM.c **** * Summary:
  28:Generated_Source\PSoC5/BCD_PM.c **** *  Stop and Save the user configuration
  29:Generated_Source\PSoC5/BCD_PM.c **** *
  30:Generated_Source\PSoC5/BCD_PM.c **** * Parameters:
ARM GAS  C:\Users\Zwe\AppData\Local\Temp\cchCrrca.s 			page 2


  31:Generated_Source\PSoC5/BCD_PM.c **** *  None
  32:Generated_Source\PSoC5/BCD_PM.c **** *
  33:Generated_Source\PSoC5/BCD_PM.c **** * Return:
  34:Generated_Source\PSoC5/BCD_PM.c **** *  None
  35:Generated_Source\PSoC5/BCD_PM.c **** *
  36:Generated_Source\PSoC5/BCD_PM.c **** *******************************************************************************/
  37:Generated_Source\PSoC5/BCD_PM.c **** void BCD_Sleep(void) 
  38:Generated_Source\PSoC5/BCD_PM.c **** {
  28              		.loc 1 38 0
  29              		.cfi_startproc
  30              		@ args = 0, pretend = 0, frame = 0
  31              		@ frame_needed = 0, uses_anonymous_args = 0
  32              		@ link register save eliminated.
  39:Generated_Source\PSoC5/BCD_PM.c ****     uint8 i;
  40:Generated_Source\PSoC5/BCD_PM.c ****     
  41:Generated_Source\PSoC5/BCD_PM.c ****     /* Store the component enable state */
  42:Generated_Source\PSoC5/BCD_PM.c ****     BCD_backup.ledEnableState = BCD_enableVar;
  33              		.loc 1 42 0
  34 0000 074A     		ldr	r2, .L2
  35 0002 084B     		ldr	r3, .L2+4
  36 0004 1278     		ldrb	r2, [r2]	@ zero_extendqisi2
  37 0006 1A70     		strb	r2, [r3]
  38              	.LVL0:
  43:Generated_Source\PSoC5/BCD_PM.c ****     
  44:Generated_Source\PSoC5/BCD_PM.c ****     /* Save the segment buffers */
  45:Generated_Source\PSoC5/BCD_PM.c ****     for(i = 0u; i < BCD_NUM_COM; i++)
  46:Generated_Source\PSoC5/BCD_PM.c ****     {
  47:Generated_Source\PSoC5/BCD_PM.c ****         BCD_backup.segLBackup[i] = BCD_segLBuffer[i];
  39              		.loc 1 47 0
  40 0008 074A     		ldr	r2, .L2+8
  41 000a 1178     		ldrb	r1, [r2]	@ zero_extendqisi2
  42 000c 5970     		strb	r1, [r3, #1]
  43              	.LVL1:
  44 000e 5178     		ldrb	r1, [r2, #1]	@ zero_extendqisi2
  45 0010 9970     		strb	r1, [r3, #2]
  46              	.LVL2:
  47 0012 9178     		ldrb	r1, [r2, #2]	@ zero_extendqisi2
  48 0014 D278     		ldrb	r2, [r2, #3]	@ zero_extendqisi2
  49 0016 D970     		strb	r1, [r3, #3]
  50              	.LVL3:
  51 0018 1A71     		strb	r2, [r3, #4]
  52              	.LVL4:
  48:Generated_Source\PSoC5/BCD_PM.c ****         #if (BCD_NUM_SEG > 8u) 
  49:Generated_Source\PSoC5/BCD_PM.c ****             BCD_backup.segMBackup[i] = BCD_segMBuffer[i];
  50:Generated_Source\PSoC5/BCD_PM.c ****         #endif /* (BCD_NUM_SEG > 8u) */
  51:Generated_Source\PSoC5/BCD_PM.c ****         #if (BCD_NUM_SEG > 16u) 
  52:Generated_Source\PSoC5/BCD_PM.c ****             BCD_backup.segHBackup[i] = BCD_segHBuffer[i];
  53:Generated_Source\PSoC5/BCD_PM.c ****         #endif /* (BCD_NUM_SEG > 16u) */
  54:Generated_Source\PSoC5/BCD_PM.c ****     }
  55:Generated_Source\PSoC5/BCD_PM.c ****     
  56:Generated_Source\PSoC5/BCD_PM.c ****     BCD_Stop();
  53              		.loc 1 56 0
  54 001a FFF7FEBF 		b	BCD_Stop
  55              	.LVL5:
  56              	.L3:
  57 001e 00BF     		.align	2
  58              	.L2:
ARM GAS  C:\Users\Zwe\AppData\Local\Temp\cchCrrca.s 			page 3


  59 0020 00000000 		.word	BCD_enableVar
  60 0024 00000000 		.word	.LANCHOR0
  61 0028 00000000 		.word	BCD_segLBuffer
  62              		.cfi_endproc
  63              	.LFE0:
  64              		.size	BCD_Sleep, .-BCD_Sleep
  65              		.section	.text.BCD_Wakeup,"ax",%progbits
  66              		.align	1
  67              		.global	BCD_Wakeup
  68              		.thumb
  69              		.thumb_func
  70              		.type	BCD_Wakeup, %function
  71              	BCD_Wakeup:
  72              	.LFB1:
  57:Generated_Source\PSoC5/BCD_PM.c **** }
  58:Generated_Source\PSoC5/BCD_PM.c **** 
  59:Generated_Source\PSoC5/BCD_PM.c **** 
  60:Generated_Source\PSoC5/BCD_PM.c **** /*******************************************************************************
  61:Generated_Source\PSoC5/BCD_PM.c **** * Function Name: BCD_Wakeup
  62:Generated_Source\PSoC5/BCD_PM.c **** ********************************************************************************
  63:Generated_Source\PSoC5/BCD_PM.c **** *
  64:Generated_Source\PSoC5/BCD_PM.c **** * Summary:
  65:Generated_Source\PSoC5/BCD_PM.c **** *  Restores and enables the user configuration
  66:Generated_Source\PSoC5/BCD_PM.c **** *
  67:Generated_Source\PSoC5/BCD_PM.c **** * Parameters:
  68:Generated_Source\PSoC5/BCD_PM.c **** *  None
  69:Generated_Source\PSoC5/BCD_PM.c **** *
  70:Generated_Source\PSoC5/BCD_PM.c **** * Return:
  71:Generated_Source\PSoC5/BCD_PM.c **** *  None
  72:Generated_Source\PSoC5/BCD_PM.c **** *
  73:Generated_Source\PSoC5/BCD_PM.c **** *******************************************************************************/
  74:Generated_Source\PSoC5/BCD_PM.c **** void BCD_Wakeup(void) 
  75:Generated_Source\PSoC5/BCD_PM.c **** {
  73              		.loc 1 75 0
  74              		.cfi_startproc
  75              		@ args = 0, pretend = 0, frame = 0
  76              		@ frame_needed = 0, uses_anonymous_args = 0
  77              		@ link register save eliminated.
  78              	.LVL6:
  76:Generated_Source\PSoC5/BCD_PM.c ****     uint8 i;
  77:Generated_Source\PSoC5/BCD_PM.c ****     
  78:Generated_Source\PSoC5/BCD_PM.c ****     /* Restore the segment buffers */
  79:Generated_Source\PSoC5/BCD_PM.c ****     for(i = 0u; i < BCD_NUM_COM; i++)
  80:Generated_Source\PSoC5/BCD_PM.c ****     {
  81:Generated_Source\PSoC5/BCD_PM.c ****         BCD_segLBuffer[i] = BCD_backup.segLBackup[i];
  79              		.loc 1 81 0
  80 0000 074B     		ldr	r3, .L7
  81 0002 084A     		ldr	r2, .L7+4
  82 0004 5978     		ldrb	r1, [r3, #1]	@ zero_extendqisi2
  83 0006 1170     		strb	r1, [r2]
  84              	.LVL7:
  85 0008 9978     		ldrb	r1, [r3, #2]	@ zero_extendqisi2
  86 000a 5170     		strb	r1, [r2, #1]
  87              	.LVL8:
  88 000c D978     		ldrb	r1, [r3, #3]	@ zero_extendqisi2
  89 000e 9170     		strb	r1, [r2, #2]
  90              	.LVL9:
ARM GAS  C:\Users\Zwe\AppData\Local\Temp\cchCrrca.s 			page 4


  91 0010 1979     		ldrb	r1, [r3, #4]	@ zero_extendqisi2
  82:Generated_Source\PSoC5/BCD_PM.c ****         #if (BCD_NUM_SEG > 8u) 
  83:Generated_Source\PSoC5/BCD_PM.c ****             BCD_segMBuffer[i] = BCD_backup.segMBackup[i];
  84:Generated_Source\PSoC5/BCD_PM.c ****         #endif /* (BCD_NUM_SEG > 8u) */
  85:Generated_Source\PSoC5/BCD_PM.c ****         #if (BCD_NUM_SEG > 16u) 
  86:Generated_Source\PSoC5/BCD_PM.c ****             BCD_segHBuffer[i] = BCD_backup.segHBackup[i];
  87:Generated_Source\PSoC5/BCD_PM.c ****         #endif /* (BCD_NUM_SEG > 16u) */
  88:Generated_Source\PSoC5/BCD_PM.c ****     }
  89:Generated_Source\PSoC5/BCD_PM.c ****     
  90:Generated_Source\PSoC5/BCD_PM.c ****     if(BCD_backup.ledEnableState == BCD_ENABLED)
  92              		.loc 1 90 0
  93 0012 1B78     		ldrb	r3, [r3]	@ zero_extendqisi2
  81:Generated_Source\PSoC5/BCD_PM.c ****         #if (BCD_NUM_SEG > 8u) 
  94              		.loc 1 81 0
  95 0014 D170     		strb	r1, [r2, #3]
  96              	.LVL10:
  97              		.loc 1 90 0
  98 0016 012B     		cmp	r3, #1
  99 0018 01D1     		bne	.L4
  91:Generated_Source\PSoC5/BCD_PM.c ****     {
  92:Generated_Source\PSoC5/BCD_PM.c ****         /* Enable the component */
  93:Generated_Source\PSoC5/BCD_PM.c ****         BCD_Enable();
 100              		.loc 1 93 0
 101 001a FFF7FEBF 		b	BCD_Enable
 102              	.LVL11:
 103              	.L4:
 104 001e 7047     		bx	lr
 105              	.L8:
 106              		.align	2
 107              	.L7:
 108 0020 00000000 		.word	.LANCHOR0
 109 0024 00000000 		.word	BCD_segLBuffer
 110              		.cfi_endproc
 111              	.LFE1:
 112              		.size	BCD_Wakeup, .-BCD_Wakeup
 113              		.bss
 114              		.set	.LANCHOR0,. + 0
 115              		.type	BCD_backup, %object
 116              		.size	BCD_backup, 5
 117              	BCD_backup:
 118 0000 00000000 		.space	5
 118      00
 119              		.text
 120              	.Letext0:
 121              		.file 2 "Generated_Source\\PSoC5\\BCD.h"
 122              		.file 3 "Generated_Source\\PSoC5/cytypes.h"
 123              		.section	.debug_info,"",%progbits
 124              	.Ldebug_info0:
 125 0000 61010000 		.4byte	0x161
 126 0004 0400     		.2byte	0x4
 127 0006 00000000 		.4byte	.Ldebug_abbrev0
 128 000a 04       		.byte	0x4
 129 000b 01       		.uleb128 0x1
 130 000c 0F010000 		.4byte	.LASF24
 131 0010 0C       		.byte	0xc
 132 0011 0F000000 		.4byte	.LASF25
 133 0015 8B000000 		.4byte	.LASF26
ARM GAS  C:\Users\Zwe\AppData\Local\Temp\cchCrrca.s 			page 5


 134 0019 00000000 		.4byte	.Ldebug_ranges0+0
 135 001d 00000000 		.4byte	0
 136 0021 00000000 		.4byte	.Ldebug_line0
 137 0025 02       		.uleb128 0x2
 138 0026 01       		.byte	0x1
 139 0027 06       		.byte	0x6
 140 0028 DD010000 		.4byte	.LASF0
 141 002c 02       		.uleb128 0x2
 142 002d 01       		.byte	0x1
 143 002e 08       		.byte	0x8
 144 002f DE000000 		.4byte	.LASF1
 145 0033 02       		.uleb128 0x2
 146 0034 02       		.byte	0x2
 147 0035 05       		.byte	0x5
 148 0036 B9010000 		.4byte	.LASF2
 149 003a 02       		.uleb128 0x2
 150 003b 02       		.byte	0x2
 151 003c 07       		.byte	0x7
 152 003d CB000000 		.4byte	.LASF3
 153 0041 02       		.uleb128 0x2
 154 0042 04       		.byte	0x4
 155 0043 05       		.byte	0x5
 156 0044 D4010000 		.4byte	.LASF4
 157 0048 02       		.uleb128 0x2
 158 0049 04       		.byte	0x4
 159 004a 07       		.byte	0x7
 160 004b B9000000 		.4byte	.LASF5
 161 004f 02       		.uleb128 0x2
 162 0050 08       		.byte	0x8
 163 0051 05       		.byte	0x5
 164 0052 A6010000 		.4byte	.LASF6
 165 0056 02       		.uleb128 0x2
 166 0057 08       		.byte	0x8
 167 0058 07       		.byte	0x7
 168 0059 74000000 		.4byte	.LASF7
 169 005d 03       		.uleb128 0x3
 170 005e 04       		.byte	0x4
 171 005f 05       		.byte	0x5
 172 0060 696E7400 		.ascii	"int\000"
 173 0064 02       		.uleb128 0x2
 174 0065 04       		.byte	0x4
 175 0066 07       		.byte	0x7
 176 0067 F3000000 		.4byte	.LASF8
 177 006b 04       		.uleb128 0x4
 178 006c C3010000 		.4byte	.LASF15
 179 0070 03       		.byte	0x3
 180 0071 E401     		.2byte	0x1e4
 181 0073 2C000000 		.4byte	0x2c
 182 0077 02       		.uleb128 0x2
 183 0078 04       		.byte	0x4
 184 0079 04       		.byte	0x4
 185 007a 60000000 		.4byte	.LASF9
 186 007e 02       		.uleb128 0x2
 187 007f 08       		.byte	0x8
 188 0080 04       		.byte	0x4
 189 0081 EC000000 		.4byte	.LASF10
 190 0085 02       		.uleb128 0x2
ARM GAS  C:\Users\Zwe\AppData\Local\Temp\cchCrrca.s 			page 6


 191 0086 01       		.byte	0x1
 192 0087 08       		.byte	0x8
 193 0088 B4010000 		.4byte	.LASF11
 194 008c 05       		.uleb128 0x5
 195 008d 05       		.byte	0x5
 196 008e 02       		.byte	0x2
 197 008f 44       		.byte	0x44
 198 0090 AD000000 		.4byte	0xad
 199 0094 06       		.uleb128 0x6
 200 0095 00000000 		.4byte	.LASF12
 201 0099 02       		.byte	0x2
 202 009a 46       		.byte	0x46
 203 009b 6B000000 		.4byte	0x6b
 204 009f 00       		.byte	0
 205 00a0 06       		.uleb128 0x6
 206 00a1 4A000000 		.4byte	.LASF13
 207 00a5 02       		.byte	0x2
 208 00a6 48       		.byte	0x48
 209 00a7 AD000000 		.4byte	0xad
 210 00ab 01       		.byte	0x1
 211 00ac 00       		.byte	0
 212 00ad 07       		.uleb128 0x7
 213 00ae 6B000000 		.4byte	0x6b
 214 00b2 BD000000 		.4byte	0xbd
 215 00b6 08       		.uleb128 0x8
 216 00b7 BD000000 		.4byte	0xbd
 217 00bb 03       		.byte	0x3
 218 00bc 00       		.byte	0
 219 00bd 02       		.uleb128 0x2
 220 00be 04       		.byte	0x4
 221 00bf 07       		.byte	0x7
 222 00c0 9D010000 		.4byte	.LASF14
 223 00c4 09       		.uleb128 0x9
 224 00c5 39000000 		.4byte	.LASF16
 225 00c9 02       		.byte	0x2
 226 00ca 4F       		.byte	0x4f
 227 00cb 8C000000 		.4byte	0x8c
 228 00cf 0A       		.uleb128 0xa
 229 00d0 2F000000 		.4byte	.LASF17
 230 00d4 01       		.byte	0x1
 231 00d5 25       		.byte	0x25
 232 00d6 00000000 		.4byte	.LFB0
 233 00da 2C000000 		.4byte	.LFE0-.LFB0
 234 00de 01       		.uleb128 0x1
 235 00df 9C       		.byte	0x9c
 236 00e0 FB000000 		.4byte	0xfb
 237 00e4 0B       		.uleb128 0xb
 238 00e5 6900     		.ascii	"i\000"
 239 00e7 01       		.byte	0x1
 240 00e8 27       		.byte	0x27
 241 00e9 6B000000 		.4byte	0x6b
 242 00ed 00000000 		.4byte	.LLST0
 243 00f1 0C       		.uleb128 0xc
 244 00f2 1E000000 		.4byte	.LVL5
 245 00f6 4E010000 		.4byte	0x14e
 246 00fa 00       		.byte	0
 247 00fb 0A       		.uleb128 0xa
ARM GAS  C:\Users\Zwe\AppData\Local\Temp\cchCrrca.s 			page 7


 248 00fc AE000000 		.4byte	.LASF18
 249 0100 01       		.byte	0x1
 250 0101 4A       		.byte	0x4a
 251 0102 00000000 		.4byte	.LFB1
 252 0106 28000000 		.4byte	.LFE1-.LFB1
 253 010a 01       		.uleb128 0x1
 254 010b 9C       		.byte	0x9c
 255 010c 27010000 		.4byte	0x127
 256 0110 0B       		.uleb128 0xb
 257 0111 6900     		.ascii	"i\000"
 258 0113 01       		.byte	0x1
 259 0114 4C       		.byte	0x4c
 260 0115 6B000000 		.4byte	0x6b
 261 0119 44000000 		.4byte	.LLST1
 262 011d 0C       		.uleb128 0xc
 263 011e 1E000000 		.4byte	.LVL11
 264 0122 59010000 		.4byte	0x159
 265 0126 00       		.byte	0
 266 0127 0D       		.uleb128 0xd
 267 0128 55000000 		.4byte	.LASF19
 268 012c 01       		.byte	0x1
 269 012d 14       		.byte	0x14
 270 012e C4000000 		.4byte	0xc4
 271 0132 05       		.uleb128 0x5
 272 0133 03       		.byte	0x3
 273 0134 00000000 		.4byte	BCD_backup
 274 0138 0E       		.uleb128 0xe
 275 0139 66000000 		.4byte	.LASF20
 276 013d 02       		.byte	0x2
 277 013e 99       		.byte	0x99
 278 013f 6B000000 		.4byte	0x6b
 279 0143 0E       		.uleb128 0xe
 280 0144 00010000 		.4byte	.LASF21
 281 0148 02       		.byte	0x2
 282 0149 9C       		.byte	0x9c
 283 014a AD000000 		.4byte	0xad
 284 014e 0F       		.uleb128 0xf
 285 014f E9010000 		.4byte	.LASF22
 286 0153 E9010000 		.4byte	.LASF22
 287 0157 02       		.byte	0x2
 288 0158 58       		.byte	0x58
 289 0159 0F       		.uleb128 0xf
 290 015a C9010000 		.4byte	.LASF23
 291 015e C9010000 		.4byte	.LASF23
 292 0162 02       		.byte	0x2
 293 0163 56       		.byte	0x56
 294 0164 00       		.byte	0
 295              		.section	.debug_abbrev,"",%progbits
 296              	.Ldebug_abbrev0:
 297 0000 01       		.uleb128 0x1
 298 0001 11       		.uleb128 0x11
 299 0002 01       		.byte	0x1
 300 0003 25       		.uleb128 0x25
 301 0004 0E       		.uleb128 0xe
 302 0005 13       		.uleb128 0x13
 303 0006 0B       		.uleb128 0xb
 304 0007 03       		.uleb128 0x3
ARM GAS  C:\Users\Zwe\AppData\Local\Temp\cchCrrca.s 			page 8


 305 0008 0E       		.uleb128 0xe
 306 0009 1B       		.uleb128 0x1b
 307 000a 0E       		.uleb128 0xe
 308 000b 55       		.uleb128 0x55
 309 000c 17       		.uleb128 0x17
 310 000d 11       		.uleb128 0x11
 311 000e 01       		.uleb128 0x1
 312 000f 10       		.uleb128 0x10
 313 0010 17       		.uleb128 0x17
 314 0011 00       		.byte	0
 315 0012 00       		.byte	0
 316 0013 02       		.uleb128 0x2
 317 0014 24       		.uleb128 0x24
 318 0015 00       		.byte	0
 319 0016 0B       		.uleb128 0xb
 320 0017 0B       		.uleb128 0xb
 321 0018 3E       		.uleb128 0x3e
 322 0019 0B       		.uleb128 0xb
 323 001a 03       		.uleb128 0x3
 324 001b 0E       		.uleb128 0xe
 325 001c 00       		.byte	0
 326 001d 00       		.byte	0
 327 001e 03       		.uleb128 0x3
 328 001f 24       		.uleb128 0x24
 329 0020 00       		.byte	0
 330 0021 0B       		.uleb128 0xb
 331 0022 0B       		.uleb128 0xb
 332 0023 3E       		.uleb128 0x3e
 333 0024 0B       		.uleb128 0xb
 334 0025 03       		.uleb128 0x3
 335 0026 08       		.uleb128 0x8
 336 0027 00       		.byte	0
 337 0028 00       		.byte	0
 338 0029 04       		.uleb128 0x4
 339 002a 16       		.uleb128 0x16
 340 002b 00       		.byte	0
 341 002c 03       		.uleb128 0x3
 342 002d 0E       		.uleb128 0xe
 343 002e 3A       		.uleb128 0x3a
 344 002f 0B       		.uleb128 0xb
 345 0030 3B       		.uleb128 0x3b
 346 0031 05       		.uleb128 0x5
 347 0032 49       		.uleb128 0x49
 348 0033 13       		.uleb128 0x13
 349 0034 00       		.byte	0
 350 0035 00       		.byte	0
 351 0036 05       		.uleb128 0x5
 352 0037 13       		.uleb128 0x13
 353 0038 01       		.byte	0x1
 354 0039 0B       		.uleb128 0xb
 355 003a 0B       		.uleb128 0xb
 356 003b 3A       		.uleb128 0x3a
 357 003c 0B       		.uleb128 0xb
 358 003d 3B       		.uleb128 0x3b
 359 003e 0B       		.uleb128 0xb
 360 003f 01       		.uleb128 0x1
 361 0040 13       		.uleb128 0x13
ARM GAS  C:\Users\Zwe\AppData\Local\Temp\cchCrrca.s 			page 9


 362 0041 00       		.byte	0
 363 0042 00       		.byte	0
 364 0043 06       		.uleb128 0x6
 365 0044 0D       		.uleb128 0xd
 366 0045 00       		.byte	0
 367 0046 03       		.uleb128 0x3
 368 0047 0E       		.uleb128 0xe
 369 0048 3A       		.uleb128 0x3a
 370 0049 0B       		.uleb128 0xb
 371 004a 3B       		.uleb128 0x3b
 372 004b 0B       		.uleb128 0xb
 373 004c 49       		.uleb128 0x49
 374 004d 13       		.uleb128 0x13
 375 004e 38       		.uleb128 0x38
 376 004f 0B       		.uleb128 0xb
 377 0050 00       		.byte	0
 378 0051 00       		.byte	0
 379 0052 07       		.uleb128 0x7
 380 0053 01       		.uleb128 0x1
 381 0054 01       		.byte	0x1
 382 0055 49       		.uleb128 0x49
 383 0056 13       		.uleb128 0x13
 384 0057 01       		.uleb128 0x1
 385 0058 13       		.uleb128 0x13
 386 0059 00       		.byte	0
 387 005a 00       		.byte	0
 388 005b 08       		.uleb128 0x8
 389 005c 21       		.uleb128 0x21
 390 005d 00       		.byte	0
 391 005e 49       		.uleb128 0x49
 392 005f 13       		.uleb128 0x13
 393 0060 2F       		.uleb128 0x2f
 394 0061 0B       		.uleb128 0xb
 395 0062 00       		.byte	0
 396 0063 00       		.byte	0
 397 0064 09       		.uleb128 0x9
 398 0065 16       		.uleb128 0x16
 399 0066 00       		.byte	0
 400 0067 03       		.uleb128 0x3
 401 0068 0E       		.uleb128 0xe
 402 0069 3A       		.uleb128 0x3a
 403 006a 0B       		.uleb128 0xb
 404 006b 3B       		.uleb128 0x3b
 405 006c 0B       		.uleb128 0xb
 406 006d 49       		.uleb128 0x49
 407 006e 13       		.uleb128 0x13
 408 006f 00       		.byte	0
 409 0070 00       		.byte	0
 410 0071 0A       		.uleb128 0xa
 411 0072 2E       		.uleb128 0x2e
 412 0073 01       		.byte	0x1
 413 0074 3F       		.uleb128 0x3f
 414 0075 19       		.uleb128 0x19
 415 0076 03       		.uleb128 0x3
 416 0077 0E       		.uleb128 0xe
 417 0078 3A       		.uleb128 0x3a
 418 0079 0B       		.uleb128 0xb
ARM GAS  C:\Users\Zwe\AppData\Local\Temp\cchCrrca.s 			page 10


 419 007a 3B       		.uleb128 0x3b
 420 007b 0B       		.uleb128 0xb
 421 007c 27       		.uleb128 0x27
 422 007d 19       		.uleb128 0x19
 423 007e 11       		.uleb128 0x11
 424 007f 01       		.uleb128 0x1
 425 0080 12       		.uleb128 0x12
 426 0081 06       		.uleb128 0x6
 427 0082 40       		.uleb128 0x40
 428 0083 18       		.uleb128 0x18
 429 0084 9742     		.uleb128 0x2117
 430 0086 19       		.uleb128 0x19
 431 0087 01       		.uleb128 0x1
 432 0088 13       		.uleb128 0x13
 433 0089 00       		.byte	0
 434 008a 00       		.byte	0
 435 008b 0B       		.uleb128 0xb
 436 008c 34       		.uleb128 0x34
 437 008d 00       		.byte	0
 438 008e 03       		.uleb128 0x3
 439 008f 08       		.uleb128 0x8
 440 0090 3A       		.uleb128 0x3a
 441 0091 0B       		.uleb128 0xb
 442 0092 3B       		.uleb128 0x3b
 443 0093 0B       		.uleb128 0xb
 444 0094 49       		.uleb128 0x49
 445 0095 13       		.uleb128 0x13
 446 0096 02       		.uleb128 0x2
 447 0097 17       		.uleb128 0x17
 448 0098 00       		.byte	0
 449 0099 00       		.byte	0
 450 009a 0C       		.uleb128 0xc
 451 009b 898201   		.uleb128 0x4109
 452 009e 00       		.byte	0
 453 009f 11       		.uleb128 0x11
 454 00a0 01       		.uleb128 0x1
 455 00a1 9542     		.uleb128 0x2115
 456 00a3 19       		.uleb128 0x19
 457 00a4 31       		.uleb128 0x31
 458 00a5 13       		.uleb128 0x13
 459 00a6 00       		.byte	0
 460 00a7 00       		.byte	0
 461 00a8 0D       		.uleb128 0xd
 462 00a9 34       		.uleb128 0x34
 463 00aa 00       		.byte	0
 464 00ab 03       		.uleb128 0x3
 465 00ac 0E       		.uleb128 0xe
 466 00ad 3A       		.uleb128 0x3a
 467 00ae 0B       		.uleb128 0xb
 468 00af 3B       		.uleb128 0x3b
 469 00b0 0B       		.uleb128 0xb
 470 00b1 49       		.uleb128 0x49
 471 00b2 13       		.uleb128 0x13
 472 00b3 02       		.uleb128 0x2
 473 00b4 18       		.uleb128 0x18
 474 00b5 00       		.byte	0
 475 00b6 00       		.byte	0
ARM GAS  C:\Users\Zwe\AppData\Local\Temp\cchCrrca.s 			page 11


 476 00b7 0E       		.uleb128 0xe
 477 00b8 34       		.uleb128 0x34
 478 00b9 00       		.byte	0
 479 00ba 03       		.uleb128 0x3
 480 00bb 0E       		.uleb128 0xe
 481 00bc 3A       		.uleb128 0x3a
 482 00bd 0B       		.uleb128 0xb
 483 00be 3B       		.uleb128 0x3b
 484 00bf 0B       		.uleb128 0xb
 485 00c0 49       		.uleb128 0x49
 486 00c1 13       		.uleb128 0x13
 487 00c2 3F       		.uleb128 0x3f
 488 00c3 19       		.uleb128 0x19
 489 00c4 3C       		.uleb128 0x3c
 490 00c5 19       		.uleb128 0x19
 491 00c6 00       		.byte	0
 492 00c7 00       		.byte	0
 493 00c8 0F       		.uleb128 0xf
 494 00c9 2E       		.uleb128 0x2e
 495 00ca 00       		.byte	0
 496 00cb 3F       		.uleb128 0x3f
 497 00cc 19       		.uleb128 0x19
 498 00cd 3C       		.uleb128 0x3c
 499 00ce 19       		.uleb128 0x19
 500 00cf 6E       		.uleb128 0x6e
 501 00d0 0E       		.uleb128 0xe
 502 00d1 03       		.uleb128 0x3
 503 00d2 0E       		.uleb128 0xe
 504 00d3 3A       		.uleb128 0x3a
 505 00d4 0B       		.uleb128 0xb
 506 00d5 3B       		.uleb128 0x3b
 507 00d6 0B       		.uleb128 0xb
 508 00d7 00       		.byte	0
 509 00d8 00       		.byte	0
 510 00d9 00       		.byte	0
 511              		.section	.debug_loc,"",%progbits
 512              	.Ldebug_loc0:
 513              	.LLST0:
 514 0000 08000000 		.4byte	.LVL0
 515 0004 0E000000 		.4byte	.LVL1
 516 0008 0200     		.2byte	0x2
 517 000a 30       		.byte	0x30
 518 000b 9F       		.byte	0x9f
 519 000c 0E000000 		.4byte	.LVL1
 520 0010 12000000 		.4byte	.LVL2
 521 0014 0200     		.2byte	0x2
 522 0016 31       		.byte	0x31
 523 0017 9F       		.byte	0x9f
 524 0018 12000000 		.4byte	.LVL2
 525 001c 18000000 		.4byte	.LVL3
 526 0020 0200     		.2byte	0x2
 527 0022 32       		.byte	0x32
 528 0023 9F       		.byte	0x9f
 529 0024 18000000 		.4byte	.LVL3
 530 0028 1A000000 		.4byte	.LVL4
 531 002c 0200     		.2byte	0x2
 532 002e 33       		.byte	0x33
ARM GAS  C:\Users\Zwe\AppData\Local\Temp\cchCrrca.s 			page 12


 533 002f 9F       		.byte	0x9f
 534 0030 1A000000 		.4byte	.LVL4
 535 0034 2C000000 		.4byte	.LFE0
 536 0038 0200     		.2byte	0x2
 537 003a 34       		.byte	0x34
 538 003b 9F       		.byte	0x9f
 539 003c 00000000 		.4byte	0
 540 0040 00000000 		.4byte	0
 541              	.LLST1:
 542 0044 00000000 		.4byte	.LVL6
 543 0048 08000000 		.4byte	.LVL7
 544 004c 0200     		.2byte	0x2
 545 004e 30       		.byte	0x30
 546 004f 9F       		.byte	0x9f
 547 0050 08000000 		.4byte	.LVL7
 548 0054 0C000000 		.4byte	.LVL8
 549 0058 0200     		.2byte	0x2
 550 005a 31       		.byte	0x31
 551 005b 9F       		.byte	0x9f
 552 005c 0C000000 		.4byte	.LVL8
 553 0060 10000000 		.4byte	.LVL9
 554 0064 0200     		.2byte	0x2
 555 0066 32       		.byte	0x32
 556 0067 9F       		.byte	0x9f
 557 0068 10000000 		.4byte	.LVL9
 558 006c 16000000 		.4byte	.LVL10
 559 0070 0200     		.2byte	0x2
 560 0072 33       		.byte	0x33
 561 0073 9F       		.byte	0x9f
 562 0074 16000000 		.4byte	.LVL10
 563 0078 28000000 		.4byte	.LFE1
 564 007c 0200     		.2byte	0x2
 565 007e 34       		.byte	0x34
 566 007f 9F       		.byte	0x9f
 567 0080 00000000 		.4byte	0
 568 0084 00000000 		.4byte	0
 569              		.section	.debug_aranges,"",%progbits
 570 0000 24000000 		.4byte	0x24
 571 0004 0200     		.2byte	0x2
 572 0006 00000000 		.4byte	.Ldebug_info0
 573 000a 04       		.byte	0x4
 574 000b 00       		.byte	0
 575 000c 0000     		.2byte	0
 576 000e 0000     		.2byte	0
 577 0010 00000000 		.4byte	.LFB0
 578 0014 2C000000 		.4byte	.LFE0-.LFB0
 579 0018 00000000 		.4byte	.LFB1
 580 001c 28000000 		.4byte	.LFE1-.LFB1
 581 0020 00000000 		.4byte	0
 582 0024 00000000 		.4byte	0
 583              		.section	.debug_ranges,"",%progbits
 584              	.Ldebug_ranges0:
 585 0000 00000000 		.4byte	.LFB0
 586 0004 2C000000 		.4byte	.LFE0
 587 0008 00000000 		.4byte	.LFB1
 588 000c 28000000 		.4byte	.LFE1
 589 0010 00000000 		.4byte	0
ARM GAS  C:\Users\Zwe\AppData\Local\Temp\cchCrrca.s 			page 13


 590 0014 00000000 		.4byte	0
 591              		.section	.debug_line,"",%progbits
 592              	.Ldebug_line0:
 593 0000 81000000 		.section	.debug_str,"MS",%progbits,1
 593      02004C00 
 593      00000201 
 593      FB0E0D00 
 593      01010101 
 594              	.LASF12:
 595 0000 6C656445 		.ascii	"ledEnableState\000"
 595      6E61626C 
 595      65537461 
 595      746500
 596              	.LASF25:
 597 000f 47656E65 		.ascii	"Generated_Source\\PSoC5\\BCD_PM.c\000"
 597      72617465 
 597      645F536F 
 597      75726365 
 597      5C50536F 
 598              	.LASF17:
 599 002f 4243445F 		.ascii	"BCD_Sleep\000"
 599      536C6565 
 599      7000
 600              	.LASF16:
 601 0039 4243445F 		.ascii	"BCD_backupStruct\000"
 601      6261636B 
 601      75705374 
 601      72756374 
 601      00
 602              	.LASF13:
 603 004a 7365674C 		.ascii	"segLBackup\000"
 603      4261636B 
 603      757000
 604              	.LASF19:
 605 0055 4243445F 		.ascii	"BCD_backup\000"
 605      6261636B 
 605      757000
 606              	.LASF9:
 607 0060 666C6F61 		.ascii	"float\000"
 607      7400
 608              	.LASF20:
 609 0066 4243445F 		.ascii	"BCD_enableVar\000"
 609      656E6162 
 609      6C655661 
 609      7200
 610              	.LASF7:
 611 0074 6C6F6E67 		.ascii	"long long unsigned int\000"
 611      206C6F6E 
 611      6720756E 
 611      7369676E 
 611      65642069 
 612              	.LASF26:
 613 008b 453A5C54 		.ascii	"E:\\TRC3500\\Psoc\\BCD\\Design01.cydsn\000"
 613      52433335 
 613      30305C50 
 613      736F635C 
 613      4243445C 
ARM GAS  C:\Users\Zwe\AppData\Local\Temp\cchCrrca.s 			page 14


 614              	.LASF18:
 615 00ae 4243445F 		.ascii	"BCD_Wakeup\000"
 615      57616B65 
 615      757000
 616              	.LASF5:
 617 00b9 6C6F6E67 		.ascii	"long unsigned int\000"
 617      20756E73 
 617      69676E65 
 617      6420696E 
 617      7400
 618              	.LASF3:
 619 00cb 73686F72 		.ascii	"short unsigned int\000"
 619      7420756E 
 619      7369676E 
 619      65642069 
 619      6E7400
 620              	.LASF1:
 621 00de 756E7369 		.ascii	"unsigned char\000"
 621      676E6564 
 621      20636861 
 621      7200
 622              	.LASF10:
 623 00ec 646F7562 		.ascii	"double\000"
 623      6C6500
 624              	.LASF8:
 625 00f3 756E7369 		.ascii	"unsigned int\000"
 625      676E6564 
 625      20696E74 
 625      00
 626              	.LASF21:
 627 0100 4243445F 		.ascii	"BCD_segLBuffer\000"
 627      7365674C 
 627      42756666 
 627      657200
 628              	.LASF24:
 629 010f 474E5520 		.ascii	"GNU C11 5.4.1 20160609 (release) [ARM/embedded-5-br"
 629      43313120 
 629      352E342E 
 629      31203230 
 629      31363036 
 630 0142 616E6368 		.ascii	"anch revision 237715] -mcpu=cortex-m3 -mthumb -g -O"
 630      20726576 
 630      6973696F 
 630      6E203233 
 630      37373135 
 631 0175 73202D66 		.ascii	"s -ffunction-sections -ffat-lto-objects\000"
 631      66756E63 
 631      74696F6E 
 631      2D736563 
 631      74696F6E 
 632              	.LASF14:
 633 019d 73697A65 		.ascii	"sizetype\000"
 633      74797065 
 633      00
 634              	.LASF6:
 635 01a6 6C6F6E67 		.ascii	"long long int\000"
 635      206C6F6E 
ARM GAS  C:\Users\Zwe\AppData\Local\Temp\cchCrrca.s 			page 15


 635      6720696E 
 635      7400
 636              	.LASF11:
 637 01b4 63686172 		.ascii	"char\000"
 637      00
 638              	.LASF2:
 639 01b9 73686F72 		.ascii	"short int\000"
 639      7420696E 
 639      7400
 640              	.LASF15:
 641 01c3 75696E74 		.ascii	"uint8\000"
 641      3800
 642              	.LASF23:
 643 01c9 4243445F 		.ascii	"BCD_Enable\000"
 643      456E6162 
 643      6C6500
 644              	.LASF4:
 645 01d4 6C6F6E67 		.ascii	"long int\000"
 645      20696E74 
 645      00
 646              	.LASF0:
 647 01dd 7369676E 		.ascii	"signed char\000"
 647      65642063 
 647      68617200 
 648              	.LASF22:
 649 01e9 4243445F 		.ascii	"BCD_Stop\000"
 649      53746F70 
 649      00
 650              		.ident	"GCC: (GNU Tools for ARM Embedded Processors) 5.4.1 20160609 (release) [ARM/embedded-5-bran
