ARM GAS  C:\Users\Zwe\AppData\Local\Temp\ccE9XfsQ.s 			page 1


   1              		.syntax unified
   2              		.cpu cortex-m3
   3              		.fpu softvfp
   4              		.eabi_attribute 20, 1
   5              		.eabi_attribute 21, 1
   6              		.eabi_attribute 23, 3
   7              		.eabi_attribute 24, 1
   8              		.eabi_attribute 25, 1
   9              		.eabi_attribute 26, 1
  10              		.eabi_attribute 30, 4
  11              		.eabi_attribute 34, 1
  12              		.eabi_attribute 18, 4
  13              		.thumb
  14              		.syntax unified
  15              		.file	"Com.c"
  16              		.text
  17              	.Ltext0:
  18              		.cfi_sections	.debug_frame
  19              		.section	.text.Com_Write,"ax",%progbits
  20              		.align	1
  21              		.global	Com_Write
  22              		.thumb
  23              		.thumb_func
  24              		.type	Com_Write, %function
  25              	Com_Write:
  26              	.LFB0:
  27              		.file 1 "Generated_Source\\PSoC5\\Com.c"
   1:Generated_Source\PSoC5/Com.c **** /*******************************************************************************
   2:Generated_Source\PSoC5/Com.c **** * File Name: Com.c  
   3:Generated_Source\PSoC5/Com.c **** * Version 2.20
   4:Generated_Source\PSoC5/Com.c **** *
   5:Generated_Source\PSoC5/Com.c **** * Description:
   6:Generated_Source\PSoC5/Com.c **** *  This file contains API to enable firmware control of a Pins component.
   7:Generated_Source\PSoC5/Com.c **** *
   8:Generated_Source\PSoC5/Com.c **** * Note:
   9:Generated_Source\PSoC5/Com.c **** *
  10:Generated_Source\PSoC5/Com.c **** ********************************************************************************
  11:Generated_Source\PSoC5/Com.c **** * Copyright 2008-2015, Cypress Semiconductor Corporation.  All rights reserved.
  12:Generated_Source\PSoC5/Com.c **** * You may use this file only in accordance with the license, terms, conditions, 
  13:Generated_Source\PSoC5/Com.c **** * disclaimers, and limitations in the end user license agreement accompanying 
  14:Generated_Source\PSoC5/Com.c **** * the software package with which this file was provided.
  15:Generated_Source\PSoC5/Com.c **** *******************************************************************************/
  16:Generated_Source\PSoC5/Com.c **** 
  17:Generated_Source\PSoC5/Com.c **** #include "cytypes.h"
  18:Generated_Source\PSoC5/Com.c **** #include "Com.h"
  19:Generated_Source\PSoC5/Com.c **** 
  20:Generated_Source\PSoC5/Com.c **** /* APIs are not generated for P15[7:6] on PSoC 5 */
  21:Generated_Source\PSoC5/Com.c **** #if !(CY_PSOC5A &&\
  22:Generated_Source\PSoC5/Com.c **** 	 Com__PORT == 15 && ((Com__MASK & 0xC0) != 0))
  23:Generated_Source\PSoC5/Com.c **** 
  24:Generated_Source\PSoC5/Com.c **** 
  25:Generated_Source\PSoC5/Com.c **** /*******************************************************************************
  26:Generated_Source\PSoC5/Com.c **** * Function Name: Com_Write
  27:Generated_Source\PSoC5/Com.c **** ****************************************************************************//**
  28:Generated_Source\PSoC5/Com.c **** *
  29:Generated_Source\PSoC5/Com.c **** * \brief Writes the value to the physical port (data output register), masking
  30:Generated_Source\PSoC5/Com.c **** *  and shifting the bits appropriately. 
ARM GAS  C:\Users\Zwe\AppData\Local\Temp\ccE9XfsQ.s 			page 2


  31:Generated_Source\PSoC5/Com.c **** *
  32:Generated_Source\PSoC5/Com.c **** * The data output register controls the signal applied to the physical pin in 
  33:Generated_Source\PSoC5/Com.c **** * conjunction with the drive mode parameter. This function avoids changing 
  34:Generated_Source\PSoC5/Com.c **** * other bits in the port by using the appropriate method (read-modify-write or
  35:Generated_Source\PSoC5/Com.c **** * bit banding).
  36:Generated_Source\PSoC5/Com.c **** *
  37:Generated_Source\PSoC5/Com.c **** * <b>Note</b> This function should not be used on a hardware digital output pin 
  38:Generated_Source\PSoC5/Com.c **** * as it is driven by the hardware signal attached to it.
  39:Generated_Source\PSoC5/Com.c **** *
  40:Generated_Source\PSoC5/Com.c **** * \param value
  41:Generated_Source\PSoC5/Com.c **** *  Value to write to the component instance.
  42:Generated_Source\PSoC5/Com.c **** *
  43:Generated_Source\PSoC5/Com.c **** * \return 
  44:Generated_Source\PSoC5/Com.c **** *  None 
  45:Generated_Source\PSoC5/Com.c **** *
  46:Generated_Source\PSoC5/Com.c **** * \sideeffect
  47:Generated_Source\PSoC5/Com.c **** *  If you use read-modify-write operations that are not atomic; the Interrupt 
  48:Generated_Source\PSoC5/Com.c **** *  Service Routines (ISR) can cause corruption of this function. An ISR that 
  49:Generated_Source\PSoC5/Com.c **** *  interrupts this function and performs writes to the Pins component data 
  50:Generated_Source\PSoC5/Com.c **** *  register can cause corrupted port data. To avoid this issue, you should 
  51:Generated_Source\PSoC5/Com.c **** *  either use the Per-Pin APIs (primary method) or disable interrupts around 
  52:Generated_Source\PSoC5/Com.c **** *  this function.
  53:Generated_Source\PSoC5/Com.c **** *
  54:Generated_Source\PSoC5/Com.c **** * \funcusage
  55:Generated_Source\PSoC5/Com.c **** *  \snippet Com_SUT.c usage_Com_Write
  56:Generated_Source\PSoC5/Com.c **** *******************************************************************************/
  57:Generated_Source\PSoC5/Com.c **** void Com_Write(uint8 value)
  58:Generated_Source\PSoC5/Com.c **** {
  28              		.loc 1 58 0
  29              		.cfi_startproc
  30              		@ args = 0, pretend = 0, frame = 0
  31              		@ frame_needed = 0, uses_anonymous_args = 0
  32              		@ link register save eliminated.
  33              	.LVL0:
  59:Generated_Source\PSoC5/Com.c ****     uint8 staticBits = (Com_DR & (uint8)(~Com_MASK));
  34              		.loc 1 59 0
  35 0000 044A     		ldr	r2, .L2
  60:Generated_Source\PSoC5/Com.c ****     Com_DR = staticBits | ((uint8)(value << Com_SHIFT) & Com_MASK);
  36              		.loc 1 60 0
  37 0002 00F00F00 		and	r0, r0, #15
  38              	.LVL1:
  59:Generated_Source\PSoC5/Com.c ****     uint8 staticBits = (Com_DR & (uint8)(~Com_MASK));
  39              		.loc 1 59 0
  40 0006 1378     		ldrb	r3, [r2]	@ zero_extendqisi2
  41              	.LVL2:
  42              		.loc 1 60 0
  43 0008 03F0F003 		and	r3, r3, #240
  44              	.LVL3:
  45 000c 1843     		orrs	r0, r0, r3
  46 000e 1070     		strb	r0, [r2]
  47 0010 7047     		bx	lr
  48              	.L3:
  49 0012 00BF     		.align	2
  50              	.L2:
  51 0014 00510040 		.word	1073762560
  52              		.cfi_endproc
  53              	.LFE0:
ARM GAS  C:\Users\Zwe\AppData\Local\Temp\ccE9XfsQ.s 			page 3


  54              		.size	Com_Write, .-Com_Write
  55              		.section	.text.Com_SetDriveMode,"ax",%progbits
  56              		.align	1
  57              		.global	Com_SetDriveMode
  58              		.thumb
  59              		.thumb_func
  60              		.type	Com_SetDriveMode, %function
  61              	Com_SetDriveMode:
  62              	.LFB1:
  61:Generated_Source\PSoC5/Com.c **** }
  62:Generated_Source\PSoC5/Com.c **** 
  63:Generated_Source\PSoC5/Com.c **** 
  64:Generated_Source\PSoC5/Com.c **** /*******************************************************************************
  65:Generated_Source\PSoC5/Com.c **** * Function Name: Com_SetDriveMode
  66:Generated_Source\PSoC5/Com.c **** ****************************************************************************//**
  67:Generated_Source\PSoC5/Com.c **** *
  68:Generated_Source\PSoC5/Com.c **** * \brief Sets the drive mode for each of the Pins component's pins.
  69:Generated_Source\PSoC5/Com.c **** * 
  70:Generated_Source\PSoC5/Com.c **** * <b>Note</b> This affects all pins in the Pins component instance. Use the
  71:Generated_Source\PSoC5/Com.c **** * Per-Pin APIs if you wish to control individual pin's drive modes.
  72:Generated_Source\PSoC5/Com.c **** *
  73:Generated_Source\PSoC5/Com.c **** * \param mode
  74:Generated_Source\PSoC5/Com.c **** *  Mode for the selected signals. Valid options are documented in 
  75:Generated_Source\PSoC5/Com.c **** *  \ref driveMode.
  76:Generated_Source\PSoC5/Com.c **** *
  77:Generated_Source\PSoC5/Com.c **** * \return
  78:Generated_Source\PSoC5/Com.c **** *  None
  79:Generated_Source\PSoC5/Com.c **** *
  80:Generated_Source\PSoC5/Com.c **** * \sideeffect
  81:Generated_Source\PSoC5/Com.c **** *  If you use read-modify-write operations that are not atomic, the ISR can
  82:Generated_Source\PSoC5/Com.c **** *  cause corruption of this function. An ISR that interrupts this function 
  83:Generated_Source\PSoC5/Com.c **** *  and performs writes to the Pins component Drive Mode registers can cause 
  84:Generated_Source\PSoC5/Com.c **** *  corrupted port data. To avoid this issue, you should either use the Per-Pin
  85:Generated_Source\PSoC5/Com.c **** *  APIs (primary method) or disable interrupts around this function.
  86:Generated_Source\PSoC5/Com.c **** *
  87:Generated_Source\PSoC5/Com.c **** * \funcusage
  88:Generated_Source\PSoC5/Com.c **** *  \snippet Com_SUT.c usage_Com_SetDriveMode
  89:Generated_Source\PSoC5/Com.c **** *******************************************************************************/
  90:Generated_Source\PSoC5/Com.c **** void Com_SetDriveMode(uint8 mode)
  91:Generated_Source\PSoC5/Com.c **** {
  63              		.loc 1 91 0
  64              		.cfi_startproc
  65              		@ args = 0, pretend = 0, frame = 0
  66              		@ frame_needed = 0, uses_anonymous_args = 0
  67              		@ link register save eliminated.
  68              	.LVL4:
  92:Generated_Source\PSoC5/Com.c **** 	CyPins_SetPinDriveMode(Com_0, mode);
  69              		.loc 1 92 0
  70 0000 0B4A     		ldr	r2, .L5
  71 0002 00F00E00 		and	r0, r0, #14
  72              	.LVL5:
  73 0006 1378     		ldrb	r3, [r2]	@ zero_extendqisi2
  74 0008 03F0F103 		and	r3, r3, #241
  75 000c 0343     		orrs	r3, r3, r0
  76 000e 1370     		strb	r3, [r2]
  93:Generated_Source\PSoC5/Com.c **** 	CyPins_SetPinDriveMode(Com_1, mode);
  77              		.loc 1 93 0
ARM GAS  C:\Users\Zwe\AppData\Local\Temp\ccE9XfsQ.s 			page 4


  78 0010 5378     		ldrb	r3, [r2, #1]	@ zero_extendqisi2
  79 0012 03F0F103 		and	r3, r3, #241
  80 0016 0343     		orrs	r3, r3, r0
  81 0018 5370     		strb	r3, [r2, #1]
  94:Generated_Source\PSoC5/Com.c **** 	CyPins_SetPinDriveMode(Com_2, mode);
  82              		.loc 1 94 0
  83 001a 9378     		ldrb	r3, [r2, #2]	@ zero_extendqisi2
  84 001c 03F0F103 		and	r3, r3, #241
  85 0020 0343     		orrs	r3, r3, r0
  86 0022 9370     		strb	r3, [r2, #2]
  95:Generated_Source\PSoC5/Com.c **** 	CyPins_SetPinDriveMode(Com_3, mode);
  87              		.loc 1 95 0
  88 0024 D378     		ldrb	r3, [r2, #3]	@ zero_extendqisi2
  89 0026 03F0F103 		and	r3, r3, #241
  90 002a 1843     		orrs	r0, r0, r3
  91 002c D070     		strb	r0, [r2, #3]
  92 002e 7047     		bx	lr
  93              	.L6:
  94              		.align	2
  95              	.L5:
  96 0030 00500040 		.word	1073762304
  97              		.cfi_endproc
  98              	.LFE1:
  99              		.size	Com_SetDriveMode, .-Com_SetDriveMode
 100              		.section	.text.Com_Read,"ax",%progbits
 101              		.align	1
 102              		.global	Com_Read
 103              		.thumb
 104              		.thumb_func
 105              		.type	Com_Read, %function
 106              	Com_Read:
 107              	.LFB2:
  96:Generated_Source\PSoC5/Com.c **** }
  97:Generated_Source\PSoC5/Com.c **** 
  98:Generated_Source\PSoC5/Com.c **** 
  99:Generated_Source\PSoC5/Com.c **** /*******************************************************************************
 100:Generated_Source\PSoC5/Com.c **** * Function Name: Com_Read
 101:Generated_Source\PSoC5/Com.c **** ****************************************************************************//**
 102:Generated_Source\PSoC5/Com.c **** *
 103:Generated_Source\PSoC5/Com.c **** * \brief Reads the associated physical port (pin status register) and masks 
 104:Generated_Source\PSoC5/Com.c **** *  the required bits according to the width and bit position of the component
 105:Generated_Source\PSoC5/Com.c **** *  instance. 
 106:Generated_Source\PSoC5/Com.c **** *
 107:Generated_Source\PSoC5/Com.c **** * The pin's status register returns the current logic level present on the 
 108:Generated_Source\PSoC5/Com.c **** * physical pin.
 109:Generated_Source\PSoC5/Com.c **** *
 110:Generated_Source\PSoC5/Com.c **** * \return 
 111:Generated_Source\PSoC5/Com.c **** *  The current value for the pins in the component as a right justified number.
 112:Generated_Source\PSoC5/Com.c **** *
 113:Generated_Source\PSoC5/Com.c **** * \funcusage
 114:Generated_Source\PSoC5/Com.c **** *  \snippet Com_SUT.c usage_Com_Read  
 115:Generated_Source\PSoC5/Com.c **** *******************************************************************************/
 116:Generated_Source\PSoC5/Com.c **** uint8 Com_Read(void)
 117:Generated_Source\PSoC5/Com.c **** {
 108              		.loc 1 117 0
 109              		.cfi_startproc
 110              		@ args = 0, pretend = 0, frame = 0
ARM GAS  C:\Users\Zwe\AppData\Local\Temp\ccE9XfsQ.s 			page 5


 111              		@ frame_needed = 0, uses_anonymous_args = 0
 112              		@ link register save eliminated.
 118:Generated_Source\PSoC5/Com.c ****     return (Com_PS & Com_MASK) >> Com_SHIFT;
 113              		.loc 1 118 0
 114 0000 024B     		ldr	r3, .L8
 115 0002 1878     		ldrb	r0, [r3]	@ zero_extendqisi2
 119:Generated_Source\PSoC5/Com.c **** }
 116              		.loc 1 119 0
 117 0004 00F00F00 		and	r0, r0, #15
 118 0008 7047     		bx	lr
 119              	.L9:
 120 000a 00BF     		.align	2
 121              	.L8:
 122 000c 01510040 		.word	1073762561
 123              		.cfi_endproc
 124              	.LFE2:
 125              		.size	Com_Read, .-Com_Read
 126              		.section	.text.Com_ReadDataReg,"ax",%progbits
 127              		.align	1
 128              		.global	Com_ReadDataReg
 129              		.thumb
 130              		.thumb_func
 131              		.type	Com_ReadDataReg, %function
 132              	Com_ReadDataReg:
 133              	.LFB3:
 120:Generated_Source\PSoC5/Com.c **** 
 121:Generated_Source\PSoC5/Com.c **** 
 122:Generated_Source\PSoC5/Com.c **** /*******************************************************************************
 123:Generated_Source\PSoC5/Com.c **** * Function Name: Com_ReadDataReg
 124:Generated_Source\PSoC5/Com.c **** ****************************************************************************//**
 125:Generated_Source\PSoC5/Com.c **** *
 126:Generated_Source\PSoC5/Com.c **** * \brief Reads the associated physical port's data output register and masks 
 127:Generated_Source\PSoC5/Com.c **** *  the correct bits according to the width and bit position of the component 
 128:Generated_Source\PSoC5/Com.c **** *  instance. 
 129:Generated_Source\PSoC5/Com.c **** *
 130:Generated_Source\PSoC5/Com.c **** * The data output register controls the signal applied to the physical pin in 
 131:Generated_Source\PSoC5/Com.c **** * conjunction with the drive mode parameter. This is not the same as the 
 132:Generated_Source\PSoC5/Com.c **** * preferred Com_Read() API because the 
 133:Generated_Source\PSoC5/Com.c **** * Com_ReadDataReg() reads the data register instead of the status 
 134:Generated_Source\PSoC5/Com.c **** * register. For output pins this is a useful function to determine the value 
 135:Generated_Source\PSoC5/Com.c **** * just written to the pin.
 136:Generated_Source\PSoC5/Com.c **** *
 137:Generated_Source\PSoC5/Com.c **** * \return 
 138:Generated_Source\PSoC5/Com.c **** *  The current value of the data register masked and shifted into a right 
 139:Generated_Source\PSoC5/Com.c **** *  justified number for the component instance.
 140:Generated_Source\PSoC5/Com.c **** *
 141:Generated_Source\PSoC5/Com.c **** * \funcusage
 142:Generated_Source\PSoC5/Com.c **** *  \snippet Com_SUT.c usage_Com_ReadDataReg 
 143:Generated_Source\PSoC5/Com.c **** *******************************************************************************/
 144:Generated_Source\PSoC5/Com.c **** uint8 Com_ReadDataReg(void)
 145:Generated_Source\PSoC5/Com.c **** {
 134              		.loc 1 145 0
 135              		.cfi_startproc
 136              		@ args = 0, pretend = 0, frame = 0
 137              		@ frame_needed = 0, uses_anonymous_args = 0
 138              		@ link register save eliminated.
 146:Generated_Source\PSoC5/Com.c ****     return (Com_DR & Com_MASK) >> Com_SHIFT;
ARM GAS  C:\Users\Zwe\AppData\Local\Temp\ccE9XfsQ.s 			page 6


 139              		.loc 1 146 0
 140 0000 024B     		ldr	r3, .L11
 141 0002 1878     		ldrb	r0, [r3]	@ zero_extendqisi2
 147:Generated_Source\PSoC5/Com.c **** }
 142              		.loc 1 147 0
 143 0004 00F00F00 		and	r0, r0, #15
 144 0008 7047     		bx	lr
 145              	.L12:
 146 000a 00BF     		.align	2
 147              	.L11:
 148 000c 00510040 		.word	1073762560
 149              		.cfi_endproc
 150              	.LFE3:
 151              		.size	Com_ReadDataReg, .-Com_ReadDataReg
 152              		.text
 153              	.Letext0:
 154              		.file 2 "Generated_Source\\PSoC5\\cytypes.h"
 155              		.section	.debug_info,"",%progbits
 156              	.Ldebug_info0:
 157 0000 1D010000 		.4byte	0x11d
 158 0004 0400     		.2byte	0x4
 159 0006 00000000 		.4byte	.Ldebug_abbrev0
 160 000a 04       		.byte	0x4
 161 000b 01       		.uleb128 0x1
 162 000c EE000000 		.4byte	.LASF20
 163 0010 0C       		.byte	0xc
 164 0011 00000000 		.4byte	.LASF21
 165 0015 6C000000 		.4byte	.LASF22
 166 0019 00000000 		.4byte	.Ldebug_ranges0+0
 167 001d 00000000 		.4byte	0
 168 0021 00000000 		.4byte	.Ldebug_line0
 169 0025 02       		.uleb128 0x2
 170 0026 01       		.byte	0x1
 171 0027 06       		.byte	0x6
 172 0028 AD010000 		.4byte	.LASF0
 173 002c 02       		.uleb128 0x2
 174 002d 01       		.byte	0x1
 175 002e 08       		.byte	0x8
 176 002f C3000000 		.4byte	.LASF1
 177 0033 02       		.uleb128 0x2
 178 0034 02       		.byte	0x2
 179 0035 05       		.byte	0x5
 180 0036 94010000 		.4byte	.LASF2
 181 003a 02       		.uleb128 0x2
 182 003b 02       		.byte	0x2
 183 003c 07       		.byte	0x7
 184 003d B0000000 		.4byte	.LASF3
 185 0041 02       		.uleb128 0x2
 186 0042 04       		.byte	0x4
 187 0043 05       		.byte	0x5
 188 0044 A4010000 		.4byte	.LASF4
 189 0048 02       		.uleb128 0x2
 190 0049 04       		.byte	0x4
 191 004a 07       		.byte	0x7
 192 004b 9E000000 		.4byte	.LASF5
 193 004f 02       		.uleb128 0x2
 194 0050 08       		.byte	0x8
ARM GAS  C:\Users\Zwe\AppData\Local\Temp\ccE9XfsQ.s 			page 7


 195 0051 05       		.byte	0x5
 196 0052 81010000 		.4byte	.LASF6
 197 0056 02       		.uleb128 0x2
 198 0057 08       		.byte	0x8
 199 0058 07       		.byte	0x7
 200 0059 55000000 		.4byte	.LASF7
 201 005d 03       		.uleb128 0x3
 202 005e 04       		.byte	0x4
 203 005f 05       		.byte	0x5
 204 0060 696E7400 		.ascii	"int\000"
 205 0064 02       		.uleb128 0x2
 206 0065 04       		.byte	0x4
 207 0066 07       		.byte	0x7
 208 0067 E1000000 		.4byte	.LASF8
 209 006b 04       		.uleb128 0x4
 210 006c 9E010000 		.4byte	.LASF12
 211 0070 02       		.byte	0x2
 212 0071 E401     		.2byte	0x1e4
 213 0073 2C000000 		.4byte	0x2c
 214 0077 02       		.uleb128 0x2
 215 0078 04       		.byte	0x4
 216 0079 04       		.byte	0x4
 217 007a 4F000000 		.4byte	.LASF9
 218 007e 02       		.uleb128 0x2
 219 007f 08       		.byte	0x8
 220 0080 04       		.byte	0x4
 221 0081 D1000000 		.4byte	.LASF10
 222 0085 02       		.uleb128 0x2
 223 0086 01       		.byte	0x1
 224 0087 08       		.byte	0x8
 225 0088 8F010000 		.4byte	.LASF11
 226 008c 04       		.uleb128 0x4
 227 008d 8F000000 		.4byte	.LASF13
 228 0091 02       		.byte	0x2
 229 0092 8E02     		.2byte	0x28e
 230 0094 98000000 		.4byte	0x98
 231 0098 05       		.uleb128 0x5
 232 0099 6B000000 		.4byte	0x6b
 233 009d 06       		.uleb128 0x6
 234 009e 94000000 		.4byte	.LASF14
 235 00a2 01       		.byte	0x1
 236 00a3 39       		.byte	0x39
 237 00a4 00000000 		.4byte	.LFB0
 238 00a8 18000000 		.4byte	.LFE0-.LFB0
 239 00ac 01       		.uleb128 0x1
 240 00ad 9C       		.byte	0x9c
 241 00ae D1000000 		.4byte	0xd1
 242 00b2 07       		.uleb128 0x7
 243 00b3 3E000000 		.4byte	.LASF16
 244 00b7 01       		.byte	0x1
 245 00b8 39       		.byte	0x39
 246 00b9 6B000000 		.4byte	0x6b
 247 00bd 00000000 		.4byte	.LLST0
 248 00c1 08       		.uleb128 0x8
 249 00c2 44000000 		.4byte	.LASF23
 250 00c6 01       		.byte	0x1
 251 00c7 3B       		.byte	0x3b
ARM GAS  C:\Users\Zwe\AppData\Local\Temp\ccE9XfsQ.s 			page 8


 252 00c8 6B000000 		.4byte	0x6b
 253 00cc 21000000 		.4byte	.LLST1
 254 00d0 00       		.byte	0
 255 00d1 06       		.uleb128 0x6
 256 00d2 1D000000 		.4byte	.LASF15
 257 00d6 01       		.byte	0x1
 258 00d7 5A       		.byte	0x5a
 259 00d8 00000000 		.4byte	.LFB1
 260 00dc 34000000 		.4byte	.LFE1-.LFB1
 261 00e0 01       		.uleb128 0x1
 262 00e1 9C       		.byte	0x9c
 263 00e2 F6000000 		.4byte	0xf6
 264 00e6 07       		.uleb128 0x7
 265 00e7 7C010000 		.4byte	.LASF17
 266 00eb 01       		.byte	0x1
 267 00ec 5A       		.byte	0x5a
 268 00ed 6B000000 		.4byte	0x6b
 269 00f1 39000000 		.4byte	.LLST2
 270 00f5 00       		.byte	0
 271 00f6 09       		.uleb128 0x9
 272 00f7 D8000000 		.4byte	.LASF18
 273 00fb 01       		.byte	0x1
 274 00fc 74       		.byte	0x74
 275 00fd 6B000000 		.4byte	0x6b
 276 0101 00000000 		.4byte	.LFB2
 277 0105 10000000 		.4byte	.LFE2-.LFB2
 278 0109 01       		.uleb128 0x1
 279 010a 9C       		.byte	0x9c
 280 010b 09       		.uleb128 0x9
 281 010c 2E000000 		.4byte	.LASF19
 282 0110 01       		.byte	0x1
 283 0111 90       		.byte	0x90
 284 0112 6B000000 		.4byte	0x6b
 285 0116 00000000 		.4byte	.LFB3
 286 011a 10000000 		.4byte	.LFE3-.LFB3
 287 011e 01       		.uleb128 0x1
 288 011f 9C       		.byte	0x9c
 289 0120 00       		.byte	0
 290              		.section	.debug_abbrev,"",%progbits
 291              	.Ldebug_abbrev0:
 292 0000 01       		.uleb128 0x1
 293 0001 11       		.uleb128 0x11
 294 0002 01       		.byte	0x1
 295 0003 25       		.uleb128 0x25
 296 0004 0E       		.uleb128 0xe
 297 0005 13       		.uleb128 0x13
 298 0006 0B       		.uleb128 0xb
 299 0007 03       		.uleb128 0x3
 300 0008 0E       		.uleb128 0xe
 301 0009 1B       		.uleb128 0x1b
 302 000a 0E       		.uleb128 0xe
 303 000b 55       		.uleb128 0x55
 304 000c 17       		.uleb128 0x17
 305 000d 11       		.uleb128 0x11
 306 000e 01       		.uleb128 0x1
 307 000f 10       		.uleb128 0x10
 308 0010 17       		.uleb128 0x17
ARM GAS  C:\Users\Zwe\AppData\Local\Temp\ccE9XfsQ.s 			page 9


 309 0011 00       		.byte	0
 310 0012 00       		.byte	0
 311 0013 02       		.uleb128 0x2
 312 0014 24       		.uleb128 0x24
 313 0015 00       		.byte	0
 314 0016 0B       		.uleb128 0xb
 315 0017 0B       		.uleb128 0xb
 316 0018 3E       		.uleb128 0x3e
 317 0019 0B       		.uleb128 0xb
 318 001a 03       		.uleb128 0x3
 319 001b 0E       		.uleb128 0xe
 320 001c 00       		.byte	0
 321 001d 00       		.byte	0
 322 001e 03       		.uleb128 0x3
 323 001f 24       		.uleb128 0x24
 324 0020 00       		.byte	0
 325 0021 0B       		.uleb128 0xb
 326 0022 0B       		.uleb128 0xb
 327 0023 3E       		.uleb128 0x3e
 328 0024 0B       		.uleb128 0xb
 329 0025 03       		.uleb128 0x3
 330 0026 08       		.uleb128 0x8
 331 0027 00       		.byte	0
 332 0028 00       		.byte	0
 333 0029 04       		.uleb128 0x4
 334 002a 16       		.uleb128 0x16
 335 002b 00       		.byte	0
 336 002c 03       		.uleb128 0x3
 337 002d 0E       		.uleb128 0xe
 338 002e 3A       		.uleb128 0x3a
 339 002f 0B       		.uleb128 0xb
 340 0030 3B       		.uleb128 0x3b
 341 0031 05       		.uleb128 0x5
 342 0032 49       		.uleb128 0x49
 343 0033 13       		.uleb128 0x13
 344 0034 00       		.byte	0
 345 0035 00       		.byte	0
 346 0036 05       		.uleb128 0x5
 347 0037 35       		.uleb128 0x35
 348 0038 00       		.byte	0
 349 0039 49       		.uleb128 0x49
 350 003a 13       		.uleb128 0x13
 351 003b 00       		.byte	0
 352 003c 00       		.byte	0
 353 003d 06       		.uleb128 0x6
 354 003e 2E       		.uleb128 0x2e
 355 003f 01       		.byte	0x1
 356 0040 3F       		.uleb128 0x3f
 357 0041 19       		.uleb128 0x19
 358 0042 03       		.uleb128 0x3
 359 0043 0E       		.uleb128 0xe
 360 0044 3A       		.uleb128 0x3a
 361 0045 0B       		.uleb128 0xb
 362 0046 3B       		.uleb128 0x3b
 363 0047 0B       		.uleb128 0xb
 364 0048 27       		.uleb128 0x27
 365 0049 19       		.uleb128 0x19
ARM GAS  C:\Users\Zwe\AppData\Local\Temp\ccE9XfsQ.s 			page 10


 366 004a 11       		.uleb128 0x11
 367 004b 01       		.uleb128 0x1
 368 004c 12       		.uleb128 0x12
 369 004d 06       		.uleb128 0x6
 370 004e 40       		.uleb128 0x40
 371 004f 18       		.uleb128 0x18
 372 0050 9742     		.uleb128 0x2117
 373 0052 19       		.uleb128 0x19
 374 0053 01       		.uleb128 0x1
 375 0054 13       		.uleb128 0x13
 376 0055 00       		.byte	0
 377 0056 00       		.byte	0
 378 0057 07       		.uleb128 0x7
 379 0058 05       		.uleb128 0x5
 380 0059 00       		.byte	0
 381 005a 03       		.uleb128 0x3
 382 005b 0E       		.uleb128 0xe
 383 005c 3A       		.uleb128 0x3a
 384 005d 0B       		.uleb128 0xb
 385 005e 3B       		.uleb128 0x3b
 386 005f 0B       		.uleb128 0xb
 387 0060 49       		.uleb128 0x49
 388 0061 13       		.uleb128 0x13
 389 0062 02       		.uleb128 0x2
 390 0063 17       		.uleb128 0x17
 391 0064 00       		.byte	0
 392 0065 00       		.byte	0
 393 0066 08       		.uleb128 0x8
 394 0067 34       		.uleb128 0x34
 395 0068 00       		.byte	0
 396 0069 03       		.uleb128 0x3
 397 006a 0E       		.uleb128 0xe
 398 006b 3A       		.uleb128 0x3a
 399 006c 0B       		.uleb128 0xb
 400 006d 3B       		.uleb128 0x3b
 401 006e 0B       		.uleb128 0xb
 402 006f 49       		.uleb128 0x49
 403 0070 13       		.uleb128 0x13
 404 0071 02       		.uleb128 0x2
 405 0072 17       		.uleb128 0x17
 406 0073 00       		.byte	0
 407 0074 00       		.byte	0
 408 0075 09       		.uleb128 0x9
 409 0076 2E       		.uleb128 0x2e
 410 0077 00       		.byte	0
 411 0078 3F       		.uleb128 0x3f
 412 0079 19       		.uleb128 0x19
 413 007a 03       		.uleb128 0x3
 414 007b 0E       		.uleb128 0xe
 415 007c 3A       		.uleb128 0x3a
 416 007d 0B       		.uleb128 0xb
 417 007e 3B       		.uleb128 0x3b
 418 007f 0B       		.uleb128 0xb
 419 0080 27       		.uleb128 0x27
 420 0081 19       		.uleb128 0x19
 421 0082 49       		.uleb128 0x49
 422 0083 13       		.uleb128 0x13
ARM GAS  C:\Users\Zwe\AppData\Local\Temp\ccE9XfsQ.s 			page 11


 423 0084 11       		.uleb128 0x11
 424 0085 01       		.uleb128 0x1
 425 0086 12       		.uleb128 0x12
 426 0087 06       		.uleb128 0x6
 427 0088 40       		.uleb128 0x40
 428 0089 18       		.uleb128 0x18
 429 008a 9742     		.uleb128 0x2117
 430 008c 19       		.uleb128 0x19
 431 008d 00       		.byte	0
 432 008e 00       		.byte	0
 433 008f 00       		.byte	0
 434              		.section	.debug_loc,"",%progbits
 435              	.Ldebug_loc0:
 436              	.LLST0:
 437 0000 00000000 		.4byte	.LVL0
 438 0004 06000000 		.4byte	.LVL1
 439 0008 0100     		.2byte	0x1
 440 000a 50       		.byte	0x50
 441 000b 06000000 		.4byte	.LVL1
 442 000f 18000000 		.4byte	.LFE0
 443 0013 0400     		.2byte	0x4
 444 0015 F3       		.byte	0xf3
 445 0016 01       		.uleb128 0x1
 446 0017 50       		.byte	0x50
 447 0018 9F       		.byte	0x9f
 448 0019 00000000 		.4byte	0
 449 001d 00000000 		.4byte	0
 450              	.LLST1:
 451 0021 08000000 		.4byte	.LVL2
 452 0025 0C000000 		.4byte	.LVL3
 453 0029 0600     		.2byte	0x6
 454 002b 73       		.byte	0x73
 455 002c 00       		.sleb128 0
 456 002d 09       		.byte	0x9
 457 002e F0       		.byte	0xf0
 458 002f 1A       		.byte	0x1a
 459 0030 9F       		.byte	0x9f
 460 0031 00000000 		.4byte	0
 461 0035 00000000 		.4byte	0
 462              	.LLST2:
 463 0039 00000000 		.4byte	.LVL4
 464 003d 06000000 		.4byte	.LVL5
 465 0041 0100     		.2byte	0x1
 466 0043 50       		.byte	0x50
 467 0044 06000000 		.4byte	.LVL5
 468 0048 34000000 		.4byte	.LFE1
 469 004c 0400     		.2byte	0x4
 470 004e F3       		.byte	0xf3
 471 004f 01       		.uleb128 0x1
 472 0050 50       		.byte	0x50
 473 0051 9F       		.byte	0x9f
 474 0052 00000000 		.4byte	0
 475 0056 00000000 		.4byte	0
 476              		.section	.debug_aranges,"",%progbits
 477 0000 34000000 		.4byte	0x34
 478 0004 0200     		.2byte	0x2
 479 0006 00000000 		.4byte	.Ldebug_info0
ARM GAS  C:\Users\Zwe\AppData\Local\Temp\ccE9XfsQ.s 			page 12


 480 000a 04       		.byte	0x4
 481 000b 00       		.byte	0
 482 000c 0000     		.2byte	0
 483 000e 0000     		.2byte	0
 484 0010 00000000 		.4byte	.LFB0
 485 0014 18000000 		.4byte	.LFE0-.LFB0
 486 0018 00000000 		.4byte	.LFB1
 487 001c 34000000 		.4byte	.LFE1-.LFB1
 488 0020 00000000 		.4byte	.LFB2
 489 0024 10000000 		.4byte	.LFE2-.LFB2
 490 0028 00000000 		.4byte	.LFB3
 491 002c 10000000 		.4byte	.LFE3-.LFB3
 492 0030 00000000 		.4byte	0
 493 0034 00000000 		.4byte	0
 494              		.section	.debug_ranges,"",%progbits
 495              	.Ldebug_ranges0:
 496 0000 00000000 		.4byte	.LFB0
 497 0004 18000000 		.4byte	.LFE0
 498 0008 00000000 		.4byte	.LFB1
 499 000c 34000000 		.4byte	.LFE1
 500 0010 00000000 		.4byte	.LFB2
 501 0014 10000000 		.4byte	.LFE2
 502 0018 00000000 		.4byte	.LFB3
 503 001c 10000000 		.4byte	.LFE3
 504 0020 00000000 		.4byte	0
 505 0024 00000000 		.4byte	0
 506              		.section	.debug_line,"",%progbits
 507              	.Ldebug_line0:
 508 0000 91000000 		.section	.debug_str,"MS",%progbits,1
 508      02004000 
 508      00000201 
 508      FB0E0D00 
 508      01010101 
 509              	.LASF21:
 510 0000 47656E65 		.ascii	"Generated_Source\\PSoC5\\Com.c\000"
 510      72617465 
 510      645F536F 
 510      75726365 
 510      5C50536F 
 511              	.LASF15:
 512 001d 436F6D5F 		.ascii	"Com_SetDriveMode\000"
 512      53657444 
 512      72697665 
 512      4D6F6465 
 512      00
 513              	.LASF19:
 514 002e 436F6D5F 		.ascii	"Com_ReadDataReg\000"
 514      52656164 
 514      44617461 
 514      52656700 
 515              	.LASF16:
 516 003e 76616C75 		.ascii	"value\000"
 516      6500
 517              	.LASF23:
 518 0044 73746174 		.ascii	"staticBits\000"
 518      69634269 
 518      747300
ARM GAS  C:\Users\Zwe\AppData\Local\Temp\ccE9XfsQ.s 			page 13


 519              	.LASF9:
 520 004f 666C6F61 		.ascii	"float\000"
 520      7400
 521              	.LASF7:
 522 0055 6C6F6E67 		.ascii	"long long unsigned int\000"
 522      206C6F6E 
 522      6720756E 
 522      7369676E 
 522      65642069 
 523              	.LASF22:
 524 006c 453A5C54 		.ascii	"E:\\TRC3500\\Psoc\\BCD\\Design01.cydsn\000"
 524      52433335 
 524      30305C50 
 524      736F635C 
 524      4243445C 
 525              	.LASF13:
 526 008f 72656738 		.ascii	"reg8\000"
 526      00
 527              	.LASF14:
 528 0094 436F6D5F 		.ascii	"Com_Write\000"
 528      57726974 
 528      6500
 529              	.LASF5:
 530 009e 6C6F6E67 		.ascii	"long unsigned int\000"
 530      20756E73 
 530      69676E65 
 530      6420696E 
 530      7400
 531              	.LASF3:
 532 00b0 73686F72 		.ascii	"short unsigned int\000"
 532      7420756E 
 532      7369676E 
 532      65642069 
 532      6E7400
 533              	.LASF1:
 534 00c3 756E7369 		.ascii	"unsigned char\000"
 534      676E6564 
 534      20636861 
 534      7200
 535              	.LASF10:
 536 00d1 646F7562 		.ascii	"double\000"
 536      6C6500
 537              	.LASF18:
 538 00d8 436F6D5F 		.ascii	"Com_Read\000"
 538      52656164 
 538      00
 539              	.LASF8:
 540 00e1 756E7369 		.ascii	"unsigned int\000"
 540      676E6564 
 540      20696E74 
 540      00
 541              	.LASF20:
 542 00ee 474E5520 		.ascii	"GNU C11 5.4.1 20160609 (release) [ARM/embedded-5-br"
 542      43313120 
 542      352E342E 
 542      31203230 
 542      31363036 
ARM GAS  C:\Users\Zwe\AppData\Local\Temp\ccE9XfsQ.s 			page 14


 543 0121 616E6368 		.ascii	"anch revision 237715] -mcpu=cortex-m3 -mthumb -g -O"
 543      20726576 
 543      6973696F 
 543      6E203233 
 543      37373135 
 544 0154 73202D66 		.ascii	"s -ffunction-sections -ffat-lto-objects\000"
 544      66756E63 
 544      74696F6E 
 544      2D736563 
 544      74696F6E 
 545              	.LASF17:
 546 017c 6D6F6465 		.ascii	"mode\000"
 546      00
 547              	.LASF6:
 548 0181 6C6F6E67 		.ascii	"long long int\000"
 548      206C6F6E 
 548      6720696E 
 548      7400
 549              	.LASF11:
 550 018f 63686172 		.ascii	"char\000"
 550      00
 551              	.LASF2:
 552 0194 73686F72 		.ascii	"short int\000"
 552      7420696E 
 552      7400
 553              	.LASF12:
 554 019e 75696E74 		.ascii	"uint8\000"
 554      3800
 555              	.LASF4:
 556 01a4 6C6F6E67 		.ascii	"long int\000"
 556      20696E74 
 556      00
 557              	.LASF0:
 558 01ad 7369676E 		.ascii	"signed char\000"
 558      65642063 
 558      68617200 
 559              		.ident	"GCC: (GNU Tools for ARM Embedded Processors) 5.4.1 20160609 (release) [ARM/embedded-5-bran
