ARM GAS  C:\Users\Zwe\AppData\Local\Temp\cc5IeEm4.s 			page 1


   1              		.syntax unified
   2              		.cpu cortex-m3
   3              		.fpu softvfp
   4              		.eabi_attribute 20, 1
   5              		.eabi_attribute 21, 1
   6              		.eabi_attribute 23, 3
   7              		.eabi_attribute 24, 1
   8              		.eabi_attribute 25, 1
   9              		.eabi_attribute 26, 1
  10              		.eabi_attribute 30, 4
  11              		.eabi_attribute 34, 1
  12              		.eabi_attribute 18, 4
  13              		.thumb
  14              		.syntax unified
  15              		.file	"header.c"
  16              		.text
  17              	.Ltext0:
  18              		.cfi_sections	.debug_frame
  19              		.global	__aeabi_f2d
  20              		.global	__aeabi_fcmplt
  21              		.section	.text.Timer_1_ISR_Handler,"ax",%progbits
  22              		.align	1
  23              		.global	Timer_1_ISR_Handler
  24              		.thumb
  25              		.thumb_func
  26              		.type	Timer_1_ISR_Handler, %function
  27              	Timer_1_ISR_Handler:
  28              	.LFB64:
  29              		.file 1 "ultrasonic.c"
   1:ultrasonic.c  **** 
   2:ultrasonic.c  **** #define CYDEV_HEAP_SIZE 0x200
   3:ultrasonic.c  **** 
   4:ultrasonic.c  **** #include <project.h>
   5:ultrasonic.c  **** #include "math.h"
   6:ultrasonic.c  **** #include "stdlib.h"
   7:ultrasonic.c  **** #include "stdio.h"
   8:ultrasonic.c  **** #include "string.h"
   9:ultrasonic.c  **** 
  10:ultrasonic.c  **** uint16 count = 0;
  11:ultrasonic.c  **** float distance = 0;
  12:ultrasonic.c  **** char distance_str[100];
  13:ultrasonic.c  **** float jaja = 23.0;
  14:ultrasonic.c  **** _Bool obst_detect = 0;
  15:ultrasonic.c  **** 
  16:ultrasonic.c  **** CY_ISR(Timer_1_ISR_Handler){
  30              		.loc 1 16 0
  31              		.cfi_startproc
  32              		@ args = 0, pretend = 0, frame = 0
  33              		@ frame_needed = 0, uses_anonymous_args = 0
  34 0000 10B5     		push	{r4, lr}
  35              		.cfi_def_cfa_offset 8
  36              		.cfi_offset 4, -8
  37              		.cfi_offset 14, -4
  17:ultrasonic.c  ****     Timer_1_ReadStatusRegister(); //Clears interrupt and stop interrupts from firing successively
  38              		.loc 1 17 0
  39 0002 FFF7FEFF 		bl	Timer_1_ReadStatusRegister
  40              	.LVL0:
ARM GAS  C:\Users\Zwe\AppData\Local\Temp\cc5IeEm4.s 			page 2


  18:ultrasonic.c  ****     count = Timer_1_ReadCounter();//    distance = (65535 - count)/58;
  41              		.loc 1 18 0
  42 0006 FFF7FEFF 		bl	Timer_1_ReadCounter
  43              	.LVL1:
  44 000a 124C     		ldr	r4, .L7
  45 000c 2080     		strh	r0, [r4]	@ movhi
  19:ultrasonic.c  ****     
  20:ultrasonic.c  ****     sprintf(distance_str,"The distance is %.3f centimeters.",distance);
  46              		.loc 1 20 0
  47 000e 6068     		ldr	r0, [r4, #4]	@ float
  48 0010 FFF7FEFF 		bl	__aeabi_f2d
  49              	.LVL2:
  50 0014 0246     		mov	r2, r0
  51 0016 0B46     		mov	r3, r1
  52 0018 0F48     		ldr	r0, .L7+4
  53 001a 1049     		ldr	r1, .L7+8
  54 001c FFF7FEFF 		bl	sprintf
  55              	.LVL3:
  21:ultrasonic.c  ****     
  22:ultrasonic.c  ****     UART_1_PutString(distance_str);
  56              		.loc 1 22 0
  57 0020 0D48     		ldr	r0, .L7+4
  58 0022 FFF7FEFF 		bl	UART_1_PutString
  59              	.LVL4:
  23:ultrasonic.c  ****     UART_1_PutString("\n");
  60              		.loc 1 23 0
  61 0026 0E48     		ldr	r0, .L7+12
  62 0028 FFF7FEFF 		bl	UART_1_PutString
  63              	.LVL5:
  24:ultrasonic.c  ****     if(distance < 3.0){
  64              		.loc 1 24 0
  65 002c 0D49     		ldr	r1, .L7+16
  66 002e 6068     		ldr	r0, [r4, #4]	@ float
  67 0030 FFF7FEFF 		bl	__aeabi_fcmplt
  68              	.LVL6:
  69 0034 48B1     		cbz	r0, .L5
  25:ultrasonic.c  ****         LED_Write(1);
  70              		.loc 1 25 0
  71 0036 0120     		movs	r0, #1
  72 0038 FFF7FEFF 		bl	LED_Write
  73              	.LVL7:
  26:ultrasonic.c  ****         obst_detect = 1;
  74              		.loc 1 26 0
  75 003c 0123     		movs	r3, #1
  76 003e 2372     		strb	r3, [r4, #8]
  27:ultrasonic.c  ****         Control_Reg_1_Write(0); //stop the motor
  77              		.loc 1 27 0
  78 0040 0020     		movs	r0, #0
  28:ultrasonic.c  ****     }
  29:ultrasonic.c  ****        else{
  30:ultrasonic.c  ****         LED_Write(0);
  31:ultrasonic.c  ****     }
  32:ultrasonic.c  ****         
  33:ultrasonic.c  ****     
  34:ultrasonic.c  **** }
  79              		.loc 1 34 0
  80 0042 BDE81040 		pop	{r4, lr}
ARM GAS  C:\Users\Zwe\AppData\Local\Temp\cc5IeEm4.s 			page 3


  81              		.cfi_remember_state
  82              		.cfi_restore 14
  83              		.cfi_restore 4
  84              		.cfi_def_cfa_offset 0
  27:ultrasonic.c  ****         Control_Reg_1_Write(0); //stop the motor
  85              		.loc 1 27 0
  86 0046 FFF7FEBF 		b	Control_Reg_1_Write
  87              	.LVL8:
  88              	.L5:
  89              		.cfi_restore_state
  90              		.loc 1 34 0
  91 004a BDE81040 		pop	{r4, lr}
  92              		.cfi_restore 14
  93              		.cfi_restore 4
  94              		.cfi_def_cfa_offset 0
  30:ultrasonic.c  ****     }
  95              		.loc 1 30 0
  96 004e FFF7FEBF 		b	LED_Write
  97              	.LVL9:
  98              	.L8:
  99 0052 00BF     		.align	2
 100              	.L7:
 101 0054 00000000 		.word	.LANCHOR0
 102 0058 00000000 		.word	distance_str
 103 005c 00000000 		.word	.LC0
 104 0060 22000000 		.word	.LC1
 105 0064 00004040 		.word	1077936128
 106              		.cfi_endproc
 107              	.LFE64:
 108              		.size	Timer_1_ISR_Handler, .-Timer_1_ISR_Handler
 109              		.section	.text.Sense,"ax",%progbits
 110              		.align	1
 111              		.global	Sense
 112              		.thumb
 113              		.thumb_func
 114              		.type	Sense, %function
 115              	Sense:
 116              	.LFB65:
  35:ultrasonic.c  **** 
  36:ultrasonic.c  **** void Sense()
  37:ultrasonic.c  **** {
 117              		.loc 1 37 0
 118              		.cfi_startproc
 119              		@ args = 0, pretend = 0, frame = 0
 120              		@ frame_needed = 0, uses_anonymous_args = 0
 121 0000 38B5     		push	{r3, r4, r5, lr}
 122              		.cfi_def_cfa_offset 16
 123              		.cfi_offset 3, -16
 124              		.cfi_offset 4, -12
 125              		.cfi_offset 5, -8
 126              		.cfi_offset 14, -4
  38:ultrasonic.c  ****     while(!obst_detect){
 127              		.loc 1 38 0
 128 0002 0B4D     		ldr	r5, .L16
 129              	.L10:
 130 0004 2B7A     		ldrb	r3, [r5, #8]	@ zero_extendqisi2
 131 0006 8BB9     		cbnz	r3, .L14
ARM GAS  C:\Users\Zwe\AppData\Local\Temp\cc5IeEm4.s 			page 4


 132              	.L12:
  39:ultrasonic.c  ****         while(Echo_Pin_Read() == 0){
 133              		.loc 1 39 0
 134 0008 FFF7FEFF 		bl	Echo_Pin_Read
 135              	.LVL10:
 136 000c 0446     		mov	r4, r0
 137 000e 48B9     		cbnz	r0, .L15
  40:ultrasonic.c  ****                Trigger_Write(1);
 138              		.loc 1 40 0
 139 0010 0120     		movs	r0, #1
 140 0012 FFF7FEFF 		bl	Trigger_Write
 141              	.LVL11:
  41:ultrasonic.c  ****                CyDelayUs(10);
 142              		.loc 1 41 0
 143 0016 0A20     		movs	r0, #10
 144 0018 FFF7FEFF 		bl	CyDelayUs
 145              	.LVL12:
  42:ultrasonic.c  ****                Trigger_Write(0);
 146              		.loc 1 42 0
 147 001c 2046     		mov	r0, r4
 148 001e FFF7FEFF 		bl	Trigger_Write
 149              	.LVL13:
 150 0022 F1E7     		b	.L12
 151              	.L15:
  43:ultrasonic.c  ****                
  44:ultrasonic.c  ****         }
  45:ultrasonic.c  ****      CyDelay(100);
 152              		.loc 1 45 0
 153 0024 6420     		movs	r0, #100
 154 0026 FFF7FEFF 		bl	CyDelay
 155              	.LVL14:
 156 002a EBE7     		b	.L10
 157              	.L14:
  46:ultrasonic.c  ****     }
  47:ultrasonic.c  **** }
 158              		.loc 1 47 0
 159 002c 38BD     		pop	{r3, r4, r5, pc}
 160              	.L17:
 161 002e 00BF     		.align	2
 162              	.L16:
 163 0030 00000000 		.word	.LANCHOR0
 164              		.cfi_endproc
 165              	.LFE65:
 166              		.size	Sense, .-Sense
 167              		.section	.text.turn_anti,"ax",%progbits
 168              		.align	1
 169              		.global	turn_anti
 170              		.thumb
 171              		.thumb_func
 172              		.type	turn_anti, %function
 173              	turn_anti:
 174              	.LFB66:
 175              		.file 2 "movement.c"
   1:movement.c    **** 
   2:movement.c    **** #define CYDEV_HEAP_SIZE 0x200
   3:movement.c    **** 
   4:movement.c    **** #include <project.h>
ARM GAS  C:\Users\Zwe\AppData\Local\Temp\cc5IeEm4.s 			page 5


   5:movement.c    **** #include "math.h"
   6:movement.c    **** #include "stdlib.h"
   7:movement.c    **** #include "stdio.h"
   8:movement.c    **** #include "string.h"
   9:movement.c    **** 
  10:movement.c    **** 
  11:movement.c    **** uint16 right_count;
  12:movement.c    **** uint16 left_count;
  13:movement.c    **** char UART_str[40];
  14:movement.c    **** 
  15:movement.c    **** void turn_anti()
  16:movement.c    **** {
 176              		.loc 2 16 0
 177              		.cfi_startproc
 178              		@ args = 0, pretend = 0, frame = 0
 179              		@ frame_needed = 0, uses_anonymous_args = 0
 180 0000 10B5     		push	{r4, lr}
 181              		.cfi_def_cfa_offset 8
 182              		.cfi_offset 4, -8
 183              		.cfi_offset 14, -4
  17:movement.c    ****    Control_Reg_1_Write(0); 
 184              		.loc 2 17 0
 185 0002 0020     		movs	r0, #0
 186 0004 FFF7FEFF 		bl	Control_Reg_1_Write
 187              	.LVL15:
  18:movement.c    ****    dir_rw_Write(0);
 188              		.loc 2 18 0
 189 0008 0020     		movs	r0, #0
 190 000a FFF7FEFF 		bl	dir_rw_Write
 191              	.LVL16:
  19:movement.c    ****    dir_lw_Write(1);
 192              		.loc 2 19 0
 193 000e 0120     		movs	r0, #1
 194 0010 FFF7FEFF 		bl	dir_lw_Write
 195              	.LVL17:
  20:movement.c    ****    right_count = Counter_right_ReadCounter();
 196              		.loc 2 20 0
 197 0014 FFF7FEFF 		bl	Counter_right_ReadCounter
 198              	.LVL18:
 199 0018 0C4C     		ldr	r4, .L20
 200 001a 2080     		strh	r0, [r4]	@ movhi
  21:movement.c    ****    left_count = Counter_left_ReadCounter();
 201              		.loc 2 21 0
 202 001c FFF7FEFF 		bl	Counter_left_ReadCounter
 203              	.LVL19:
 204 0020 0B4A     		ldr	r2, .L20+4
 205 0022 0346     		mov	r3, r0
 206 0024 1080     		strh	r0, [r2]	@ movhi
  22:movement.c    ****    sprintf(UART_str,"Right Count %d  Left Count %d \n",right_count,left_count);
 207              		.loc 2 22 0
 208 0026 0B49     		ldr	r1, .L20+8
 209 0028 2288     		ldrh	r2, [r4]
 210 002a 0B48     		ldr	r0, .L20+12
 211 002c FFF7FEFF 		bl	sprintf
 212              	.LVL20:
  23:movement.c    ****    UART_1_PutString(UART_str);
 213              		.loc 2 23 0
ARM GAS  C:\Users\Zwe\AppData\Local\Temp\cc5IeEm4.s 			page 6


 214 0030 0948     		ldr	r0, .L20+12
 215 0032 FFF7FEFF 		bl	UART_1_PutString
 216              	.LVL21:
  24:movement.c    ****     
  25:movement.c    ****      if(right_count >= 1385)
 217              		.loc 2 25 0
 218 0036 2388     		ldrh	r3, [r4]
 219 0038 B3F5AD6F 		cmp	r3, #1384
 220 003c 04D9     		bls	.L18
  26:movement.c    ****     {
  27:movement.c    ****       Control_Reg_1_Write(1);
  28:movement.c    ****     }
  29:movement.c    ****      
  30:movement.c    **** }
 221              		.loc 2 30 0
 222 003e BDE81040 		pop	{r4, lr}
 223              		.cfi_remember_state
 224              		.cfi_restore 14
 225              		.cfi_restore 4
 226              		.cfi_def_cfa_offset 0
  27:movement.c    ****     }
 227              		.loc 2 27 0
 228 0042 0120     		movs	r0, #1
 229 0044 FFF7FEBF 		b	Control_Reg_1_Write
 230              	.LVL22:
 231              	.L18:
 232              		.cfi_restore_state
 233 0048 10BD     		pop	{r4, pc}
 234              	.L21:
 235 004a 00BF     		.align	2
 236              	.L20:
 237 004c 00000000 		.word	right_count
 238 0050 00000000 		.word	left_count
 239 0054 24000000 		.word	.LC2
 240 0058 00000000 		.word	UART_str
 241              		.cfi_endproc
 242              	.LFE66:
 243              		.size	turn_anti, .-turn_anti
 244              		.section	.text.turn_clock,"ax",%progbits
 245              		.align	1
 246              		.global	turn_clock
 247              		.thumb
 248              		.thumb_func
 249              		.type	turn_clock, %function
 250              	turn_clock:
 251              	.LFB67:
  31:movement.c    **** 
  32:movement.c    **** void turn_clock()
  33:movement.c    **** {
 252              		.loc 2 33 0
 253              		.cfi_startproc
 254              		@ args = 0, pretend = 0, frame = 0
 255              		@ frame_needed = 0, uses_anonymous_args = 0
 256 0000 10B5     		push	{r4, lr}
 257              		.cfi_def_cfa_offset 8
 258              		.cfi_offset 4, -8
 259              		.cfi_offset 14, -4
ARM GAS  C:\Users\Zwe\AppData\Local\Temp\cc5IeEm4.s 			page 7


  34:movement.c    ****    Control_Reg_1_Write(0);
 260              		.loc 2 34 0
 261 0002 0020     		movs	r0, #0
 262 0004 FFF7FEFF 		bl	Control_Reg_1_Write
 263              	.LVL23:
  35:movement.c    ****    dir_rw_Write(1);
 264              		.loc 2 35 0
 265 0008 0120     		movs	r0, #1
 266 000a FFF7FEFF 		bl	dir_rw_Write
 267              	.LVL24:
  36:movement.c    ****    dir_lw_Write(0);
 268              		.loc 2 36 0
 269 000e 0020     		movs	r0, #0
 270 0010 FFF7FEFF 		bl	dir_lw_Write
 271              	.LVL25:
  37:movement.c    ****    right_count = Counter_right_ReadCounter();
 272              		.loc 2 37 0
 273 0014 FFF7FEFF 		bl	Counter_right_ReadCounter
 274              	.LVL26:
 275 0018 0C4C     		ldr	r4, .L24
 276 001a 2080     		strh	r0, [r4]	@ movhi
  38:movement.c    ****    left_count = Counter_left_ReadCounter();
 277              		.loc 2 38 0
 278 001c FFF7FEFF 		bl	Counter_left_ReadCounter
 279              	.LVL27:
 280 0020 0B4A     		ldr	r2, .L24+4
 281 0022 0346     		mov	r3, r0
 282 0024 1080     		strh	r0, [r2]	@ movhi
  39:movement.c    ****    sprintf(UART_str,"Right Count %d  Left Count %d \n",right_count,left_count);
 283              		.loc 2 39 0
 284 0026 0B49     		ldr	r1, .L24+8
 285 0028 2288     		ldrh	r2, [r4]
 286 002a 0B48     		ldr	r0, .L24+12
 287 002c FFF7FEFF 		bl	sprintf
 288              	.LVL28:
  40:movement.c    ****    UART_1_PutString(UART_str);
 289              		.loc 2 40 0
 290 0030 0948     		ldr	r0, .L24+12
 291 0032 FFF7FEFF 		bl	UART_1_PutString
 292              	.LVL29:
  41:movement.c    ****     
  42:movement.c    ****      if(right_count >= 1385)
 293              		.loc 2 42 0
 294 0036 2388     		ldrh	r3, [r4]
 295 0038 B3F5AD6F 		cmp	r3, #1384
 296 003c 04D9     		bls	.L22
  43:movement.c    ****     {
  44:movement.c    ****       Control_Reg_1_Write(1);
  45:movement.c    ****     }
  46:movement.c    ****      
  47:movement.c    **** }
 297              		.loc 2 47 0
 298 003e BDE81040 		pop	{r4, lr}
 299              		.cfi_remember_state
 300              		.cfi_restore 14
 301              		.cfi_restore 4
 302              		.cfi_def_cfa_offset 0
ARM GAS  C:\Users\Zwe\AppData\Local\Temp\cc5IeEm4.s 			page 8


  44:movement.c    ****     }
 303              		.loc 2 44 0
 304 0042 0120     		movs	r0, #1
 305 0044 FFF7FEBF 		b	Control_Reg_1_Write
 306              	.LVL30:
 307              	.L22:
 308              		.cfi_restore_state
 309 0048 10BD     		pop	{r4, pc}
 310              	.L25:
 311 004a 00BF     		.align	2
 312              	.L24:
 313 004c 00000000 		.word	right_count
 314 0050 00000000 		.word	left_count
 315 0054 24000000 		.word	.LC2
 316 0058 00000000 		.word	UART_str
 317              		.cfi_endproc
 318              	.LFE67:
 319              		.size	turn_clock, .-turn_clock
 320              		.section	.text.move_forward,"ax",%progbits
 321              		.align	1
 322              		.global	move_forward
 323              		.thumb
 324              		.thumb_func
 325              		.type	move_forward, %function
 326              	move_forward:
 327              	.LFB68:
  48:movement.c    **** 
  49:movement.c    **** void move_forward()
  50:movement.c    **** {
 328              		.loc 2 50 0
 329              		.cfi_startproc
 330              		@ args = 0, pretend = 0, frame = 0
 331              		@ frame_needed = 0, uses_anonymous_args = 0
 332 0000 08B5     		push	{r3, lr}
 333              		.cfi_def_cfa_offset 8
 334              		.cfi_offset 3, -8
 335              		.cfi_offset 14, -4
  51:movement.c    ****    Control_Reg_1_Write(0);
 336              		.loc 2 51 0
 337 0002 0020     		movs	r0, #0
 338 0004 FFF7FEFF 		bl	Control_Reg_1_Write
 339              	.LVL31:
  52:movement.c    ****    dir_rw_Write(0);
 340              		.loc 2 52 0
 341 0008 0020     		movs	r0, #0
 342 000a FFF7FEFF 		bl	dir_rw_Write
 343              	.LVL32:
  53:movement.c    ****    dir_lw_Write(0);
  54:movement.c    ****  
  55:movement.c    ****    
  56:movement.c    **** }
 344              		.loc 2 56 0
 345 000e BDE80840 		pop	{r3, lr}
 346              		.cfi_restore 14
 347              		.cfi_restore 3
 348              		.cfi_def_cfa_offset 0
  53:movement.c    ****    dir_lw_Write(0);
ARM GAS  C:\Users\Zwe\AppData\Local\Temp\cc5IeEm4.s 			page 9


 349              		.loc 2 53 0
 350 0012 0020     		movs	r0, #0
 351 0014 FFF7FEBF 		b	dir_lw_Write
 352              	.LVL33:
 353              		.cfi_endproc
 354              	.LFE68:
 355              		.size	move_forward, .-move_forward
 356              		.section	.text.stop,"ax",%progbits
 357              		.align	1
 358              		.global	stop
 359              		.thumb
 360              		.thumb_func
 361              		.type	stop, %function
 362              	stop:
 363              	.LFB69:
  57:movement.c    **** 
  58:movement.c    **** void stop()
  59:movement.c    **** {
 364              		.loc 2 59 0
 365              		.cfi_startproc
 366              		@ args = 0, pretend = 0, frame = 0
 367              		@ frame_needed = 0, uses_anonymous_args = 0
 368              		@ link register save eliminated.
  60:movement.c    ****    Control_Reg_1_Write(1);
 369              		.loc 2 60 0
 370 0000 0120     		movs	r0, #1
 371 0002 FFF7FEBF 		b	Control_Reg_1_Write
 372              	.LVL34:
 373              		.cfi_endproc
 374              	.LFE69:
 375              		.size	stop, .-stop
 376              		.section	.text.move_backward,"ax",%progbits
 377              		.align	1
 378              		.global	move_backward
 379              		.thumb
 380              		.thumb_func
 381              		.type	move_backward, %function
 382              	move_backward:
 383              	.LFB70:
  61:movement.c    **** }
  62:movement.c    **** 
  63:movement.c    **** void move_backward()
  64:movement.c    **** {
 384              		.loc 2 64 0
 385              		.cfi_startproc
 386              		@ args = 0, pretend = 0, frame = 0
 387              		@ frame_needed = 0, uses_anonymous_args = 0
 388 0000 08B5     		push	{r3, lr}
 389              		.cfi_def_cfa_offset 8
 390              		.cfi_offset 3, -8
 391              		.cfi_offset 14, -4
  65:movement.c    ****    Control_Reg_1_Write(0);
 392              		.loc 2 65 0
 393 0002 0020     		movs	r0, #0
 394 0004 FFF7FEFF 		bl	Control_Reg_1_Write
 395              	.LVL35:
  66:movement.c    ****    dir_rw_Write(1);
ARM GAS  C:\Users\Zwe\AppData\Local\Temp\cc5IeEm4.s 			page 10


 396              		.loc 2 66 0
 397 0008 0120     		movs	r0, #1
 398 000a FFF7FEFF 		bl	dir_rw_Write
 399              	.LVL36:
  67:movement.c    ****    dir_lw_Write(1);
  68:movement.c    **** }...
 400              		.loc 2 68 0
 401 000e BDE80840 		pop	{r3, lr}
 402              		.cfi_restore 14
 403              		.cfi_restore 3
 404              		.cfi_def_cfa_offset 0
  67:movement.c    ****    dir_lw_Write(1);
 405              		.loc 2 67 0
 406 0012 0120     		movs	r0, #1
 407 0014 FFF7FEBF 		b	dir_lw_Write
 408              	.LVL37:
 409              		.cfi_endproc
 410              	.LFE70:
 411              		.size	move_backward, .-move_backward
 412              		.comm	UART_str,40,1
 413              		.comm	left_count,2,2
 414              		.comm	right_count,2,2
 415              		.global	obst_detect
 416              		.global	jaja
 417              		.comm	distance_str,100,1
 418              		.global	distance
 419              		.global	count
 420              		.section	.rodata.str1.1,"aMS",%progbits,1
 421              	.LC0:
 422 0000 54686520 		.ascii	"The distance is %.3f centimeters.\000"
 422      64697374 
 422      616E6365 
 422      20697320 
 422      252E3366 
 423              	.LC1:
 424 0022 0A00     		.ascii	"\012\000"
 425              	.LC2:
 426 0024 52696768 		.ascii	"Right Count %d  Left Count %d \012\000"
 426      7420436F 
 426      756E7420 
 426      25642020 
 426      4C656674 
 427              		.data
 428              		.align	2
 429              		.type	jaja, %object
 430              		.size	jaja, 4
 431              	jaja:
 432 0000 0000B841 		.word	1102577664
 433              		.bss
 434              		.align	2
 435              		.set	.LANCHOR0,. + 0
 436              		.type	count, %object
 437              		.size	count, 2
 438              	count:
 439 0000 0000     		.space	2
 440 0002 0000     		.space	2
 441              		.type	distance, %object
ARM GAS  C:\Users\Zwe\AppData\Local\Temp\cc5IeEm4.s 			page 11


 442              		.size	distance, 4
 443              	distance:
 444 0004 00000000 		.space	4
 445              		.type	obst_detect, %object
 446              		.size	obst_detect, 1
 447              	obst_detect:
 448 0008 00       		.space	1
 449              		.text
 450              	.Letext0:
 451              		.file 3 "c:\\program files (x86)\\cypress\\psoc creator\\4.2\\psoc creator\\import\\gnu\\arm\\5.4.
 452              		.file 4 "c:\\program files (x86)\\cypress\\psoc creator\\4.2\\psoc creator\\import\\gnu\\arm\\5.4.
 453              		.file 5 "Generated_Source\\PSoC5/cytypes.h"
 454              		.file 6 "Generated_Source\\PSoC5/core_cm3.h"
 455              		.file 7 "Generated_Source\\PSoC5/Timer_1.h"
 456              		.file 8 "c:\\program files (x86)\\cypress\\psoc creator\\4.2\\psoc creator\\import\\gnu\\arm\\5.4.
 457              		.file 9 "Generated_Source\\PSoC5/UART_1.h"
 458              		.file 10 "Generated_Source\\PSoC5/LED.h"
 459              		.file 11 "Generated_Source\\PSoC5/Control_Reg_1.h"
 460              		.file 12 "Generated_Source\\PSoC5/Echo_Pin.h"
 461              		.file 13 "Generated_Source\\PSoC5/Trigger.h"
 462              		.file 14 "Generated_Source\\PSoC5/CyLib.h"
 463              		.file 15 "Generated_Source\\PSoC5/dir_rw.h"
 464              		.file 16 "Generated_Source\\PSoC5/dir_lw.h"
 465              		.file 17 "Generated_Source\\PSoC5/Counter_right.h"
 466              		.file 18 "Generated_Source\\PSoC5/Counter_left.h"
 467              		.section	.debug_info,"",%progbits
 468              	.Ldebug_info0:
 469 0000 1E050000 		.4byte	0x51e
 470 0004 0400     		.2byte	0x4
 471 0006 00000000 		.4byte	.Ldebug_abbrev0
 472 000a 04       		.byte	0x4
 473 000b 01       		.uleb128 0x1
 474 000c 37020000 		.4byte	.LASF47
 475 0010 0C       		.byte	0xc
 476 0011 5B000000 		.4byte	.LASF48
 477 0015 E0000000 		.4byte	.LASF49
 478 0019 00000000 		.4byte	.Ldebug_ranges0+0
 479 001d 00000000 		.4byte	0
 480 0021 00000000 		.4byte	.Ldebug_line0
 481 0025 02       		.uleb128 0x2
 482 0026 01       		.byte	0x1
 483 0027 06       		.byte	0x6
 484 0028 E8020000 		.4byte	.LASF0
 485 002c 02       		.uleb128 0x2
 486 002d 01       		.byte	0x1
 487 002e 08       		.byte	0x8
 488 002f D2000000 		.4byte	.LASF1
 489 0033 02       		.uleb128 0x2
 490 0034 02       		.byte	0x2
 491 0035 05       		.byte	0x5
 492 0036 09020000 		.4byte	.LASF2
 493 003a 02       		.uleb128 0x2
 494 003b 02       		.byte	0x2
 495 003c 07       		.byte	0x7
 496 003d AD000000 		.4byte	.LASF3
 497 0041 03       		.uleb128 0x3
 498 0042 31000000 		.4byte	.LASF9
ARM GAS  C:\Users\Zwe\AppData\Local\Temp\cc5IeEm4.s 			page 12


 499 0046 03       		.byte	0x3
 500 0047 3F       		.byte	0x3f
 501 0048 4C000000 		.4byte	0x4c
 502 004c 02       		.uleb128 0x2
 503 004d 04       		.byte	0x4
 504 004e 05       		.byte	0x5
 505 004f C5020000 		.4byte	.LASF4
 506 0053 02       		.uleb128 0x2
 507 0054 04       		.byte	0x4
 508 0055 07       		.byte	0x7
 509 0056 9B000000 		.4byte	.LASF5
 510 005a 02       		.uleb128 0x2
 511 005b 08       		.byte	0x8
 512 005c 05       		.byte	0x5
 513 005d BA010000 		.4byte	.LASF6
 514 0061 02       		.uleb128 0x2
 515 0062 08       		.byte	0x8
 516 0063 07       		.byte	0x7
 517 0064 70010000 		.4byte	.LASF7
 518 0068 04       		.uleb128 0x4
 519 0069 04       		.byte	0x4
 520 006a 05       		.byte	0x5
 521 006b 696E7400 		.ascii	"int\000"
 522 006f 02       		.uleb128 0x2
 523 0070 04       		.byte	0x4
 524 0071 07       		.byte	0x7
 525 0072 63010000 		.4byte	.LASF8
 526 0076 03       		.uleb128 0x3
 527 0077 A9010000 		.4byte	.LASF10
 528 007b 04       		.byte	0x4
 529 007c 2C       		.byte	0x2c
 530 007d 41000000 		.4byte	0x41
 531 0081 05       		.uleb128 0x5
 532 0082 38010000 		.4byte	.LASF11
 533 0086 05       		.byte	0x5
 534 0087 E501     		.2byte	0x1e5
 535 0089 3A000000 		.4byte	0x3a
 536 008d 02       		.uleb128 0x2
 537 008e 04       		.byte	0x4
 538 008f 04       		.byte	0x4
 539 0090 6D000000 		.4byte	.LASF12
 540 0094 02       		.uleb128 0x2
 541 0095 08       		.byte	0x8
 542 0096 04       		.byte	0x4
 543 0097 31010000 		.4byte	.LASF13
 544 009b 02       		.uleb128 0x2
 545 009c 01       		.byte	0x1
 546 009d 08       		.byte	0x8
 547 009e D2010000 		.4byte	.LASF14
 548 00a2 02       		.uleb128 0x2
 549 00a3 08       		.byte	0x8
 550 00a4 04       		.byte	0x4
 551 00a5 CE020000 		.4byte	.LASF15
 552 00a9 02       		.uleb128 0x2
 553 00aa 04       		.byte	0x4
 554 00ab 07       		.byte	0x7
 555 00ac B1010000 		.4byte	.LASF16
ARM GAS  C:\Users\Zwe\AppData\Local\Temp\cc5IeEm4.s 			page 13


 556 00b0 06       		.uleb128 0x6
 557 00b1 28030000 		.4byte	.LASF50
 558 00b5 01       		.byte	0x1
 559 00b6 10       		.byte	0x10
 560 00b7 00000000 		.4byte	.LFB64
 561 00bb 68000000 		.4byte	.LFE64-.LFB64
 562 00bf 01       		.uleb128 0x1
 563 00c0 9C       		.byte	0x9c
 564 00c1 55010000 		.4byte	0x155
 565 00c5 07       		.uleb128 0x7
 566 00c6 06000000 		.4byte	.LVL0
 567 00ca 87040000 		.4byte	0x487
 568 00ce 07       		.uleb128 0x7
 569 00cf 0A000000 		.4byte	.LVL1
 570 00d3 92040000 		.4byte	0x492
 571 00d7 08       		.uleb128 0x8
 572 00d8 20000000 		.4byte	.LVL3
 573 00dc 9D040000 		.4byte	0x49d
 574 00e0 F7000000 		.4byte	0xf7
 575 00e4 09       		.uleb128 0x9
 576 00e5 01       		.uleb128 0x1
 577 00e6 50       		.byte	0x50
 578 00e7 05       		.uleb128 0x5
 579 00e8 03       		.byte	0x3
 580 00e9 00000000 		.4byte	distance_str
 581 00ed 09       		.uleb128 0x9
 582 00ee 01       		.uleb128 0x1
 583 00ef 51       		.byte	0x51
 584 00f0 05       		.uleb128 0x5
 585 00f1 03       		.byte	0x3
 586 00f2 00000000 		.4byte	.LC0
 587 00f6 00       		.byte	0
 588 00f7 08       		.uleb128 0x8
 589 00f8 26000000 		.4byte	.LVL4
 590 00fc A8040000 		.4byte	0x4a8
 591 0100 0E010000 		.4byte	0x10e
 592 0104 09       		.uleb128 0x9
 593 0105 01       		.uleb128 0x1
 594 0106 50       		.byte	0x50
 595 0107 05       		.uleb128 0x5
 596 0108 03       		.byte	0x3
 597 0109 00000000 		.4byte	distance_str
 598 010d 00       		.byte	0
 599 010e 08       		.uleb128 0x8
 600 010f 2C000000 		.4byte	.LVL5
 601 0113 A8040000 		.4byte	0x4a8
 602 0117 25010000 		.4byte	0x125
 603 011b 09       		.uleb128 0x9
 604 011c 01       		.uleb128 0x1
 605 011d 50       		.byte	0x50
 606 011e 05       		.uleb128 0x5
 607 011f 03       		.byte	0x3
 608 0120 22000000 		.4byte	.LC1
 609 0124 00       		.byte	0
 610 0125 08       		.uleb128 0x8
 611 0126 3C000000 		.4byte	.LVL7
 612 012a B3040000 		.4byte	0x4b3
ARM GAS  C:\Users\Zwe\AppData\Local\Temp\cc5IeEm4.s 			page 14


 613 012e 38010000 		.4byte	0x138
 614 0132 09       		.uleb128 0x9
 615 0133 01       		.uleb128 0x1
 616 0134 50       		.byte	0x50
 617 0135 01       		.uleb128 0x1
 618 0136 31       		.byte	0x31
 619 0137 00       		.byte	0
 620 0138 0A       		.uleb128 0xa
 621 0139 4A000000 		.4byte	.LVL8
 622 013d BE040000 		.4byte	0x4be
 623 0141 4B010000 		.4byte	0x14b
 624 0145 09       		.uleb128 0x9
 625 0146 01       		.uleb128 0x1
 626 0147 50       		.byte	0x50
 627 0148 01       		.uleb128 0x1
 628 0149 30       		.byte	0x30
 629 014a 00       		.byte	0
 630 014b 0B       		.uleb128 0xb
 631 014c 52000000 		.4byte	.LVL9
 632 0150 B3040000 		.4byte	0x4b3
 633 0154 00       		.byte	0
 634 0155 0C       		.uleb128 0xc
 635 0156 55000000 		.4byte	.LASF17
 636 015a 01       		.byte	0x1
 637 015b 24       		.byte	0x24
 638 015c 00000000 		.4byte	.LFB65
 639 0160 34000000 		.4byte	.LFE65-.LFB65
 640 0164 01       		.uleb128 0x1
 641 0165 9C       		.byte	0x9c
 642 0166 BE010000 		.4byte	0x1be
 643 016a 07       		.uleb128 0x7
 644 016b 0C000000 		.4byte	.LVL10
 645 016f C9040000 		.4byte	0x4c9
 646 0173 08       		.uleb128 0x8
 647 0174 16000000 		.4byte	.LVL11
 648 0178 D4040000 		.4byte	0x4d4
 649 017c 86010000 		.4byte	0x186
 650 0180 09       		.uleb128 0x9
 651 0181 01       		.uleb128 0x1
 652 0182 50       		.byte	0x50
 653 0183 01       		.uleb128 0x1
 654 0184 31       		.byte	0x31
 655 0185 00       		.byte	0
 656 0186 08       		.uleb128 0x8
 657 0187 1C000000 		.4byte	.LVL12
 658 018b DF040000 		.4byte	0x4df
 659 018f 99010000 		.4byte	0x199
 660 0193 09       		.uleb128 0x9
 661 0194 01       		.uleb128 0x1
 662 0195 50       		.byte	0x50
 663 0196 01       		.uleb128 0x1
 664 0197 3A       		.byte	0x3a
 665 0198 00       		.byte	0
 666 0199 08       		.uleb128 0x8
 667 019a 22000000 		.4byte	.LVL13
 668 019e D4040000 		.4byte	0x4d4
 669 01a2 AD010000 		.4byte	0x1ad
ARM GAS  C:\Users\Zwe\AppData\Local\Temp\cc5IeEm4.s 			page 15


 670 01a6 09       		.uleb128 0x9
 671 01a7 01       		.uleb128 0x1
 672 01a8 50       		.byte	0x50
 673 01a9 02       		.uleb128 0x2
 674 01aa 74       		.byte	0x74
 675 01ab 00       		.sleb128 0
 676 01ac 00       		.byte	0
 677 01ad 0D       		.uleb128 0xd
 678 01ae 2A000000 		.4byte	.LVL14
 679 01b2 EA040000 		.4byte	0x4ea
 680 01b6 09       		.uleb128 0x9
 681 01b7 01       		.uleb128 0x1
 682 01b8 50       		.byte	0x50
 683 01b9 02       		.uleb128 0x2
 684 01ba 08       		.byte	0x8
 685 01bb 64       		.byte	0x64
 686 01bc 00       		.byte	0
 687 01bd 00       		.byte	0
 688 01be 0C       		.uleb128 0xc
 689 01bf 78000000 		.4byte	.LASF18
 690 01c3 02       		.byte	0x2
 691 01c4 0F       		.byte	0xf
 692 01c5 00000000 		.4byte	.LFB66
 693 01c9 5C000000 		.4byte	.LFE66-.LFB66
 694 01cd 01       		.uleb128 0x1
 695 01ce 9C       		.byte	0x9c
 696 01cf 65020000 		.4byte	0x265
 697 01d3 08       		.uleb128 0x8
 698 01d4 08000000 		.4byte	.LVL15
 699 01d8 BE040000 		.4byte	0x4be
 700 01dc E6010000 		.4byte	0x1e6
 701 01e0 09       		.uleb128 0x9
 702 01e1 01       		.uleb128 0x1
 703 01e2 50       		.byte	0x50
 704 01e3 01       		.uleb128 0x1
 705 01e4 30       		.byte	0x30
 706 01e5 00       		.byte	0
 707 01e6 08       		.uleb128 0x8
 708 01e7 0E000000 		.4byte	.LVL16
 709 01eb F5040000 		.4byte	0x4f5
 710 01ef F9010000 		.4byte	0x1f9
 711 01f3 09       		.uleb128 0x9
 712 01f4 01       		.uleb128 0x1
 713 01f5 50       		.byte	0x50
 714 01f6 01       		.uleb128 0x1
 715 01f7 30       		.byte	0x30
 716 01f8 00       		.byte	0
 717 01f9 08       		.uleb128 0x8
 718 01fa 14000000 		.4byte	.LVL17
 719 01fe 00050000 		.4byte	0x500
 720 0202 0C020000 		.4byte	0x20c
 721 0206 09       		.uleb128 0x9
 722 0207 01       		.uleb128 0x1
 723 0208 50       		.byte	0x50
 724 0209 01       		.uleb128 0x1
 725 020a 31       		.byte	0x31
 726 020b 00       		.byte	0
ARM GAS  C:\Users\Zwe\AppData\Local\Temp\cc5IeEm4.s 			page 16


 727 020c 07       		.uleb128 0x7
 728 020d 18000000 		.4byte	.LVL18
 729 0211 0B050000 		.4byte	0x50b
 730 0215 07       		.uleb128 0x7
 731 0216 20000000 		.4byte	.LVL19
 732 021a 16050000 		.4byte	0x516
 733 021e 08       		.uleb128 0x8
 734 021f 30000000 		.4byte	.LVL20
 735 0223 9D040000 		.4byte	0x49d
 736 0227 3E020000 		.4byte	0x23e
 737 022b 09       		.uleb128 0x9
 738 022c 01       		.uleb128 0x1
 739 022d 50       		.byte	0x50
 740 022e 05       		.uleb128 0x5
 741 022f 03       		.byte	0x3
 742 0230 00000000 		.4byte	UART_str
 743 0234 09       		.uleb128 0x9
 744 0235 01       		.uleb128 0x1
 745 0236 51       		.byte	0x51
 746 0237 05       		.uleb128 0x5
 747 0238 03       		.byte	0x3
 748 0239 24000000 		.4byte	.LC2
 749 023d 00       		.byte	0
 750 023e 08       		.uleb128 0x8
 751 023f 36000000 		.4byte	.LVL21
 752 0243 A8040000 		.4byte	0x4a8
 753 0247 55020000 		.4byte	0x255
 754 024b 09       		.uleb128 0x9
 755 024c 01       		.uleb128 0x1
 756 024d 50       		.byte	0x50
 757 024e 05       		.uleb128 0x5
 758 024f 03       		.byte	0x3
 759 0250 00000000 		.4byte	UART_str
 760 0254 00       		.byte	0
 761 0255 0E       		.uleb128 0xe
 762 0256 48000000 		.4byte	.LVL22
 763 025a BE040000 		.4byte	0x4be
 764 025e 09       		.uleb128 0x9
 765 025f 01       		.uleb128 0x1
 766 0260 50       		.byte	0x50
 767 0261 01       		.uleb128 0x1
 768 0262 31       		.byte	0x31
 769 0263 00       		.byte	0
 770 0264 00       		.byte	0
 771 0265 0C       		.uleb128 0xc
 772 0266 4C010000 		.4byte	.LASF19
 773 026a 02       		.byte	0x2
 774 026b 20       		.byte	0x20
 775 026c 00000000 		.4byte	.LFB67
 776 0270 5C000000 		.4byte	.LFE67-.LFB67
 777 0274 01       		.uleb128 0x1
 778 0275 9C       		.byte	0x9c
 779 0276 0C030000 		.4byte	0x30c
 780 027a 08       		.uleb128 0x8
 781 027b 08000000 		.4byte	.LVL23
 782 027f BE040000 		.4byte	0x4be
 783 0283 8D020000 		.4byte	0x28d
ARM GAS  C:\Users\Zwe\AppData\Local\Temp\cc5IeEm4.s 			page 17


 784 0287 09       		.uleb128 0x9
 785 0288 01       		.uleb128 0x1
 786 0289 50       		.byte	0x50
 787 028a 01       		.uleb128 0x1
 788 028b 30       		.byte	0x30
 789 028c 00       		.byte	0
 790 028d 08       		.uleb128 0x8
 791 028e 0E000000 		.4byte	.LVL24
 792 0292 F5040000 		.4byte	0x4f5
 793 0296 A0020000 		.4byte	0x2a0
 794 029a 09       		.uleb128 0x9
 795 029b 01       		.uleb128 0x1
 796 029c 50       		.byte	0x50
 797 029d 01       		.uleb128 0x1
 798 029e 31       		.byte	0x31
 799 029f 00       		.byte	0
 800 02a0 08       		.uleb128 0x8
 801 02a1 14000000 		.4byte	.LVL25
 802 02a5 00050000 		.4byte	0x500
 803 02a9 B3020000 		.4byte	0x2b3
 804 02ad 09       		.uleb128 0x9
 805 02ae 01       		.uleb128 0x1
 806 02af 50       		.byte	0x50
 807 02b0 01       		.uleb128 0x1
 808 02b1 30       		.byte	0x30
 809 02b2 00       		.byte	0
 810 02b3 07       		.uleb128 0x7
 811 02b4 18000000 		.4byte	.LVL26
 812 02b8 0B050000 		.4byte	0x50b
 813 02bc 07       		.uleb128 0x7
 814 02bd 20000000 		.4byte	.LVL27
 815 02c1 16050000 		.4byte	0x516
 816 02c5 08       		.uleb128 0x8
 817 02c6 30000000 		.4byte	.LVL28
 818 02ca 9D040000 		.4byte	0x49d
 819 02ce E5020000 		.4byte	0x2e5
 820 02d2 09       		.uleb128 0x9
 821 02d3 01       		.uleb128 0x1
 822 02d4 50       		.byte	0x50
 823 02d5 05       		.uleb128 0x5
 824 02d6 03       		.byte	0x3
 825 02d7 00000000 		.4byte	UART_str
 826 02db 09       		.uleb128 0x9
 827 02dc 01       		.uleb128 0x1
 828 02dd 51       		.byte	0x51
 829 02de 05       		.uleb128 0x5
 830 02df 03       		.byte	0x3
 831 02e0 24000000 		.4byte	.LC2
 832 02e4 00       		.byte	0
 833 02e5 08       		.uleb128 0x8
 834 02e6 36000000 		.4byte	.LVL29
 835 02ea A8040000 		.4byte	0x4a8
 836 02ee FC020000 		.4byte	0x2fc
 837 02f2 09       		.uleb128 0x9
 838 02f3 01       		.uleb128 0x1
 839 02f4 50       		.byte	0x50
 840 02f5 05       		.uleb128 0x5
ARM GAS  C:\Users\Zwe\AppData\Local\Temp\cc5IeEm4.s 			page 18


 841 02f6 03       		.byte	0x3
 842 02f7 00000000 		.4byte	UART_str
 843 02fb 00       		.byte	0
 844 02fc 0E       		.uleb128 0xe
 845 02fd 48000000 		.4byte	.LVL30
 846 0301 BE040000 		.4byte	0x4be
 847 0305 09       		.uleb128 0x9
 848 0306 01       		.uleb128 0x1
 849 0307 50       		.byte	0x50
 850 0308 01       		.uleb128 0x1
 851 0309 31       		.byte	0x31
 852 030a 00       		.byte	0
 853 030b 00       		.byte	0
 854 030c 0C       		.uleb128 0xc
 855 030d EB010000 		.4byte	.LASF20
 856 0311 02       		.byte	0x2
 857 0312 31       		.byte	0x31
 858 0313 00000000 		.4byte	.LFB68
 859 0317 18000000 		.4byte	.LFE68-.LFB68
 860 031b 01       		.uleb128 0x1
 861 031c 9C       		.byte	0x9c
 862 031d 57030000 		.4byte	0x357
 863 0321 08       		.uleb128 0x8
 864 0322 08000000 		.4byte	.LVL31
 865 0326 BE040000 		.4byte	0x4be
 866 032a 34030000 		.4byte	0x334
 867 032e 09       		.uleb128 0x9
 868 032f 01       		.uleb128 0x1
 869 0330 50       		.byte	0x50
 870 0331 01       		.uleb128 0x1
 871 0332 30       		.byte	0x30
 872 0333 00       		.byte	0
 873 0334 08       		.uleb128 0x8
 874 0335 0E000000 		.4byte	.LVL32
 875 0339 F5040000 		.4byte	0x4f5
 876 033d 47030000 		.4byte	0x347
 877 0341 09       		.uleb128 0x9
 878 0342 01       		.uleb128 0x1
 879 0343 50       		.byte	0x50
 880 0344 01       		.uleb128 0x1
 881 0345 30       		.byte	0x30
 882 0346 00       		.byte	0
 883 0347 0E       		.uleb128 0xe
 884 0348 18000000 		.4byte	.LVL33
 885 034c 00050000 		.4byte	0x500
 886 0350 09       		.uleb128 0x9
 887 0351 01       		.uleb128 0x1
 888 0352 50       		.byte	0x50
 889 0353 01       		.uleb128 0x1
 890 0354 30       		.byte	0x30
 891 0355 00       		.byte	0
 892 0356 00       		.byte	0
 893 0357 0C       		.uleb128 0xc
 894 0358 C0000000 		.4byte	.LASF21
 895 035c 02       		.byte	0x2
 896 035d 3A       		.byte	0x3a
 897 035e 00000000 		.4byte	.LFB69
ARM GAS  C:\Users\Zwe\AppData\Local\Temp\cc5IeEm4.s 			page 19


 898 0362 06000000 		.4byte	.LFE69-.LFB69
 899 0366 01       		.uleb128 0x1
 900 0367 9C       		.byte	0x9c
 901 0368 7C030000 		.4byte	0x37c
 902 036c 0E       		.uleb128 0xe
 903 036d 06000000 		.4byte	.LVL34
 904 0371 BE040000 		.4byte	0x4be
 905 0375 09       		.uleb128 0x9
 906 0376 01       		.uleb128 0x1
 907 0377 50       		.byte	0x50
 908 0378 01       		.uleb128 0x1
 909 0379 31       		.byte	0x31
 910 037a 00       		.byte	0
 911 037b 00       		.byte	0
 912 037c 0C       		.uleb128 0xc
 913 037d 9B010000 		.4byte	.LASF22
 914 0381 02       		.byte	0x2
 915 0382 3F       		.byte	0x3f
 916 0383 00000000 		.4byte	.LFB70
 917 0387 18000000 		.4byte	.LFE70-.LFB70
 918 038b 01       		.uleb128 0x1
 919 038c 9C       		.byte	0x9c
 920 038d C7030000 		.4byte	0x3c7
 921 0391 08       		.uleb128 0x8
 922 0392 08000000 		.4byte	.LVL35
 923 0396 BE040000 		.4byte	0x4be
 924 039a A4030000 		.4byte	0x3a4
 925 039e 09       		.uleb128 0x9
 926 039f 01       		.uleb128 0x1
 927 03a0 50       		.byte	0x50
 928 03a1 01       		.uleb128 0x1
 929 03a2 30       		.byte	0x30
 930 03a3 00       		.byte	0
 931 03a4 08       		.uleb128 0x8
 932 03a5 0E000000 		.4byte	.LVL36
 933 03a9 F5040000 		.4byte	0x4f5
 934 03ad B7030000 		.4byte	0x3b7
 935 03b1 09       		.uleb128 0x9
 936 03b2 01       		.uleb128 0x1
 937 03b3 50       		.byte	0x50
 938 03b4 01       		.uleb128 0x1
 939 03b5 31       		.byte	0x31
 940 03b6 00       		.byte	0
 941 03b7 0E       		.uleb128 0xe
 942 03b8 18000000 		.4byte	.LVL37
 943 03bc 00050000 		.4byte	0x500
 944 03c0 09       		.uleb128 0x9
 945 03c1 01       		.uleb128 0x1
 946 03c2 50       		.byte	0x50
 947 03c3 01       		.uleb128 0x1
 948 03c4 31       		.byte	0x31
 949 03c5 00       		.byte	0
 950 03c6 00       		.byte	0
 951 03c7 0F       		.uleb128 0xf
 952 03c8 C5000000 		.4byte	.LASF23
 953 03cc 06       		.byte	0x6
 954 03cd 1207     		.2byte	0x712
ARM GAS  C:\Users\Zwe\AppData\Local\Temp\cc5IeEm4.s 			page 20


 955 03cf D3030000 		.4byte	0x3d3
 956 03d3 10       		.uleb128 0x10
 957 03d4 76000000 		.4byte	0x76
 958 03d8 11       		.uleb128 0x11
 959 03d9 F8010000 		.4byte	.LASF24
 960 03dd 01       		.byte	0x1
 961 03de 0A       		.byte	0xa
 962 03df 81000000 		.4byte	0x81
 963 03e3 05       		.uleb128 0x5
 964 03e4 03       		.byte	0x3
 965 03e5 00000000 		.4byte	count
 966 03e9 11       		.uleb128 0x11
 967 03ea 64000000 		.4byte	.LASF25
 968 03ee 01       		.byte	0x1
 969 03ef 0B       		.byte	0xb
 970 03f0 8D000000 		.4byte	0x8d
 971 03f4 05       		.uleb128 0x5
 972 03f5 03       		.byte	0x3
 973 03f6 00000000 		.4byte	distance
 974 03fa 12       		.uleb128 0x12
 975 03fb 9B000000 		.4byte	0x9b
 976 03ff 0A040000 		.4byte	0x40a
 977 0403 13       		.uleb128 0x13
 978 0404 A9000000 		.4byte	0xa9
 979 0408 63       		.byte	0x63
 980 0409 00       		.byte	0
 981 040a 11       		.uleb128 0x11
 982 040b 3F010000 		.4byte	.LASF26
 983 040f 01       		.byte	0x1
 984 0410 0C       		.byte	0xc
 985 0411 FA030000 		.4byte	0x3fa
 986 0415 05       		.uleb128 0x5
 987 0416 03       		.byte	0x3
 988 0417 00000000 		.4byte	distance_str
 989 041b 11       		.uleb128 0x11
 990 041c 73000000 		.4byte	.LASF27
 991 0420 01       		.byte	0x1
 992 0421 0D       		.byte	0xd
 993 0422 8D000000 		.4byte	0x8d
 994 0426 05       		.uleb128 0x5
 995 0427 03       		.byte	0x3
 996 0428 00000000 		.4byte	jaja
 997 042c 11       		.uleb128 0x11
 998 042d 57010000 		.4byte	.LASF28
 999 0431 01       		.byte	0x1
 1000 0432 0E       		.byte	0xe
 1001 0433 3D040000 		.4byte	0x43d
 1002 0437 05       		.uleb128 0x5
 1003 0438 03       		.byte	0x3
 1004 0439 00000000 		.4byte	obst_detect
 1005 043d 02       		.uleb128 0x2
 1006 043e 01       		.byte	0x1
 1007 043f 02       		.byte	0x2
 1008 0440 05030000 		.4byte	.LASF29
 1009 0444 11       		.uleb128 0x11
 1010 0445 0D000000 		.4byte	.LASF30
 1011 0449 02       		.byte	0x2
ARM GAS  C:\Users\Zwe\AppData\Local\Temp\cc5IeEm4.s 			page 21


 1012 044a 0B       		.byte	0xb
 1013 044b 81000000 		.4byte	0x81
 1014 044f 05       		.uleb128 0x5
 1015 0450 03       		.byte	0x3
 1016 0451 00000000 		.4byte	right_count
 1017 0455 11       		.uleb128 0x11
 1018 0456 FE010000 		.4byte	.LASF31
 1019 045a 02       		.byte	0x2
 1020 045b 0C       		.byte	0xc
 1021 045c 81000000 		.4byte	0x81
 1022 0460 05       		.uleb128 0x5
 1023 0461 03       		.byte	0x3
 1024 0462 00000000 		.4byte	left_count
 1025 0466 12       		.uleb128 0x12
 1026 0467 9B000000 		.4byte	0x9b
 1027 046b 76040000 		.4byte	0x476
 1028 046f 13       		.uleb128 0x13
 1029 0470 A9000000 		.4byte	0xa9
 1030 0474 27       		.byte	0x27
 1031 0475 00       		.byte	0
 1032 0476 11       		.uleb128 0x11
 1033 0477 2E020000 		.4byte	.LASF32
 1034 047b 02       		.byte	0x2
 1035 047c 0D       		.byte	0xd
 1036 047d 66040000 		.4byte	0x466
 1037 0481 05       		.uleb128 0x5
 1038 0482 03       		.byte	0x3
 1039 0483 00000000 		.4byte	UART_str
 1040 0487 14       		.uleb128 0x14
 1041 0488 13020000 		.4byte	.LASF33
 1042 048c 13020000 		.4byte	.LASF33
 1043 0490 07       		.byte	0x7
 1044 0491 5E       		.byte	0x5e
 1045 0492 14       		.uleb128 0x14
 1046 0493 D7010000 		.4byte	.LASF34
 1047 0497 D7010000 		.4byte	.LASF34
 1048 049b 07       		.byte	0x7
 1049 049c 69       		.byte	0x69
 1050 049d 14       		.uleb128 0x14
 1051 049e 0B030000 		.4byte	.LASF35
 1052 04a2 0B030000 		.4byte	.LASF35
 1053 04a6 08       		.byte	0x8
 1054 04a7 E7       		.byte	0xe7
 1055 04a8 14       		.uleb128 0x14
 1056 04a9 F4020000 		.4byte	.LASF36
 1057 04ad F4020000 		.4byte	.LASF36
 1058 04b1 09       		.byte	0x9
 1059 04b2 8B       		.byte	0x8b
 1060 04b3 14       		.uleb128 0x14
 1061 04b4 19000000 		.4byte	.LASF37
 1062 04b8 19000000 		.4byte	.LASF37
 1063 04bc 0A       		.byte	0xa
 1064 04bd 26       		.byte	0x26
 1065 04be 14       		.uleb128 0x14
 1066 04bf 87010000 		.4byte	.LASF38
 1067 04c3 87010000 		.4byte	.LASF38
 1068 04c7 0B       		.byte	0xb
ARM GAS  C:\Users\Zwe\AppData\Local\Temp\cc5IeEm4.s 			page 22


 1069 04c8 2F       		.byte	0x2f
 1070 04c9 14       		.uleb128 0x14
 1071 04ca DA020000 		.4byte	.LASF39
 1072 04ce DA020000 		.4byte	.LASF39
 1073 04d2 0C       		.byte	0xc
 1074 04d3 29       		.byte	0x29
 1075 04d4 14       		.uleb128 0x14
 1076 04d5 23000000 		.4byte	.LASF40
 1077 04d9 23000000 		.4byte	.LASF40
 1078 04dd 0D       		.byte	0xd
 1079 04de 26       		.byte	0x26
 1080 04df 14       		.uleb128 0x14
 1081 04e0 C8010000 		.4byte	.LASF41
 1082 04e4 C8010000 		.4byte	.LASF41
 1083 04e8 0E       		.byte	0xe
 1084 04e9 77       		.byte	0x77
 1085 04ea 14       		.uleb128 0x14
 1086 04eb 13030000 		.4byte	.LASF42
 1087 04ef 13030000 		.4byte	.LASF42
 1088 04f3 0E       		.byte	0xe
 1089 04f4 76       		.byte	0x76
 1090 04f5 14       		.uleb128 0x14
 1091 04f6 1B030000 		.4byte	.LASF43
 1092 04fa 1B030000 		.4byte	.LASF43
 1093 04fe 0F       		.byte	0xf
 1094 04ff 26       		.byte	0x26
 1095 0500 14       		.uleb128 0x14
 1096 0501 00000000 		.4byte	.LASF44
 1097 0505 00000000 		.4byte	.LASF44
 1098 0509 10       		.byte	0x10
 1099 050a 26       		.byte	0x26
 1100 050b 14       		.uleb128 0x14
 1101 050c 3B000000 		.4byte	.LASF45
 1102 0510 3B000000 		.4byte	.LASF45
 1103 0514 11       		.byte	0x11
 1104 0515 5D       		.byte	0x5d
 1105 0516 14       		.uleb128 0x14
 1106 0517 82000000 		.4byte	.LASF46
 1107 051b 82000000 		.4byte	.LASF46
 1108 051f 12       		.byte	0x12
 1109 0520 5D       		.byte	0x5d
 1110 0521 00       		.byte	0
 1111              		.section	.debug_abbrev,"",%progbits
 1112              	.Ldebug_abbrev0:
 1113 0000 01       		.uleb128 0x1
 1114 0001 11       		.uleb128 0x11
 1115 0002 01       		.byte	0x1
 1116 0003 25       		.uleb128 0x25
 1117 0004 0E       		.uleb128 0xe
 1118 0005 13       		.uleb128 0x13
 1119 0006 0B       		.uleb128 0xb
 1120 0007 03       		.uleb128 0x3
 1121 0008 0E       		.uleb128 0xe
 1122 0009 1B       		.uleb128 0x1b
 1123 000a 0E       		.uleb128 0xe
 1124 000b 55       		.uleb128 0x55
 1125 000c 17       		.uleb128 0x17
ARM GAS  C:\Users\Zwe\AppData\Local\Temp\cc5IeEm4.s 			page 23


 1126 000d 11       		.uleb128 0x11
 1127 000e 01       		.uleb128 0x1
 1128 000f 10       		.uleb128 0x10
 1129 0010 17       		.uleb128 0x17
 1130 0011 00       		.byte	0
 1131 0012 00       		.byte	0
 1132 0013 02       		.uleb128 0x2
 1133 0014 24       		.uleb128 0x24
 1134 0015 00       		.byte	0
 1135 0016 0B       		.uleb128 0xb
 1136 0017 0B       		.uleb128 0xb
 1137 0018 3E       		.uleb128 0x3e
 1138 0019 0B       		.uleb128 0xb
 1139 001a 03       		.uleb128 0x3
 1140 001b 0E       		.uleb128 0xe
 1141 001c 00       		.byte	0
 1142 001d 00       		.byte	0
 1143 001e 03       		.uleb128 0x3
 1144 001f 16       		.uleb128 0x16
 1145 0020 00       		.byte	0
 1146 0021 03       		.uleb128 0x3
 1147 0022 0E       		.uleb128 0xe
 1148 0023 3A       		.uleb128 0x3a
 1149 0024 0B       		.uleb128 0xb
 1150 0025 3B       		.uleb128 0x3b
 1151 0026 0B       		.uleb128 0xb
 1152 0027 49       		.uleb128 0x49
 1153 0028 13       		.uleb128 0x13
 1154 0029 00       		.byte	0
 1155 002a 00       		.byte	0
 1156 002b 04       		.uleb128 0x4
 1157 002c 24       		.uleb128 0x24
 1158 002d 00       		.byte	0
 1159 002e 0B       		.uleb128 0xb
 1160 002f 0B       		.uleb128 0xb
 1161 0030 3E       		.uleb128 0x3e
 1162 0031 0B       		.uleb128 0xb
 1163 0032 03       		.uleb128 0x3
 1164 0033 08       		.uleb128 0x8
 1165 0034 00       		.byte	0
 1166 0035 00       		.byte	0
 1167 0036 05       		.uleb128 0x5
 1168 0037 16       		.uleb128 0x16
 1169 0038 00       		.byte	0
 1170 0039 03       		.uleb128 0x3
 1171 003a 0E       		.uleb128 0xe
 1172 003b 3A       		.uleb128 0x3a
 1173 003c 0B       		.uleb128 0xb
 1174 003d 3B       		.uleb128 0x3b
 1175 003e 05       		.uleb128 0x5
 1176 003f 49       		.uleb128 0x49
 1177 0040 13       		.uleb128 0x13
 1178 0041 00       		.byte	0
 1179 0042 00       		.byte	0
 1180 0043 06       		.uleb128 0x6
 1181 0044 2E       		.uleb128 0x2e
 1182 0045 01       		.byte	0x1
ARM GAS  C:\Users\Zwe\AppData\Local\Temp\cc5IeEm4.s 			page 24


 1183 0046 3F       		.uleb128 0x3f
 1184 0047 19       		.uleb128 0x19
 1185 0048 03       		.uleb128 0x3
 1186 0049 0E       		.uleb128 0xe
 1187 004a 3A       		.uleb128 0x3a
 1188 004b 0B       		.uleb128 0xb
 1189 004c 3B       		.uleb128 0x3b
 1190 004d 0B       		.uleb128 0xb
 1191 004e 27       		.uleb128 0x27
 1192 004f 19       		.uleb128 0x19
 1193 0050 11       		.uleb128 0x11
 1194 0051 01       		.uleb128 0x1
 1195 0052 12       		.uleb128 0x12
 1196 0053 06       		.uleb128 0x6
 1197 0054 40       		.uleb128 0x40
 1198 0055 18       		.uleb128 0x18
 1199 0056 9642     		.uleb128 0x2116
 1200 0058 19       		.uleb128 0x19
 1201 0059 01       		.uleb128 0x1
 1202 005a 13       		.uleb128 0x13
 1203 005b 00       		.byte	0
 1204 005c 00       		.byte	0
 1205 005d 07       		.uleb128 0x7
 1206 005e 898201   		.uleb128 0x4109
 1207 0061 00       		.byte	0
 1208 0062 11       		.uleb128 0x11
 1209 0063 01       		.uleb128 0x1
 1210 0064 31       		.uleb128 0x31
 1211 0065 13       		.uleb128 0x13
 1212 0066 00       		.byte	0
 1213 0067 00       		.byte	0
 1214 0068 08       		.uleb128 0x8
 1215 0069 898201   		.uleb128 0x4109
 1216 006c 01       		.byte	0x1
 1217 006d 11       		.uleb128 0x11
 1218 006e 01       		.uleb128 0x1
 1219 006f 31       		.uleb128 0x31
 1220 0070 13       		.uleb128 0x13
 1221 0071 01       		.uleb128 0x1
 1222 0072 13       		.uleb128 0x13
 1223 0073 00       		.byte	0
 1224 0074 00       		.byte	0
 1225 0075 09       		.uleb128 0x9
 1226 0076 8A8201   		.uleb128 0x410a
 1227 0079 00       		.byte	0
 1228 007a 02       		.uleb128 0x2
 1229 007b 18       		.uleb128 0x18
 1230 007c 9142     		.uleb128 0x2111
 1231 007e 18       		.uleb128 0x18
 1232 007f 00       		.byte	0
 1233 0080 00       		.byte	0
 1234 0081 0A       		.uleb128 0xa
 1235 0082 898201   		.uleb128 0x4109
 1236 0085 01       		.byte	0x1
 1237 0086 11       		.uleb128 0x11
 1238 0087 01       		.uleb128 0x1
 1239 0088 9542     		.uleb128 0x2115
ARM GAS  C:\Users\Zwe\AppData\Local\Temp\cc5IeEm4.s 			page 25


 1240 008a 19       		.uleb128 0x19
 1241 008b 31       		.uleb128 0x31
 1242 008c 13       		.uleb128 0x13
 1243 008d 01       		.uleb128 0x1
 1244 008e 13       		.uleb128 0x13
 1245 008f 00       		.byte	0
 1246 0090 00       		.byte	0
 1247 0091 0B       		.uleb128 0xb
 1248 0092 898201   		.uleb128 0x4109
 1249 0095 00       		.byte	0
 1250 0096 11       		.uleb128 0x11
 1251 0097 01       		.uleb128 0x1
 1252 0098 9542     		.uleb128 0x2115
 1253 009a 19       		.uleb128 0x19
 1254 009b 31       		.uleb128 0x31
 1255 009c 13       		.uleb128 0x13
 1256 009d 00       		.byte	0
 1257 009e 00       		.byte	0
 1258 009f 0C       		.uleb128 0xc
 1259 00a0 2E       		.uleb128 0x2e
 1260 00a1 01       		.byte	0x1
 1261 00a2 3F       		.uleb128 0x3f
 1262 00a3 19       		.uleb128 0x19
 1263 00a4 03       		.uleb128 0x3
 1264 00a5 0E       		.uleb128 0xe
 1265 00a6 3A       		.uleb128 0x3a
 1266 00a7 0B       		.uleb128 0xb
 1267 00a8 3B       		.uleb128 0x3b
 1268 00a9 0B       		.uleb128 0xb
 1269 00aa 11       		.uleb128 0x11
 1270 00ab 01       		.uleb128 0x1
 1271 00ac 12       		.uleb128 0x12
 1272 00ad 06       		.uleb128 0x6
 1273 00ae 40       		.uleb128 0x40
 1274 00af 18       		.uleb128 0x18
 1275 00b0 9742     		.uleb128 0x2117
 1276 00b2 19       		.uleb128 0x19
 1277 00b3 01       		.uleb128 0x1
 1278 00b4 13       		.uleb128 0x13
 1279 00b5 00       		.byte	0
 1280 00b6 00       		.byte	0
 1281 00b7 0D       		.uleb128 0xd
 1282 00b8 898201   		.uleb128 0x4109
 1283 00bb 01       		.byte	0x1
 1284 00bc 11       		.uleb128 0x11
 1285 00bd 01       		.uleb128 0x1
 1286 00be 31       		.uleb128 0x31
 1287 00bf 13       		.uleb128 0x13
 1288 00c0 00       		.byte	0
 1289 00c1 00       		.byte	0
 1290 00c2 0E       		.uleb128 0xe
 1291 00c3 898201   		.uleb128 0x4109
 1292 00c6 01       		.byte	0x1
 1293 00c7 11       		.uleb128 0x11
 1294 00c8 01       		.uleb128 0x1
 1295 00c9 9542     		.uleb128 0x2115
 1296 00cb 19       		.uleb128 0x19
ARM GAS  C:\Users\Zwe\AppData\Local\Temp\cc5IeEm4.s 			page 26


 1297 00cc 31       		.uleb128 0x31
 1298 00cd 13       		.uleb128 0x13
 1299 00ce 00       		.byte	0
 1300 00cf 00       		.byte	0
 1301 00d0 0F       		.uleb128 0xf
 1302 00d1 34       		.uleb128 0x34
 1303 00d2 00       		.byte	0
 1304 00d3 03       		.uleb128 0x3
 1305 00d4 0E       		.uleb128 0xe
 1306 00d5 3A       		.uleb128 0x3a
 1307 00d6 0B       		.uleb128 0xb
 1308 00d7 3B       		.uleb128 0x3b
 1309 00d8 05       		.uleb128 0x5
 1310 00d9 49       		.uleb128 0x49
 1311 00da 13       		.uleb128 0x13
 1312 00db 3F       		.uleb128 0x3f
 1313 00dc 19       		.uleb128 0x19
 1314 00dd 3C       		.uleb128 0x3c
 1315 00de 19       		.uleb128 0x19
 1316 00df 00       		.byte	0
 1317 00e0 00       		.byte	0
 1318 00e1 10       		.uleb128 0x10
 1319 00e2 35       		.uleb128 0x35
 1320 00e3 00       		.byte	0
 1321 00e4 49       		.uleb128 0x49
 1322 00e5 13       		.uleb128 0x13
 1323 00e6 00       		.byte	0
 1324 00e7 00       		.byte	0
 1325 00e8 11       		.uleb128 0x11
 1326 00e9 34       		.uleb128 0x34
 1327 00ea 00       		.byte	0
 1328 00eb 03       		.uleb128 0x3
 1329 00ec 0E       		.uleb128 0xe
 1330 00ed 3A       		.uleb128 0x3a
 1331 00ee 0B       		.uleb128 0xb
 1332 00ef 3B       		.uleb128 0x3b
 1333 00f0 0B       		.uleb128 0xb
 1334 00f1 49       		.uleb128 0x49
 1335 00f2 13       		.uleb128 0x13
 1336 00f3 3F       		.uleb128 0x3f
 1337 00f4 19       		.uleb128 0x19
 1338 00f5 02       		.uleb128 0x2
 1339 00f6 18       		.uleb128 0x18
 1340 00f7 00       		.byte	0
 1341 00f8 00       		.byte	0
 1342 00f9 12       		.uleb128 0x12
 1343 00fa 01       		.uleb128 0x1
 1344 00fb 01       		.byte	0x1
 1345 00fc 49       		.uleb128 0x49
 1346 00fd 13       		.uleb128 0x13
 1347 00fe 01       		.uleb128 0x1
 1348 00ff 13       		.uleb128 0x13
 1349 0100 00       		.byte	0
 1350 0101 00       		.byte	0
 1351 0102 13       		.uleb128 0x13
 1352 0103 21       		.uleb128 0x21
 1353 0104 00       		.byte	0
ARM GAS  C:\Users\Zwe\AppData\Local\Temp\cc5IeEm4.s 			page 27


 1354 0105 49       		.uleb128 0x49
 1355 0106 13       		.uleb128 0x13
 1356 0107 2F       		.uleb128 0x2f
 1357 0108 0B       		.uleb128 0xb
 1358 0109 00       		.byte	0
 1359 010a 00       		.byte	0
 1360 010b 14       		.uleb128 0x14
 1361 010c 2E       		.uleb128 0x2e
 1362 010d 00       		.byte	0
 1363 010e 3F       		.uleb128 0x3f
 1364 010f 19       		.uleb128 0x19
 1365 0110 3C       		.uleb128 0x3c
 1366 0111 19       		.uleb128 0x19
 1367 0112 6E       		.uleb128 0x6e
 1368 0113 0E       		.uleb128 0xe
 1369 0114 03       		.uleb128 0x3
 1370 0115 0E       		.uleb128 0xe
 1371 0116 3A       		.uleb128 0x3a
 1372 0117 0B       		.uleb128 0xb
 1373 0118 3B       		.uleb128 0x3b
 1374 0119 0B       		.uleb128 0xb
 1375 011a 00       		.byte	0
 1376 011b 00       		.byte	0
 1377 011c 00       		.byte	0
 1378              		.section	.debug_aranges,"",%progbits
 1379 0000 4C000000 		.4byte	0x4c
 1380 0004 0200     		.2byte	0x2
 1381 0006 00000000 		.4byte	.Ldebug_info0
 1382 000a 04       		.byte	0x4
 1383 000b 00       		.byte	0
 1384 000c 0000     		.2byte	0
 1385 000e 0000     		.2byte	0
 1386 0010 00000000 		.4byte	.LFB64
 1387 0014 68000000 		.4byte	.LFE64-.LFB64
 1388 0018 00000000 		.4byte	.LFB65
 1389 001c 34000000 		.4byte	.LFE65-.LFB65
 1390 0020 00000000 		.4byte	.LFB66
 1391 0024 5C000000 		.4byte	.LFE66-.LFB66
 1392 0028 00000000 		.4byte	.LFB67
 1393 002c 5C000000 		.4byte	.LFE67-.LFB67
 1394 0030 00000000 		.4byte	.LFB68
 1395 0034 18000000 		.4byte	.LFE68-.LFB68
 1396 0038 00000000 		.4byte	.LFB69
 1397 003c 06000000 		.4byte	.LFE69-.LFB69
 1398 0040 00000000 		.4byte	.LFB70
 1399 0044 18000000 		.4byte	.LFE70-.LFB70
 1400 0048 00000000 		.4byte	0
 1401 004c 00000000 		.4byte	0
 1402              		.section	.debug_ranges,"",%progbits
 1403              	.Ldebug_ranges0:
 1404 0000 00000000 		.4byte	.LFB64
 1405 0004 68000000 		.4byte	.LFE64
 1406 0008 00000000 		.4byte	.LFB65
 1407 000c 34000000 		.4byte	.LFE65
 1408 0010 00000000 		.4byte	.LFB66
 1409 0014 5C000000 		.4byte	.LFE66
 1410 0018 00000000 		.4byte	.LFB67
ARM GAS  C:\Users\Zwe\AppData\Local\Temp\cc5IeEm4.s 			page 28


 1411 001c 5C000000 		.4byte	.LFE67
 1412 0020 00000000 		.4byte	.LFB68
 1413 0024 18000000 		.4byte	.LFE68
 1414 0028 00000000 		.4byte	.LFB69
 1415 002c 06000000 		.4byte	.LFE69
 1416 0030 00000000 		.4byte	.LFB70
 1417 0034 18000000 		.4byte	.LFE70
 1418 0038 00000000 		.4byte	0
 1419 003c 00000000 		.4byte	0
 1420              		.section	.debug_line,"",%progbits
 1421              	.Ldebug_line0:
 1422 0000 17030000 		.section	.debug_str,"MS",%progbits,1
 1422      02006B02 
 1422      00000201 
 1422      FB0E0D00 
 1422      01010101 
 1423              	.LASF44:
 1424 0000 6469725F 		.ascii	"dir_lw_Write\000"
 1424      6C775F57 
 1424      72697465 
 1424      00
 1425              	.LASF30:
 1426 000d 72696768 		.ascii	"right_count\000"
 1426      745F636F 
 1426      756E7400 
 1427              	.LASF37:
 1428 0019 4C45445F 		.ascii	"LED_Write\000"
 1428      57726974 
 1428      6500
 1429              	.LASF40:
 1430 0023 54726967 		.ascii	"Trigger_Write\000"
 1430      6765725F 
 1430      57726974 
 1430      6500
 1431              	.LASF9:
 1432 0031 5F5F696E 		.ascii	"__int32_t\000"
 1432      7433325F 
 1432      7400
 1433              	.LASF45:
 1434 003b 436F756E 		.ascii	"Counter_right_ReadCounter\000"
 1434      7465725F 
 1434      72696768 
 1434      745F5265 
 1434      6164436F 
 1435              	.LASF17:
 1436 0055 53656E73 		.ascii	"Sense\000"
 1436      6500
 1437              	.LASF48:
 1438 005b 68656164 		.ascii	"header.c\000"
 1438      65722E63 
 1438      00
 1439              	.LASF25:
 1440 0064 64697374 		.ascii	"distance\000"
 1440      616E6365 
 1440      00
 1441              	.LASF12:
 1442 006d 666C6F61 		.ascii	"float\000"
ARM GAS  C:\Users\Zwe\AppData\Local\Temp\cc5IeEm4.s 			page 29


 1442      7400
 1443              	.LASF27:
 1444 0073 6A616A61 		.ascii	"jaja\000"
 1444      00
 1445              	.LASF18:
 1446 0078 7475726E 		.ascii	"turn_anti\000"
 1446      5F616E74 
 1446      6900
 1447              	.LASF46:
 1448 0082 436F756E 		.ascii	"Counter_left_ReadCounter\000"
 1448      7465725F 
 1448      6C656674 
 1448      5F526561 
 1448      64436F75 
 1449              	.LASF5:
 1450 009b 6C6F6E67 		.ascii	"long unsigned int\000"
 1450      20756E73 
 1450      69676E65 
 1450      6420696E 
 1450      7400
 1451              	.LASF3:
 1452 00ad 73686F72 		.ascii	"short unsigned int\000"
 1452      7420756E 
 1452      7369676E 
 1452      65642069 
 1452      6E7400
 1453              	.LASF21:
 1454 00c0 73746F70 		.ascii	"stop\000"
 1454      00
 1455              	.LASF23:
 1456 00c5 49544D5F 		.ascii	"ITM_RxBuffer\000"
 1456      52784275 
 1456      66666572 
 1456      00
 1457              	.LASF1:
 1458 00d2 756E7369 		.ascii	"unsigned char\000"
 1458      676E6564 
 1458      20636861 
 1458      7200
 1459              	.LASF49:
 1460 00e0 433A5C55 		.ascii	"C:\\Users\\Zwe\\Desktop\\Monash\\Y3S2\\ECE3091 - EN"
 1460      73657273 
 1460      5C5A7765 
 1460      5C446573 
 1460      6B746F70 
 1461 010d 47494E45 		.ascii	"GINEERING DESIGN\\bcd\\Design01.cydsn\000"
 1461      4552494E 
 1461      47204445 
 1461      5349474E 
 1461      5C626364 
 1462              	.LASF13:
 1463 0131 646F7562 		.ascii	"double\000"
 1463      6C6500
 1464              	.LASF11:
 1465 0138 75696E74 		.ascii	"uint16\000"
 1465      313600
 1466              	.LASF26:
ARM GAS  C:\Users\Zwe\AppData\Local\Temp\cc5IeEm4.s 			page 30


 1467 013f 64697374 		.ascii	"distance_str\000"
 1467      616E6365 
 1467      5F737472 
 1467      00
 1468              	.LASF19:
 1469 014c 7475726E 		.ascii	"turn_clock\000"
 1469      5F636C6F 
 1469      636B00
 1470              	.LASF28:
 1471 0157 6F627374 		.ascii	"obst_detect\000"
 1471      5F646574 
 1471      65637400 
 1472              	.LASF8:
 1473 0163 756E7369 		.ascii	"unsigned int\000"
 1473      676E6564 
 1473      20696E74 
 1473      00
 1474              	.LASF7:
 1475 0170 6C6F6E67 		.ascii	"long long unsigned int\000"
 1475      206C6F6E 
 1475      6720756E 
 1475      7369676E 
 1475      65642069 
 1476              	.LASF38:
 1477 0187 436F6E74 		.ascii	"Control_Reg_1_Write\000"
 1477      726F6C5F 
 1477      5265675F 
 1477      315F5772 
 1477      69746500 
 1478              	.LASF22:
 1479 019b 6D6F7665 		.ascii	"move_backward\000"
 1479      5F626163 
 1479      6B776172 
 1479      6400
 1480              	.LASF10:
 1481 01a9 696E7433 		.ascii	"int32_t\000"
 1481      325F7400 
 1482              	.LASF16:
 1483 01b1 73697A65 		.ascii	"sizetype\000"
 1483      74797065 
 1483      00
 1484              	.LASF6:
 1485 01ba 6C6F6E67 		.ascii	"long long int\000"
 1485      206C6F6E 
 1485      6720696E 
 1485      7400
 1486              	.LASF41:
 1487 01c8 43794465 		.ascii	"CyDelayUs\000"
 1487      6C617955 
 1487      7300
 1488              	.LASF14:
 1489 01d2 63686172 		.ascii	"char\000"
 1489      00
 1490              	.LASF34:
 1491 01d7 54696D65 		.ascii	"Timer_1_ReadCounter\000"
 1491      725F315F 
 1491      52656164 
ARM GAS  C:\Users\Zwe\AppData\Local\Temp\cc5IeEm4.s 			page 31


 1491      436F756E 
 1491      74657200 
 1492              	.LASF20:
 1493 01eb 6D6F7665 		.ascii	"move_forward\000"
 1493      5F666F72 
 1493      77617264 
 1493      00
 1494              	.LASF24:
 1495 01f8 636F756E 		.ascii	"count\000"
 1495      7400
 1496              	.LASF31:
 1497 01fe 6C656674 		.ascii	"left_count\000"
 1497      5F636F75 
 1497      6E7400
 1498              	.LASF2:
 1499 0209 73686F72 		.ascii	"short int\000"
 1499      7420696E 
 1499      7400
 1500              	.LASF33:
 1501 0213 54696D65 		.ascii	"Timer_1_ReadStatusRegister\000"
 1501      725F315F 
 1501      52656164 
 1501      53746174 
 1501      75735265 
 1502              	.LASF32:
 1503 022e 55415254 		.ascii	"UART_str\000"
 1503      5F737472 
 1503      00
 1504              	.LASF47:
 1505 0237 474E5520 		.ascii	"GNU C11 5.4.1 20160609 (release) [ARM/embedded-5-br"
 1505      43313120 
 1505      352E342E 
 1505      31203230 
 1505      31363036 
 1506 026a 616E6368 		.ascii	"anch revision 237715] -mcpu=cortex-m3 -mthumb -g -O"
 1506      20726576 
 1506      6973696F 
 1506      6E203233 
 1506      37373135 
 1507 029d 73202D66 		.ascii	"s -ffunction-sections -ffat-lto-objects\000"
 1507      66756E63 
 1507      74696F6E 
 1507      2D736563 
 1507      74696F6E 
 1508              	.LASF4:
 1509 02c5 6C6F6E67 		.ascii	"long int\000"
 1509      20696E74 
 1509      00
 1510              	.LASF15:
 1511 02ce 6C6F6E67 		.ascii	"long double\000"
 1511      20646F75 
 1511      626C6500 
 1512              	.LASF39:
 1513 02da 4563686F 		.ascii	"Echo_Pin_Read\000"
 1513      5F50696E 
 1513      5F526561 
 1513      6400
ARM GAS  C:\Users\Zwe\AppData\Local\Temp\cc5IeEm4.s 			page 32


 1514              	.LASF0:
 1515 02e8 7369676E 		.ascii	"signed char\000"
 1515      65642063 
 1515      68617200 
 1516              	.LASF36:
 1517 02f4 55415254 		.ascii	"UART_1_PutString\000"
 1517      5F315F50 
 1517      75745374 
 1517      72696E67 
 1517      00
 1518              	.LASF29:
 1519 0305 5F426F6F 		.ascii	"_Bool\000"
 1519      6C00
 1520              	.LASF35:
 1521 030b 73707269 		.ascii	"sprintf\000"
 1521      6E746600 
 1522              	.LASF42:
 1523 0313 43794465 		.ascii	"CyDelay\000"
 1523      6C617900 
 1524              	.LASF43:
 1525 031b 6469725F 		.ascii	"dir_rw_Write\000"
 1525      72775F57 
 1525      72697465 
 1525      00
 1526              	.LASF50:
 1527 0328 54696D65 		.ascii	"Timer_1_ISR_Handler\000"
 1527      725F315F 
 1527      4953525F 
 1527      48616E64 
 1527      6C657200 
 1528              		.ident	"GCC: (GNU Tools for ARM Embedded Processors) 5.4.1 20160609 (release) [ARM/embedded-5-bran
