ARM GAS  C:\Users\Zwe\AppData\Local\Temp\cc6E3jBJ.s 			page 1


   1              		.syntax unified
   2              		.cpu cortex-m3
   3              		.fpu softvfp
   4              		.eabi_attribute 20, 1
   5              		.eabi_attribute 21, 1
   6              		.eabi_attribute 23, 3
   7              		.eabi_attribute 24, 1
   8              		.eabi_attribute 25, 1
   9              		.eabi_attribute 26, 1
  10              		.eabi_attribute 30, 4
  11              		.eabi_attribute 34, 1
  12              		.eabi_attribute 18, 4
  13              		.thumb
  14              		.syntax unified
  15              		.file	"movement.c"
  16              		.text
  17              	.Ltext0:
  18              		.cfi_sections	.debug_frame
  19              		.section	.text.turn_anti,"ax",%progbits
  20              		.align	1
  21              		.global	turn_anti
  22              		.thumb
  23              		.thumb_func
  24              		.type	turn_anti, %function
  25              	turn_anti:
  26              	.LFB64:
  27              		.file 1 "movement.c"
   1:movement.c    **** #include "header.h"
   2:movement.c    **** #include "math.h"
   3:movement.c    **** #include "stdlib.h"
   4:movement.c    **** 
   5:movement.c    **** 
   6:movement.c    **** uint16 right_count;
   7:movement.c    **** uint16 left_count;
   8:movement.c    **** char UART_str[40];
   9:movement.c    **** 
  10:movement.c    **** void turn_anti()
  11:movement.c    **** {
  28              		.loc 1 11 0
  29              		.cfi_startproc
  30              		@ args = 0, pretend = 0, frame = 0
  31              		@ frame_needed = 0, uses_anonymous_args = 0
  32 0000 10B5     		push	{r4, lr}
  33              		.cfi_def_cfa_offset 8
  34              		.cfi_offset 4, -8
  35              		.cfi_offset 14, -4
  12:movement.c    ****    Control_Reg_1_Write(0); 
  36              		.loc 1 12 0
  37 0002 0020     		movs	r0, #0
  38 0004 FFF7FEFF 		bl	Control_Reg_1_Write
  39              	.LVL0:
  13:movement.c    ****    dir_rw_Write(0);
  40              		.loc 1 13 0
  41 0008 0020     		movs	r0, #0
  42 000a FFF7FEFF 		bl	dir_rw_Write
  43              	.LVL1:
  14:movement.c    ****    dir_lw_Write(1);
ARM GAS  C:\Users\Zwe\AppData\Local\Temp\cc6E3jBJ.s 			page 2


  44              		.loc 1 14 0
  45 000e 0120     		movs	r0, #1
  46 0010 FFF7FEFF 		bl	dir_lw_Write
  47              	.LVL2:
  15:movement.c    ****    right_count = Counter_right_ReadCounter();
  48              		.loc 1 15 0
  49 0014 FFF7FEFF 		bl	Counter_right_ReadCounter
  50              	.LVL3:
  51 0018 0C4C     		ldr	r4, .L4
  52 001a 2080     		strh	r0, [r4]	@ movhi
  16:movement.c    ****    left_count = Counter_left_ReadCounter();
  53              		.loc 1 16 0
  54 001c FFF7FEFF 		bl	Counter_left_ReadCounter
  55              	.LVL4:
  56 0020 0B4A     		ldr	r2, .L4+4
  57 0022 0346     		mov	r3, r0
  58 0024 1080     		strh	r0, [r2]	@ movhi
  17:movement.c    ****    sprintf(UART_str,"Right Count %d  Left Count %d \n",right_count,left_count);
  59              		.loc 1 17 0
  60 0026 0B49     		ldr	r1, .L4+8
  61 0028 2288     		ldrh	r2, [r4]
  62 002a 0B48     		ldr	r0, .L4+12
  63 002c FFF7FEFF 		bl	sprintf
  64              	.LVL5:
  18:movement.c    ****    UART_1_PutString(UART_str);
  65              		.loc 1 18 0
  66 0030 0948     		ldr	r0, .L4+12
  67 0032 FFF7FEFF 		bl	UART_1_PutString
  68              	.LVL6:
  19:movement.c    ****     
  20:movement.c    ****      if(right_count >= 1385)
  69              		.loc 1 20 0
  70 0036 2388     		ldrh	r3, [r4]
  71 0038 B3F5AD6F 		cmp	r3, #1384
  72 003c 04D9     		bls	.L1
  21:movement.c    ****     {
  22:movement.c    ****       Control_Reg_1_Write(1);
  23:movement.c    ****     }
  24:movement.c    ****      
  25:movement.c    **** }
  73              		.loc 1 25 0
  74 003e BDE81040 		pop	{r4, lr}
  75              		.cfi_remember_state
  76              		.cfi_restore 14
  77              		.cfi_restore 4
  78              		.cfi_def_cfa_offset 0
  22:movement.c    ****     }
  79              		.loc 1 22 0
  80 0042 0120     		movs	r0, #1
  81 0044 FFF7FEBF 		b	Control_Reg_1_Write
  82              	.LVL7:
  83              	.L1:
  84              		.cfi_restore_state
  85 0048 10BD     		pop	{r4, pc}
  86              	.L5:
  87 004a 00BF     		.align	2
  88              	.L4:
ARM GAS  C:\Users\Zwe\AppData\Local\Temp\cc6E3jBJ.s 			page 3


  89 004c 00000000 		.word	right_count
  90 0050 00000000 		.word	left_count
  91 0054 00000000 		.word	.LC0
  92 0058 00000000 		.word	UART_str
  93              		.cfi_endproc
  94              	.LFE64:
  95              		.size	turn_anti, .-turn_anti
  96              		.section	.text.turn_clock,"ax",%progbits
  97              		.align	1
  98              		.global	turn_clock
  99              		.thumb
 100              		.thumb_func
 101              		.type	turn_clock, %function
 102              	turn_clock:
 103              	.LFB65:
  26:movement.c    **** 
  27:movement.c    **** void turn_clock()
  28:movement.c    **** {
 104              		.loc 1 28 0
 105              		.cfi_startproc
 106              		@ args = 0, pretend = 0, frame = 0
 107              		@ frame_needed = 0, uses_anonymous_args = 0
 108 0000 10B5     		push	{r4, lr}
 109              		.cfi_def_cfa_offset 8
 110              		.cfi_offset 4, -8
 111              		.cfi_offset 14, -4
  29:movement.c    ****    Control_Reg_1_Write(0);
 112              		.loc 1 29 0
 113 0002 0020     		movs	r0, #0
 114 0004 FFF7FEFF 		bl	Control_Reg_1_Write
 115              	.LVL8:
  30:movement.c    ****    dir_rw_Write(1);
 116              		.loc 1 30 0
 117 0008 0120     		movs	r0, #1
 118 000a FFF7FEFF 		bl	dir_rw_Write
 119              	.LVL9:
  31:movement.c    ****    dir_lw_Write(0);
 120              		.loc 1 31 0
 121 000e 0020     		movs	r0, #0
 122 0010 FFF7FEFF 		bl	dir_lw_Write
 123              	.LVL10:
  32:movement.c    ****    right_count = Counter_right_ReadCounter();
 124              		.loc 1 32 0
 125 0014 FFF7FEFF 		bl	Counter_right_ReadCounter
 126              	.LVL11:
 127 0018 0C4C     		ldr	r4, .L8
 128 001a 2080     		strh	r0, [r4]	@ movhi
  33:movement.c    ****    left_count = Counter_left_ReadCounter();
 129              		.loc 1 33 0
 130 001c FFF7FEFF 		bl	Counter_left_ReadCounter
 131              	.LVL12:
 132 0020 0B4A     		ldr	r2, .L8+4
 133 0022 0346     		mov	r3, r0
 134 0024 1080     		strh	r0, [r2]	@ movhi
  34:movement.c    ****    sprintf(UART_str,"Right Count %d  Left Count %d \n",right_count,left_count);
 135              		.loc 1 34 0
 136 0026 0B49     		ldr	r1, .L8+8
ARM GAS  C:\Users\Zwe\AppData\Local\Temp\cc6E3jBJ.s 			page 4


 137 0028 2288     		ldrh	r2, [r4]
 138 002a 0B48     		ldr	r0, .L8+12
 139 002c FFF7FEFF 		bl	sprintf
 140              	.LVL13:
  35:movement.c    ****    UART_1_PutString(UART_str);
 141              		.loc 1 35 0
 142 0030 0948     		ldr	r0, .L8+12
 143 0032 FFF7FEFF 		bl	UART_1_PutString
 144              	.LVL14:
  36:movement.c    ****     
  37:movement.c    ****      if(right_count >= 1385)
 145              		.loc 1 37 0
 146 0036 2388     		ldrh	r3, [r4]
 147 0038 B3F5AD6F 		cmp	r3, #1384
 148 003c 04D9     		bls	.L6
  38:movement.c    ****     {
  39:movement.c    ****       Control_Reg_1_Write(1);
  40:movement.c    ****     }
  41:movement.c    ****      
  42:movement.c    **** }
 149              		.loc 1 42 0
 150 003e BDE81040 		pop	{r4, lr}
 151              		.cfi_remember_state
 152              		.cfi_restore 14
 153              		.cfi_restore 4
 154              		.cfi_def_cfa_offset 0
  39:movement.c    ****     }
 155              		.loc 1 39 0
 156 0042 0120     		movs	r0, #1
 157 0044 FFF7FEBF 		b	Control_Reg_1_Write
 158              	.LVL15:
 159              	.L6:
 160              		.cfi_restore_state
 161 0048 10BD     		pop	{r4, pc}
 162              	.L9:
 163 004a 00BF     		.align	2
 164              	.L8:
 165 004c 00000000 		.word	right_count
 166 0050 00000000 		.word	left_count
 167 0054 00000000 		.word	.LC0
 168 0058 00000000 		.word	UART_str
 169              		.cfi_endproc
 170              	.LFE65:
 171              		.size	turn_clock, .-turn_clock
 172              		.section	.text.move_forward,"ax",%progbits
 173              		.align	1
 174              		.global	move_forward
 175              		.thumb
 176              		.thumb_func
 177              		.type	move_forward, %function
 178              	move_forward:
 179              	.LFB66:
  43:movement.c    **** 
  44:movement.c    **** void move_forward()
  45:movement.c    **** {
 180              		.loc 1 45 0
 181              		.cfi_startproc
ARM GAS  C:\Users\Zwe\AppData\Local\Temp\cc6E3jBJ.s 			page 5


 182              		@ args = 0, pretend = 0, frame = 0
 183              		@ frame_needed = 0, uses_anonymous_args = 0
 184 0000 08B5     		push	{r3, lr}
 185              		.cfi_def_cfa_offset 8
 186              		.cfi_offset 3, -8
 187              		.cfi_offset 14, -4
  46:movement.c    ****    Control_Reg_1_Write(0);
 188              		.loc 1 46 0
 189 0002 0020     		movs	r0, #0
 190 0004 FFF7FEFF 		bl	Control_Reg_1_Write
 191              	.LVL16:
  47:movement.c    ****    dir_rw_Write(0);
 192              		.loc 1 47 0
 193 0008 0020     		movs	r0, #0
 194 000a FFF7FEFF 		bl	dir_rw_Write
 195              	.LVL17:
  48:movement.c    ****    dir_lw_Write(0);
  49:movement.c    ****  
  50:movement.c    ****    
  51:movement.c    **** }
 196              		.loc 1 51 0
 197 000e BDE80840 		pop	{r3, lr}
 198              		.cfi_restore 14
 199              		.cfi_restore 3
 200              		.cfi_def_cfa_offset 0
  48:movement.c    ****    dir_lw_Write(0);
 201              		.loc 1 48 0
 202 0012 0020     		movs	r0, #0
 203 0014 FFF7FEBF 		b	dir_lw_Write
 204              	.LVL18:
 205              		.cfi_endproc
 206              	.LFE66:
 207              		.size	move_forward, .-move_forward
 208              		.section	.text.stop,"ax",%progbits
 209              		.align	1
 210              		.global	stop
 211              		.thumb
 212              		.thumb_func
 213              		.type	stop, %function
 214              	stop:
 215              	.LFB67:
  52:movement.c    **** 
  53:movement.c    **** void stop()
  54:movement.c    **** {
 216              		.loc 1 54 0
 217              		.cfi_startproc
 218              		@ args = 0, pretend = 0, frame = 0
 219              		@ frame_needed = 0, uses_anonymous_args = 0
 220              		@ link register save eliminated.
  55:movement.c    ****    Control_Reg_1_Write(1);
 221              		.loc 1 55 0
 222 0000 0120     		movs	r0, #1
 223 0002 FFF7FEBF 		b	Control_Reg_1_Write
 224              	.LVL19:
 225              		.cfi_endproc
 226              	.LFE67:
 227              		.size	stop, .-stop
ARM GAS  C:\Users\Zwe\AppData\Local\Temp\cc6E3jBJ.s 			page 6


 228              		.section	.text.move_backward,"ax",%progbits
 229              		.align	1
 230              		.global	move_backward
 231              		.thumb
 232              		.thumb_func
 233              		.type	move_backward, %function
 234              	move_backward:
 235              	.LFB68:
  56:movement.c    **** }
  57:movement.c    **** 
  58:movement.c    **** void move_backward()
  59:movement.c    **** {
 236              		.loc 1 59 0
 237              		.cfi_startproc
 238              		@ args = 0, pretend = 0, frame = 0
 239              		@ frame_needed = 0, uses_anonymous_args = 0
 240 0000 08B5     		push	{r3, lr}
 241              		.cfi_def_cfa_offset 8
 242              		.cfi_offset 3, -8
 243              		.cfi_offset 14, -4
  60:movement.c    ****    Control_Reg_1_Write(0);
 244              		.loc 1 60 0
 245 0002 0020     		movs	r0, #0
 246 0004 FFF7FEFF 		bl	Control_Reg_1_Write
 247              	.LVL20:
  61:movement.c    ****    dir_rw_Write(1);
 248              		.loc 1 61 0
 249 0008 0120     		movs	r0, #1
 250 000a FFF7FEFF 		bl	dir_rw_Write
 251              	.LVL21:
  62:movement.c    ****    dir_lw_Write(1);
  63:movement.c    **** }...
 252              		.loc 1 63 0
 253 000e BDE80840 		pop	{r3, lr}
 254              		.cfi_restore 14
 255              		.cfi_restore 3
 256              		.cfi_def_cfa_offset 0
  62:movement.c    ****    dir_lw_Write(1);
 257              		.loc 1 62 0
 258 0012 0120     		movs	r0, #1
 259 0014 FFF7FEBF 		b	dir_lw_Write
 260              	.LVL22:
 261              		.cfi_endproc
 262              	.LFE68:
 263              		.size	move_backward, .-move_backward
 264              		.comm	UART_str,40,1
 265              		.comm	left_count,2,2
 266              		.comm	right_count,2,2
 267              		.section	.rodata.str1.1,"aMS",%progbits,1
 268              	.LC0:
 269 0000 52696768 		.ascii	"Right Count %d  Left Count %d \012\000"
 269      7420436F 
 269      756E7420 
 269      25642020 
 269      4C656674 
 270              		.text
 271              	.Letext0:
ARM GAS  C:\Users\Zwe\AppData\Local\Temp\cc6E3jBJ.s 			page 7


 272              		.file 2 "c:\\program files (x86)\\cypress\\psoc creator\\4.2\\psoc creator\\import\\gnu\\arm\\5.4.
 273              		.file 3 "c:\\program files (x86)\\cypress\\psoc creator\\4.2\\psoc creator\\import\\gnu\\arm\\5.4.
 274              		.file 4 "Generated_Source\\PSoC5/cytypes.h"
 275              		.file 5 "Generated_Source\\PSoC5/core_cm3.h"
 276              		.file 6 "Generated_Source\\PSoC5/Control_Reg_1.h"
 277              		.file 7 "Generated_Source\\PSoC5/dir_rw.h"
 278              		.file 8 "Generated_Source\\PSoC5/dir_lw.h"
 279              		.file 9 "Generated_Source\\PSoC5/Counter_right.h"
 280              		.file 10 "Generated_Source\\PSoC5/Counter_left.h"
 281              		.file 11 "c:\\program files (x86)\\cypress\\psoc creator\\4.2\\psoc creator\\import\\gnu\\arm\\5.4
 282              		.file 12 "Generated_Source\\PSoC5/UART_1.h"
 283              		.section	.debug_info,"",%progbits
 284              	.Ldebug_info0:
 285 0000 57030000 		.4byte	0x357
 286 0004 0400     		.2byte	0x4
 287 0006 00000000 		.4byte	.Ldebug_abbrev0
 288 000a 04       		.byte	0x4
 289 000b 01       		.uleb128 0x1
 290 000c B5010000 		.4byte	.LASF33
 291 0010 0C       		.byte	0xc
 292 0011 5B010000 		.4byte	.LASF34
 293 0015 AB000000 		.4byte	.LASF35
 294 0019 00000000 		.4byte	.Ldebug_ranges0+0
 295 001d 00000000 		.4byte	0
 296 0021 00000000 		.4byte	.Ldebug_line0
 297 0025 02       		.uleb128 0x2
 298 0026 01       		.byte	0x1
 299 0027 06       		.byte	0x6
 300 0028 58020000 		.4byte	.LASF0
 301 002c 02       		.uleb128 0x2
 302 002d 01       		.byte	0x1
 303 002e 08       		.byte	0x8
 304 002f 9D000000 		.4byte	.LASF1
 305 0033 02       		.uleb128 0x2
 306 0034 02       		.byte	0x2
 307 0035 05       		.byte	0x5
 308 0036 A2010000 		.4byte	.LASF2
 309 003a 02       		.uleb128 0x2
 310 003b 02       		.byte	0x2
 311 003c 07       		.byte	0x7
 312 003d 78000000 		.4byte	.LASF3
 313 0041 03       		.uleb128 0x3
 314 0042 27000000 		.4byte	.LASF12
 315 0046 02       		.byte	0x2
 316 0047 3F       		.byte	0x3f
 317 0048 4C000000 		.4byte	0x4c
 318 004c 02       		.uleb128 0x2
 319 004d 04       		.byte	0x4
 320 004e 05       		.byte	0x5
 321 004f 43020000 		.4byte	.LASF4
 322 0053 02       		.uleb128 0x2
 323 0054 04       		.byte	0x4
 324 0055 07       		.byte	0x7
 325 0056 66000000 		.4byte	.LASF5
 326 005a 02       		.uleb128 0x2
 327 005b 08       		.byte	0x8
 328 005c 05       		.byte	0x5
ARM GAS  C:\Users\Zwe\AppData\Local\Temp\cc6E3jBJ.s 			page 8


 329 005d 77010000 		.4byte	.LASF6
 330 0061 02       		.uleb128 0x2
 331 0062 08       		.byte	0x8
 332 0063 07       		.byte	0x7
 333 0064 22010000 		.4byte	.LASF7
 334 0068 04       		.uleb128 0x4
 335 0069 04       		.byte	0x4
 336 006a 05       		.byte	0x5
 337 006b 696E7400 		.ascii	"int\000"
 338 006f 02       		.uleb128 0x2
 339 0070 04       		.byte	0x4
 340 0071 07       		.byte	0x7
 341 0072 15010000 		.4byte	.LASF8
 342 0076 02       		.uleb128 0x2
 343 0077 08       		.byte	0x8
 344 0078 04       		.byte	0x4
 345 0079 4C020000 		.4byte	.LASF9
 346 007d 02       		.uleb128 0x2
 347 007e 04       		.byte	0x4
 348 007f 07       		.byte	0x7
 349 0080 6E010000 		.4byte	.LASF10
 350 0084 02       		.uleb128 0x2
 351 0085 01       		.byte	0x1
 352 0086 08       		.byte	0x8
 353 0087 85010000 		.4byte	.LASF11
 354 008b 03       		.uleb128 0x3
 355 008c 66010000 		.4byte	.LASF13
 356 0090 03       		.byte	0x3
 357 0091 2C       		.byte	0x2c
 358 0092 41000000 		.4byte	0x41
 359 0096 05       		.uleb128 0x5
 360 0097 03010000 		.4byte	.LASF14
 361 009b 04       		.byte	0x4
 362 009c E501     		.2byte	0x1e5
 363 009e 3A000000 		.4byte	0x3a
 364 00a2 02       		.uleb128 0x2
 365 00a3 04       		.byte	0x4
 366 00a4 04       		.byte	0x4
 367 00a5 31000000 		.4byte	.LASF15
 368 00a9 02       		.uleb128 0x2
 369 00aa 08       		.byte	0x8
 370 00ab 04       		.byte	0x4
 371 00ac FC000000 		.4byte	.LASF16
 372 00b0 06       		.uleb128 0x6
 373 00b1 43000000 		.4byte	.LASF17
 374 00b5 01       		.byte	0x1
 375 00b6 0A       		.byte	0xa
 376 00b7 00000000 		.4byte	.LFB64
 377 00bb 5C000000 		.4byte	.LFE64-.LFB64
 378 00bf 01       		.uleb128 0x1
 379 00c0 9C       		.byte	0x9c
 380 00c1 57010000 		.4byte	0x157
 381 00c5 07       		.uleb128 0x7
 382 00c6 08000000 		.4byte	.LVL0
 383 00ca 0D030000 		.4byte	0x30d
 384 00ce D8000000 		.4byte	0xd8
 385 00d2 08       		.uleb128 0x8
ARM GAS  C:\Users\Zwe\AppData\Local\Temp\cc6E3jBJ.s 			page 9


 386 00d3 01       		.uleb128 0x1
 387 00d4 50       		.byte	0x50
 388 00d5 01       		.uleb128 0x1
 389 00d6 30       		.byte	0x30
 390 00d7 00       		.byte	0
 391 00d8 07       		.uleb128 0x7
 392 00d9 0E000000 		.4byte	.LVL1
 393 00dd 18030000 		.4byte	0x318
 394 00e1 EB000000 		.4byte	0xeb
 395 00e5 08       		.uleb128 0x8
 396 00e6 01       		.uleb128 0x1
 397 00e7 50       		.byte	0x50
 398 00e8 01       		.uleb128 0x1
 399 00e9 30       		.byte	0x30
 400 00ea 00       		.byte	0
 401 00eb 07       		.uleb128 0x7
 402 00ec 14000000 		.4byte	.LVL2
 403 00f0 23030000 		.4byte	0x323
 404 00f4 FE000000 		.4byte	0xfe
 405 00f8 08       		.uleb128 0x8
 406 00f9 01       		.uleb128 0x1
 407 00fa 50       		.byte	0x50
 408 00fb 01       		.uleb128 0x1
 409 00fc 31       		.byte	0x31
 410 00fd 00       		.byte	0
 411 00fe 09       		.uleb128 0x9
 412 00ff 18000000 		.4byte	.LVL3
 413 0103 2E030000 		.4byte	0x32e
 414 0107 09       		.uleb128 0x9
 415 0108 20000000 		.4byte	.LVL4
 416 010c 39030000 		.4byte	0x339
 417 0110 07       		.uleb128 0x7
 418 0111 30000000 		.4byte	.LVL5
 419 0115 44030000 		.4byte	0x344
 420 0119 30010000 		.4byte	0x130
 421 011d 08       		.uleb128 0x8
 422 011e 01       		.uleb128 0x1
 423 011f 50       		.byte	0x50
 424 0120 05       		.uleb128 0x5
 425 0121 03       		.byte	0x3
 426 0122 00000000 		.4byte	UART_str
 427 0126 08       		.uleb128 0x8
 428 0127 01       		.uleb128 0x1
 429 0128 51       		.byte	0x51
 430 0129 05       		.uleb128 0x5
 431 012a 03       		.byte	0x3
 432 012b 00000000 		.4byte	.LC0
 433 012f 00       		.byte	0
 434 0130 07       		.uleb128 0x7
 435 0131 36000000 		.4byte	.LVL6
 436 0135 4F030000 		.4byte	0x34f
 437 0139 47010000 		.4byte	0x147
 438 013d 08       		.uleb128 0x8
 439 013e 01       		.uleb128 0x1
 440 013f 50       		.byte	0x50
 441 0140 05       		.uleb128 0x5
 442 0141 03       		.byte	0x3
ARM GAS  C:\Users\Zwe\AppData\Local\Temp\cc6E3jBJ.s 			page 10


 443 0142 00000000 		.4byte	UART_str
 444 0146 00       		.byte	0
 445 0147 0A       		.uleb128 0xa
 446 0148 48000000 		.4byte	.LVL7
 447 014c 0D030000 		.4byte	0x30d
 448 0150 08       		.uleb128 0x8
 449 0151 01       		.uleb128 0x1
 450 0152 50       		.byte	0x50
 451 0153 01       		.uleb128 0x1
 452 0154 31       		.byte	0x31
 453 0155 00       		.byte	0
 454 0156 00       		.byte	0
 455 0157 06       		.uleb128 0x6
 456 0158 0A010000 		.4byte	.LASF18
 457 015c 01       		.byte	0x1
 458 015d 1B       		.byte	0x1b
 459 015e 00000000 		.4byte	.LFB65
 460 0162 5C000000 		.4byte	.LFE65-.LFB65
 461 0166 01       		.uleb128 0x1
 462 0167 9C       		.byte	0x9c
 463 0168 FE010000 		.4byte	0x1fe
 464 016c 07       		.uleb128 0x7
 465 016d 08000000 		.4byte	.LVL8
 466 0171 0D030000 		.4byte	0x30d
 467 0175 7F010000 		.4byte	0x17f
 468 0179 08       		.uleb128 0x8
 469 017a 01       		.uleb128 0x1
 470 017b 50       		.byte	0x50
 471 017c 01       		.uleb128 0x1
 472 017d 30       		.byte	0x30
 473 017e 00       		.byte	0
 474 017f 07       		.uleb128 0x7
 475 0180 0E000000 		.4byte	.LVL9
 476 0184 18030000 		.4byte	0x318
 477 0188 92010000 		.4byte	0x192
 478 018c 08       		.uleb128 0x8
 479 018d 01       		.uleb128 0x1
 480 018e 50       		.byte	0x50
 481 018f 01       		.uleb128 0x1
 482 0190 31       		.byte	0x31
 483 0191 00       		.byte	0
 484 0192 07       		.uleb128 0x7
 485 0193 14000000 		.4byte	.LVL10
 486 0197 23030000 		.4byte	0x323
 487 019b A5010000 		.4byte	0x1a5
 488 019f 08       		.uleb128 0x8
 489 01a0 01       		.uleb128 0x1
 490 01a1 50       		.byte	0x50
 491 01a2 01       		.uleb128 0x1
 492 01a3 30       		.byte	0x30
 493 01a4 00       		.byte	0
 494 01a5 09       		.uleb128 0x9
 495 01a6 18000000 		.4byte	.LVL11
 496 01aa 2E030000 		.4byte	0x32e
 497 01ae 09       		.uleb128 0x9
 498 01af 20000000 		.4byte	.LVL12
 499 01b3 39030000 		.4byte	0x339
ARM GAS  C:\Users\Zwe\AppData\Local\Temp\cc6E3jBJ.s 			page 11


 500 01b7 07       		.uleb128 0x7
 501 01b8 30000000 		.4byte	.LVL13
 502 01bc 44030000 		.4byte	0x344
 503 01c0 D7010000 		.4byte	0x1d7
 504 01c4 08       		.uleb128 0x8
 505 01c5 01       		.uleb128 0x1
 506 01c6 50       		.byte	0x50
 507 01c7 05       		.uleb128 0x5
 508 01c8 03       		.byte	0x3
 509 01c9 00000000 		.4byte	UART_str
 510 01cd 08       		.uleb128 0x8
 511 01ce 01       		.uleb128 0x1
 512 01cf 51       		.byte	0x51
 513 01d0 05       		.uleb128 0x5
 514 01d1 03       		.byte	0x3
 515 01d2 00000000 		.4byte	.LC0
 516 01d6 00       		.byte	0
 517 01d7 07       		.uleb128 0x7
 518 01d8 36000000 		.4byte	.LVL14
 519 01dc 4F030000 		.4byte	0x34f
 520 01e0 EE010000 		.4byte	0x1ee
 521 01e4 08       		.uleb128 0x8
 522 01e5 01       		.uleb128 0x1
 523 01e6 50       		.byte	0x50
 524 01e7 05       		.uleb128 0x5
 525 01e8 03       		.byte	0x3
 526 01e9 00000000 		.4byte	UART_str
 527 01ed 00       		.byte	0
 528 01ee 0A       		.uleb128 0xa
 529 01ef 48000000 		.4byte	.LVL15
 530 01f3 0D030000 		.4byte	0x30d
 531 01f7 08       		.uleb128 0x8
 532 01f8 01       		.uleb128 0x1
 533 01f9 50       		.byte	0x50
 534 01fa 01       		.uleb128 0x1
 535 01fb 31       		.byte	0x31
 536 01fc 00       		.byte	0
 537 01fd 00       		.byte	0
 538 01fe 06       		.uleb128 0x6
 539 01ff 8A010000 		.4byte	.LASF19
 540 0203 01       		.byte	0x1
 541 0204 2C       		.byte	0x2c
 542 0205 00000000 		.4byte	.LFB66
 543 0209 18000000 		.4byte	.LFE66-.LFB66
 544 020d 01       		.uleb128 0x1
 545 020e 9C       		.byte	0x9c
 546 020f 49020000 		.4byte	0x249
 547 0213 07       		.uleb128 0x7
 548 0214 08000000 		.4byte	.LVL16
 549 0218 0D030000 		.4byte	0x30d
 550 021c 26020000 		.4byte	0x226
 551 0220 08       		.uleb128 0x8
 552 0221 01       		.uleb128 0x1
 553 0222 50       		.byte	0x50
 554 0223 01       		.uleb128 0x1
 555 0224 30       		.byte	0x30
 556 0225 00       		.byte	0
ARM GAS  C:\Users\Zwe\AppData\Local\Temp\cc6E3jBJ.s 			page 12


 557 0226 07       		.uleb128 0x7
 558 0227 0E000000 		.4byte	.LVL17
 559 022b 18030000 		.4byte	0x318
 560 022f 39020000 		.4byte	0x239
 561 0233 08       		.uleb128 0x8
 562 0234 01       		.uleb128 0x1
 563 0235 50       		.byte	0x50
 564 0236 01       		.uleb128 0x1
 565 0237 30       		.byte	0x30
 566 0238 00       		.byte	0
 567 0239 0A       		.uleb128 0xa
 568 023a 18000000 		.4byte	.LVL18
 569 023e 23030000 		.4byte	0x323
 570 0242 08       		.uleb128 0x8
 571 0243 01       		.uleb128 0x1
 572 0244 50       		.byte	0x50
 573 0245 01       		.uleb128 0x1
 574 0246 30       		.byte	0x30
 575 0247 00       		.byte	0
 576 0248 00       		.byte	0
 577 0249 06       		.uleb128 0x6
 578 024a 8B000000 		.4byte	.LASF20
 579 024e 01       		.byte	0x1
 580 024f 35       		.byte	0x35
 581 0250 00000000 		.4byte	.LFB67
 582 0254 06000000 		.4byte	.LFE67-.LFB67
 583 0258 01       		.uleb128 0x1
 584 0259 9C       		.byte	0x9c
 585 025a 6E020000 		.4byte	0x26e
 586 025e 0A       		.uleb128 0xa
 587 025f 06000000 		.4byte	.LVL19
 588 0263 0D030000 		.4byte	0x30d
 589 0267 08       		.uleb128 0x8
 590 0268 01       		.uleb128 0x1
 591 0269 50       		.byte	0x50
 592 026a 01       		.uleb128 0x1
 593 026b 31       		.byte	0x31
 594 026c 00       		.byte	0
 595 026d 00       		.byte	0
 596 026e 06       		.uleb128 0x6
 597 026f 4D010000 		.4byte	.LASF21
 598 0273 01       		.byte	0x1
 599 0274 3A       		.byte	0x3a
 600 0275 00000000 		.4byte	.LFB68
 601 0279 18000000 		.4byte	.LFE68-.LFB68
 602 027d 01       		.uleb128 0x1
 603 027e 9C       		.byte	0x9c
 604 027f B9020000 		.4byte	0x2b9
 605 0283 07       		.uleb128 0x7
 606 0284 08000000 		.4byte	.LVL20
 607 0288 0D030000 		.4byte	0x30d
 608 028c 96020000 		.4byte	0x296
 609 0290 08       		.uleb128 0x8
 610 0291 01       		.uleb128 0x1
 611 0292 50       		.byte	0x50
 612 0293 01       		.uleb128 0x1
 613 0294 30       		.byte	0x30
ARM GAS  C:\Users\Zwe\AppData\Local\Temp\cc6E3jBJ.s 			page 13


 614 0295 00       		.byte	0
 615 0296 07       		.uleb128 0x7
 616 0297 0E000000 		.4byte	.LVL21
 617 029b 18030000 		.4byte	0x318
 618 029f A9020000 		.4byte	0x2a9
 619 02a3 08       		.uleb128 0x8
 620 02a4 01       		.uleb128 0x1
 621 02a5 50       		.byte	0x50
 622 02a6 01       		.uleb128 0x1
 623 02a7 31       		.byte	0x31
 624 02a8 00       		.byte	0
 625 02a9 0A       		.uleb128 0xa
 626 02aa 18000000 		.4byte	.LVL22
 627 02ae 23030000 		.4byte	0x323
 628 02b2 08       		.uleb128 0x8
 629 02b3 01       		.uleb128 0x1
 630 02b4 50       		.byte	0x50
 631 02b5 01       		.uleb128 0x1
 632 02b6 31       		.byte	0x31
 633 02b7 00       		.byte	0
 634 02b8 00       		.byte	0
 635 02b9 0B       		.uleb128 0xb
 636 02ba 90000000 		.4byte	.LASF22
 637 02be 05       		.byte	0x5
 638 02bf 1207     		.2byte	0x712
 639 02c1 C5020000 		.4byte	0x2c5
 640 02c5 0C       		.uleb128 0xc
 641 02c6 8B000000 		.4byte	0x8b
 642 02ca 0D       		.uleb128 0xd
 643 02cb 37000000 		.4byte	.LASF23
 644 02cf 01       		.byte	0x1
 645 02d0 06       		.byte	0x6
 646 02d1 96000000 		.4byte	0x96
 647 02d5 05       		.uleb128 0x5
 648 02d6 03       		.byte	0x3
 649 02d7 00000000 		.4byte	right_count
 650 02db 0D       		.uleb128 0xd
 651 02dc 97010000 		.4byte	.LASF24
 652 02e0 01       		.byte	0x1
 653 02e1 07       		.byte	0x7
 654 02e2 96000000 		.4byte	0x96
 655 02e6 05       		.uleb128 0x5
 656 02e7 03       		.byte	0x3
 657 02e8 00000000 		.4byte	left_count
 658 02ec 0E       		.uleb128 0xe
 659 02ed 84000000 		.4byte	0x84
 660 02f1 FC020000 		.4byte	0x2fc
 661 02f5 0F       		.uleb128 0xf
 662 02f6 7D000000 		.4byte	0x7d
 663 02fa 27       		.byte	0x27
 664 02fb 00       		.byte	0
 665 02fc 0D       		.uleb128 0xd
 666 02fd AC010000 		.4byte	.LASF25
 667 0301 01       		.byte	0x1
 668 0302 08       		.byte	0x8
 669 0303 EC020000 		.4byte	0x2ec
 670 0307 05       		.uleb128 0x5
ARM GAS  C:\Users\Zwe\AppData\Local\Temp\cc6E3jBJ.s 			page 14


 671 0308 03       		.byte	0x3
 672 0309 00000000 		.4byte	UART_str
 673 030d 10       		.uleb128 0x10
 674 030e 39010000 		.4byte	.LASF26
 675 0312 39010000 		.4byte	.LASF26
 676 0316 06       		.byte	0x6
 677 0317 2F       		.byte	0x2f
 678 0318 10       		.uleb128 0x10
 679 0319 7D020000 		.4byte	.LASF27
 680 031d 7D020000 		.4byte	.LASF27
 681 0321 07       		.byte	0x7
 682 0322 26       		.byte	0x26
 683 0323 10       		.uleb128 0x10
 684 0324 00000000 		.4byte	.LASF28
 685 0328 00000000 		.4byte	.LASF28
 686 032c 08       		.byte	0x8
 687 032d 26       		.byte	0x26
 688 032e 10       		.uleb128 0x10
 689 032f 0D000000 		.4byte	.LASF29
 690 0333 0D000000 		.4byte	.LASF29
 691 0337 09       		.byte	0x9
 692 0338 5D       		.byte	0x5d
 693 0339 10       		.uleb128 0x10
 694 033a 4D000000 		.4byte	.LASF30
 695 033e 4D000000 		.4byte	.LASF30
 696 0342 0A       		.byte	0xa
 697 0343 5D       		.byte	0x5d
 698 0344 10       		.uleb128 0x10
 699 0345 75020000 		.4byte	.LASF31
 700 0349 75020000 		.4byte	.LASF31
 701 034d 0B       		.byte	0xb
 702 034e E7       		.byte	0xe7
 703 034f 10       		.uleb128 0x10
 704 0350 64020000 		.4byte	.LASF32
 705 0354 64020000 		.4byte	.LASF32
 706 0358 0C       		.byte	0xc
 707 0359 8B       		.byte	0x8b
 708 035a 00       		.byte	0
 709              		.section	.debug_abbrev,"",%progbits
 710              	.Ldebug_abbrev0:
 711 0000 01       		.uleb128 0x1
 712 0001 11       		.uleb128 0x11
 713 0002 01       		.byte	0x1
 714 0003 25       		.uleb128 0x25
 715 0004 0E       		.uleb128 0xe
 716 0005 13       		.uleb128 0x13
 717 0006 0B       		.uleb128 0xb
 718 0007 03       		.uleb128 0x3
 719 0008 0E       		.uleb128 0xe
 720 0009 1B       		.uleb128 0x1b
 721 000a 0E       		.uleb128 0xe
 722 000b 55       		.uleb128 0x55
 723 000c 17       		.uleb128 0x17
 724 000d 11       		.uleb128 0x11
 725 000e 01       		.uleb128 0x1
 726 000f 10       		.uleb128 0x10
 727 0010 17       		.uleb128 0x17
ARM GAS  C:\Users\Zwe\AppData\Local\Temp\cc6E3jBJ.s 			page 15


 728 0011 00       		.byte	0
 729 0012 00       		.byte	0
 730 0013 02       		.uleb128 0x2
 731 0014 24       		.uleb128 0x24
 732 0015 00       		.byte	0
 733 0016 0B       		.uleb128 0xb
 734 0017 0B       		.uleb128 0xb
 735 0018 3E       		.uleb128 0x3e
 736 0019 0B       		.uleb128 0xb
 737 001a 03       		.uleb128 0x3
 738 001b 0E       		.uleb128 0xe
 739 001c 00       		.byte	0
 740 001d 00       		.byte	0
 741 001e 03       		.uleb128 0x3
 742 001f 16       		.uleb128 0x16
 743 0020 00       		.byte	0
 744 0021 03       		.uleb128 0x3
 745 0022 0E       		.uleb128 0xe
 746 0023 3A       		.uleb128 0x3a
 747 0024 0B       		.uleb128 0xb
 748 0025 3B       		.uleb128 0x3b
 749 0026 0B       		.uleb128 0xb
 750 0027 49       		.uleb128 0x49
 751 0028 13       		.uleb128 0x13
 752 0029 00       		.byte	0
 753 002a 00       		.byte	0
 754 002b 04       		.uleb128 0x4
 755 002c 24       		.uleb128 0x24
 756 002d 00       		.byte	0
 757 002e 0B       		.uleb128 0xb
 758 002f 0B       		.uleb128 0xb
 759 0030 3E       		.uleb128 0x3e
 760 0031 0B       		.uleb128 0xb
 761 0032 03       		.uleb128 0x3
 762 0033 08       		.uleb128 0x8
 763 0034 00       		.byte	0
 764 0035 00       		.byte	0
 765 0036 05       		.uleb128 0x5
 766 0037 16       		.uleb128 0x16
 767 0038 00       		.byte	0
 768 0039 03       		.uleb128 0x3
 769 003a 0E       		.uleb128 0xe
 770 003b 3A       		.uleb128 0x3a
 771 003c 0B       		.uleb128 0xb
 772 003d 3B       		.uleb128 0x3b
 773 003e 05       		.uleb128 0x5
 774 003f 49       		.uleb128 0x49
 775 0040 13       		.uleb128 0x13
 776 0041 00       		.byte	0
 777 0042 00       		.byte	0
 778 0043 06       		.uleb128 0x6
 779 0044 2E       		.uleb128 0x2e
 780 0045 01       		.byte	0x1
 781 0046 3F       		.uleb128 0x3f
 782 0047 19       		.uleb128 0x19
 783 0048 03       		.uleb128 0x3
 784 0049 0E       		.uleb128 0xe
ARM GAS  C:\Users\Zwe\AppData\Local\Temp\cc6E3jBJ.s 			page 16


 785 004a 3A       		.uleb128 0x3a
 786 004b 0B       		.uleb128 0xb
 787 004c 3B       		.uleb128 0x3b
 788 004d 0B       		.uleb128 0xb
 789 004e 11       		.uleb128 0x11
 790 004f 01       		.uleb128 0x1
 791 0050 12       		.uleb128 0x12
 792 0051 06       		.uleb128 0x6
 793 0052 40       		.uleb128 0x40
 794 0053 18       		.uleb128 0x18
 795 0054 9742     		.uleb128 0x2117
 796 0056 19       		.uleb128 0x19
 797 0057 01       		.uleb128 0x1
 798 0058 13       		.uleb128 0x13
 799 0059 00       		.byte	0
 800 005a 00       		.byte	0
 801 005b 07       		.uleb128 0x7
 802 005c 898201   		.uleb128 0x4109
 803 005f 01       		.byte	0x1
 804 0060 11       		.uleb128 0x11
 805 0061 01       		.uleb128 0x1
 806 0062 31       		.uleb128 0x31
 807 0063 13       		.uleb128 0x13
 808 0064 01       		.uleb128 0x1
 809 0065 13       		.uleb128 0x13
 810 0066 00       		.byte	0
 811 0067 00       		.byte	0
 812 0068 08       		.uleb128 0x8
 813 0069 8A8201   		.uleb128 0x410a
 814 006c 00       		.byte	0
 815 006d 02       		.uleb128 0x2
 816 006e 18       		.uleb128 0x18
 817 006f 9142     		.uleb128 0x2111
 818 0071 18       		.uleb128 0x18
 819 0072 00       		.byte	0
 820 0073 00       		.byte	0
 821 0074 09       		.uleb128 0x9
 822 0075 898201   		.uleb128 0x4109
 823 0078 00       		.byte	0
 824 0079 11       		.uleb128 0x11
 825 007a 01       		.uleb128 0x1
 826 007b 31       		.uleb128 0x31
 827 007c 13       		.uleb128 0x13
 828 007d 00       		.byte	0
 829 007e 00       		.byte	0
 830 007f 0A       		.uleb128 0xa
 831 0080 898201   		.uleb128 0x4109
 832 0083 01       		.byte	0x1
 833 0084 11       		.uleb128 0x11
 834 0085 01       		.uleb128 0x1
 835 0086 9542     		.uleb128 0x2115
 836 0088 19       		.uleb128 0x19
 837 0089 31       		.uleb128 0x31
 838 008a 13       		.uleb128 0x13
 839 008b 00       		.byte	0
 840 008c 00       		.byte	0
 841 008d 0B       		.uleb128 0xb
ARM GAS  C:\Users\Zwe\AppData\Local\Temp\cc6E3jBJ.s 			page 17


 842 008e 34       		.uleb128 0x34
 843 008f 00       		.byte	0
 844 0090 03       		.uleb128 0x3
 845 0091 0E       		.uleb128 0xe
 846 0092 3A       		.uleb128 0x3a
 847 0093 0B       		.uleb128 0xb
 848 0094 3B       		.uleb128 0x3b
 849 0095 05       		.uleb128 0x5
 850 0096 49       		.uleb128 0x49
 851 0097 13       		.uleb128 0x13
 852 0098 3F       		.uleb128 0x3f
 853 0099 19       		.uleb128 0x19
 854 009a 3C       		.uleb128 0x3c
 855 009b 19       		.uleb128 0x19
 856 009c 00       		.byte	0
 857 009d 00       		.byte	0
 858 009e 0C       		.uleb128 0xc
 859 009f 35       		.uleb128 0x35
 860 00a0 00       		.byte	0
 861 00a1 49       		.uleb128 0x49
 862 00a2 13       		.uleb128 0x13
 863 00a3 00       		.byte	0
 864 00a4 00       		.byte	0
 865 00a5 0D       		.uleb128 0xd
 866 00a6 34       		.uleb128 0x34
 867 00a7 00       		.byte	0
 868 00a8 03       		.uleb128 0x3
 869 00a9 0E       		.uleb128 0xe
 870 00aa 3A       		.uleb128 0x3a
 871 00ab 0B       		.uleb128 0xb
 872 00ac 3B       		.uleb128 0x3b
 873 00ad 0B       		.uleb128 0xb
 874 00ae 49       		.uleb128 0x49
 875 00af 13       		.uleb128 0x13
 876 00b0 3F       		.uleb128 0x3f
 877 00b1 19       		.uleb128 0x19
 878 00b2 02       		.uleb128 0x2
 879 00b3 18       		.uleb128 0x18
 880 00b4 00       		.byte	0
 881 00b5 00       		.byte	0
 882 00b6 0E       		.uleb128 0xe
 883 00b7 01       		.uleb128 0x1
 884 00b8 01       		.byte	0x1
 885 00b9 49       		.uleb128 0x49
 886 00ba 13       		.uleb128 0x13
 887 00bb 01       		.uleb128 0x1
 888 00bc 13       		.uleb128 0x13
 889 00bd 00       		.byte	0
 890 00be 00       		.byte	0
 891 00bf 0F       		.uleb128 0xf
 892 00c0 21       		.uleb128 0x21
 893 00c1 00       		.byte	0
 894 00c2 49       		.uleb128 0x49
 895 00c3 13       		.uleb128 0x13
 896 00c4 2F       		.uleb128 0x2f
 897 00c5 0B       		.uleb128 0xb
 898 00c6 00       		.byte	0
ARM GAS  C:\Users\Zwe\AppData\Local\Temp\cc6E3jBJ.s 			page 18


 899 00c7 00       		.byte	0
 900 00c8 10       		.uleb128 0x10
 901 00c9 2E       		.uleb128 0x2e
 902 00ca 00       		.byte	0
 903 00cb 3F       		.uleb128 0x3f
 904 00cc 19       		.uleb128 0x19
 905 00cd 3C       		.uleb128 0x3c
 906 00ce 19       		.uleb128 0x19
 907 00cf 6E       		.uleb128 0x6e
 908 00d0 0E       		.uleb128 0xe
 909 00d1 03       		.uleb128 0x3
 910 00d2 0E       		.uleb128 0xe
 911 00d3 3A       		.uleb128 0x3a
 912 00d4 0B       		.uleb128 0xb
 913 00d5 3B       		.uleb128 0x3b
 914 00d6 0B       		.uleb128 0xb
 915 00d7 00       		.byte	0
 916 00d8 00       		.byte	0
 917 00d9 00       		.byte	0
 918              		.section	.debug_aranges,"",%progbits
 919 0000 3C000000 		.4byte	0x3c
 920 0004 0200     		.2byte	0x2
 921 0006 00000000 		.4byte	.Ldebug_info0
 922 000a 04       		.byte	0x4
 923 000b 00       		.byte	0
 924 000c 0000     		.2byte	0
 925 000e 0000     		.2byte	0
 926 0010 00000000 		.4byte	.LFB64
 927 0014 5C000000 		.4byte	.LFE64-.LFB64
 928 0018 00000000 		.4byte	.LFB65
 929 001c 5C000000 		.4byte	.LFE65-.LFB65
 930 0020 00000000 		.4byte	.LFB66
 931 0024 18000000 		.4byte	.LFE66-.LFB66
 932 0028 00000000 		.4byte	.LFB67
 933 002c 06000000 		.4byte	.LFE67-.LFB67
 934 0030 00000000 		.4byte	.LFB68
 935 0034 18000000 		.4byte	.LFE68-.LFB68
 936 0038 00000000 		.4byte	0
 937 003c 00000000 		.4byte	0
 938              		.section	.debug_ranges,"",%progbits
 939              	.Ldebug_ranges0:
 940 0000 00000000 		.4byte	.LFB64
 941 0004 5C000000 		.4byte	.LFE64
 942 0008 00000000 		.4byte	.LFB65
 943 000c 5C000000 		.4byte	.LFE65
 944 0010 00000000 		.4byte	.LFB66
 945 0014 18000000 		.4byte	.LFE66
 946 0018 00000000 		.4byte	.LFB67
 947 001c 06000000 		.4byte	.LFE67
 948 0020 00000000 		.4byte	.LFB68
 949 0024 18000000 		.4byte	.LFE68
 950 0028 00000000 		.4byte	0
 951 002c 00000000 		.4byte	0
 952              		.section	.debug_line,"",%progbits
 953              	.Ldebug_line0:
 954 0000 8D020000 		.section	.debug_str,"MS",%progbits,1
 954      02001F02 
ARM GAS  C:\Users\Zwe\AppData\Local\Temp\cc6E3jBJ.s 			page 19


 954      00000201 
 954      FB0E0D00 
 954      01010101 
 955              	.LASF28:
 956 0000 6469725F 		.ascii	"dir_lw_Write\000"
 956      6C775F57 
 956      72697465 
 956      00
 957              	.LASF29:
 958 000d 436F756E 		.ascii	"Counter_right_ReadCounter\000"
 958      7465725F 
 958      72696768 
 958      745F5265 
 958      6164436F 
 959              	.LASF12:
 960 0027 5F5F696E 		.ascii	"__int32_t\000"
 960      7433325F 
 960      7400
 961              	.LASF15:
 962 0031 666C6F61 		.ascii	"float\000"
 962      7400
 963              	.LASF23:
 964 0037 72696768 		.ascii	"right_count\000"
 964      745F636F 
 964      756E7400 
 965              	.LASF17:
 966 0043 7475726E 		.ascii	"turn_anti\000"
 966      5F616E74 
 966      6900
 967              	.LASF30:
 968 004d 436F756E 		.ascii	"Counter_left_ReadCounter\000"
 968      7465725F 
 968      6C656674 
 968      5F526561 
 968      64436F75 
 969              	.LASF5:
 970 0066 6C6F6E67 		.ascii	"long unsigned int\000"
 970      20756E73 
 970      69676E65 
 970      6420696E 
 970      7400
 971              	.LASF3:
 972 0078 73686F72 		.ascii	"short unsigned int\000"
 972      7420756E 
 972      7369676E 
 972      65642069 
 972      6E7400
 973              	.LASF20:
 974 008b 73746F70 		.ascii	"stop\000"
 974      00
 975              	.LASF22:
 976 0090 49544D5F 		.ascii	"ITM_RxBuffer\000"
 976      52784275 
 976      66666572 
 976      00
 977              	.LASF1:
 978 009d 756E7369 		.ascii	"unsigned char\000"
ARM GAS  C:\Users\Zwe\AppData\Local\Temp\cc6E3jBJ.s 			page 20


 978      676E6564 
 978      20636861 
 978      7200
 979              	.LASF35:
 980 00ab 433A5C55 		.ascii	"C:\\Users\\Zwe\\Desktop\\Monash\\Y3S2\\ECE3091 - EN"
 980      73657273 
 980      5C5A7765 
 980      5C446573 
 980      6B746F70 
 981 00d8 47494E45 		.ascii	"GINEERING DESIGN\\bcd\\Design01.cydsn\000"
 981      4552494E 
 981      47204445 
 981      5349474E 
 981      5C626364 
 982              	.LASF16:
 983 00fc 646F7562 		.ascii	"double\000"
 983      6C6500
 984              	.LASF14:
 985 0103 75696E74 		.ascii	"uint16\000"
 985      313600
 986              	.LASF18:
 987 010a 7475726E 		.ascii	"turn_clock\000"
 987      5F636C6F 
 987      636B00
 988              	.LASF8:
 989 0115 756E7369 		.ascii	"unsigned int\000"
 989      676E6564 
 989      20696E74 
 989      00
 990              	.LASF7:
 991 0122 6C6F6E67 		.ascii	"long long unsigned int\000"
 991      206C6F6E 
 991      6720756E 
 991      7369676E 
 991      65642069 
 992              	.LASF26:
 993 0139 436F6E74 		.ascii	"Control_Reg_1_Write\000"
 993      726F6C5F 
 993      5265675F 
 993      315F5772 
 993      69746500 
 994              	.LASF21:
 995 014d 6D6F7665 		.ascii	"move_backward\000"
 995      5F626163 
 995      6B776172 
 995      6400
 996              	.LASF34:
 997 015b 6D6F7665 		.ascii	"movement.c\000"
 997      6D656E74 
 997      2E6300
 998              	.LASF13:
 999 0166 696E7433 		.ascii	"int32_t\000"
 999      325F7400 
 1000              	.LASF10:
 1001 016e 73697A65 		.ascii	"sizetype\000"
 1001      74797065 
 1001      00
ARM GAS  C:\Users\Zwe\AppData\Local\Temp\cc6E3jBJ.s 			page 21


 1002              	.LASF6:
 1003 0177 6C6F6E67 		.ascii	"long long int\000"
 1003      206C6F6E 
 1003      6720696E 
 1003      7400
 1004              	.LASF11:
 1005 0185 63686172 		.ascii	"char\000"
 1005      00
 1006              	.LASF19:
 1007 018a 6D6F7665 		.ascii	"move_forward\000"
 1007      5F666F72 
 1007      77617264 
 1007      00
 1008              	.LASF24:
 1009 0197 6C656674 		.ascii	"left_count\000"
 1009      5F636F75 
 1009      6E7400
 1010              	.LASF2:
 1011 01a2 73686F72 		.ascii	"short int\000"
 1011      7420696E 
 1011      7400
 1012              	.LASF25:
 1013 01ac 55415254 		.ascii	"UART_str\000"
 1013      5F737472 
 1013      00
 1014              	.LASF33:
 1015 01b5 474E5520 		.ascii	"GNU C11 5.4.1 20160609 (release) [ARM/embedded-5-br"
 1015      43313120 
 1015      352E342E 
 1015      31203230 
 1015      31363036 
 1016 01e8 616E6368 		.ascii	"anch revision 237715] -mcpu=cortex-m3 -mthumb -g -O"
 1016      20726576 
 1016      6973696F 
 1016      6E203233 
 1016      37373135 
 1017 021b 73202D66 		.ascii	"s -ffunction-sections -ffat-lto-objects\000"
 1017      66756E63 
 1017      74696F6E 
 1017      2D736563 
 1017      74696F6E 
 1018              	.LASF4:
 1019 0243 6C6F6E67 		.ascii	"long int\000"
 1019      20696E74 
 1019      00
 1020              	.LASF9:
 1021 024c 6C6F6E67 		.ascii	"long double\000"
 1021      20646F75 
 1021      626C6500 
 1022              	.LASF0:
 1023 0258 7369676E 		.ascii	"signed char\000"
 1023      65642063 
 1023      68617200 
 1024              	.LASF32:
 1025 0264 55415254 		.ascii	"UART_1_PutString\000"
 1025      5F315F50 
 1025      75745374 
ARM GAS  C:\Users\Zwe\AppData\Local\Temp\cc6E3jBJ.s 			page 22


 1025      72696E67 
 1025      00
 1026              	.LASF31:
 1027 0275 73707269 		.ascii	"sprintf\000"
 1027      6E746600 
 1028              	.LASF27:
 1029 027d 6469725F 		.ascii	"dir_rw_Write\000"
 1029      72775F57 
 1029      72697465 
 1029      00
 1030              		.ident	"GCC: (GNU Tools for ARM Embedded Processors) 5.4.1 20160609 (release) [ARM/embedded-5-bran
