ARM GAS  C:\Users\mmoh0006\AppData\Local\Temp\ccdTMCEI.s 			page 1


   1              		.syntax unified
   2              		.cpu cortex-m3
   3              		.fpu softvfp
   4              		.eabi_attribute 20, 1
   5              		.eabi_attribute 21, 1
   6              		.eabi_attribute 23, 3
   7              		.eabi_attribute 24, 1
   8              		.eabi_attribute 25, 1
   9              		.eabi_attribute 26, 1
  10              		.eabi_attribute 30, 4
  11              		.eabi_attribute 34, 1
  12              		.eabi_attribute 18, 4
  13              		.thumb
  14              		.syntax unified
  15              		.file	"Pulse_Counter_PM.c"
  16              		.text
  17              	.Ltext0:
  18              		.cfi_sections	.debug_frame
  19              		.section	.text.Pulse_Counter_SaveConfig,"ax",%progbits
  20              		.align	1
  21              		.global	Pulse_Counter_SaveConfig
  22              		.thumb
  23              		.thumb_func
  24              		.type	Pulse_Counter_SaveConfig, %function
  25              	Pulse_Counter_SaveConfig:
  26              	.LFB0:
  27              		.file 1 "Generated_Source\\PSoC5\\Pulse_Counter_PM.c"
   1:Generated_Source\PSoC5/Pulse_Counter_PM.c **** /*******************************************************************************
   2:Generated_Source\PSoC5/Pulse_Counter_PM.c **** * File Name: Pulse_Counter_PM.c  
   3:Generated_Source\PSoC5/Pulse_Counter_PM.c **** * Version 3.0
   4:Generated_Source\PSoC5/Pulse_Counter_PM.c **** *
   5:Generated_Source\PSoC5/Pulse_Counter_PM.c **** *  Description:
   6:Generated_Source\PSoC5/Pulse_Counter_PM.c **** *    This file provides the power management source code to API for the
   7:Generated_Source\PSoC5/Pulse_Counter_PM.c **** *    Counter.  
   8:Generated_Source\PSoC5/Pulse_Counter_PM.c **** *
   9:Generated_Source\PSoC5/Pulse_Counter_PM.c **** *   Note:
  10:Generated_Source\PSoC5/Pulse_Counter_PM.c **** *     None
  11:Generated_Source\PSoC5/Pulse_Counter_PM.c **** *
  12:Generated_Source\PSoC5/Pulse_Counter_PM.c **** ********************************************************************************
  13:Generated_Source\PSoC5/Pulse_Counter_PM.c **** * Copyright 2008-2012, Cypress Semiconductor Corporation.  All rights reserved.
  14:Generated_Source\PSoC5/Pulse_Counter_PM.c **** * You may use this file only in accordance with the license, terms, conditions, 
  15:Generated_Source\PSoC5/Pulse_Counter_PM.c **** * disclaimers, and limitations in the end user license agreement accompanying 
  16:Generated_Source\PSoC5/Pulse_Counter_PM.c **** * the software package with which this file was provided.
  17:Generated_Source\PSoC5/Pulse_Counter_PM.c **** *******************************************************************************/
  18:Generated_Source\PSoC5/Pulse_Counter_PM.c **** 
  19:Generated_Source\PSoC5/Pulse_Counter_PM.c **** #include "Pulse_Counter.h"
  20:Generated_Source\PSoC5/Pulse_Counter_PM.c **** 
  21:Generated_Source\PSoC5/Pulse_Counter_PM.c **** static Pulse_Counter_backupStruct Pulse_Counter_backup;
  22:Generated_Source\PSoC5/Pulse_Counter_PM.c **** 
  23:Generated_Source\PSoC5/Pulse_Counter_PM.c **** 
  24:Generated_Source\PSoC5/Pulse_Counter_PM.c **** /*******************************************************************************
  25:Generated_Source\PSoC5/Pulse_Counter_PM.c **** * Function Name: Pulse_Counter_SaveConfig
  26:Generated_Source\PSoC5/Pulse_Counter_PM.c **** ********************************************************************************
  27:Generated_Source\PSoC5/Pulse_Counter_PM.c **** * Summary:
  28:Generated_Source\PSoC5/Pulse_Counter_PM.c **** *     Save the current user configuration
  29:Generated_Source\PSoC5/Pulse_Counter_PM.c **** *
  30:Generated_Source\PSoC5/Pulse_Counter_PM.c **** * Parameters:  
ARM GAS  C:\Users\mmoh0006\AppData\Local\Temp\ccdTMCEI.s 			page 2


  31:Generated_Source\PSoC5/Pulse_Counter_PM.c **** *  void
  32:Generated_Source\PSoC5/Pulse_Counter_PM.c **** *
  33:Generated_Source\PSoC5/Pulse_Counter_PM.c **** * Return: 
  34:Generated_Source\PSoC5/Pulse_Counter_PM.c **** *  void
  35:Generated_Source\PSoC5/Pulse_Counter_PM.c **** *
  36:Generated_Source\PSoC5/Pulse_Counter_PM.c **** * Global variables:
  37:Generated_Source\PSoC5/Pulse_Counter_PM.c **** *  Pulse_Counter_backup:  Variables of this global structure are modified to 
  38:Generated_Source\PSoC5/Pulse_Counter_PM.c **** *  store the values of non retention configuration registers when Sleep() API is 
  39:Generated_Source\PSoC5/Pulse_Counter_PM.c **** *  called.
  40:Generated_Source\PSoC5/Pulse_Counter_PM.c **** *
  41:Generated_Source\PSoC5/Pulse_Counter_PM.c **** *******************************************************************************/
  42:Generated_Source\PSoC5/Pulse_Counter_PM.c **** void Pulse_Counter_SaveConfig(void) 
  43:Generated_Source\PSoC5/Pulse_Counter_PM.c **** {
  28              		.loc 1 43 0
  29              		.cfi_startproc
  30              		@ args = 0, pretend = 0, frame = 0
  31              		@ frame_needed = 0, uses_anonymous_args = 0
  32 0000 10B5     		push	{r4, lr}
  33              		.cfi_def_cfa_offset 8
  34              		.cfi_offset 4, -8
  35              		.cfi_offset 14, -4
  44:Generated_Source\PSoC5/Pulse_Counter_PM.c ****     #if (!Pulse_Counter_UsingFixedFunction)
  45:Generated_Source\PSoC5/Pulse_Counter_PM.c **** 
  46:Generated_Source\PSoC5/Pulse_Counter_PM.c ****         Pulse_Counter_backup.CounterUdb = Pulse_Counter_ReadCounter();
  36              		.loc 1 46 0
  37 0002 FFF7FEFF 		bl	Pulse_Counter_ReadCounter
  38              	.LVL0:
  39 0006 034C     		ldr	r4, .L2
  40 0008 6070     		strb	r0, [r4, #1]
  47:Generated_Source\PSoC5/Pulse_Counter_PM.c **** 
  48:Generated_Source\PSoC5/Pulse_Counter_PM.c ****         #if(!Pulse_Counter_ControlRegRemoved)
  49:Generated_Source\PSoC5/Pulse_Counter_PM.c ****             Pulse_Counter_backup.CounterControlRegister = Pulse_Counter_ReadControlRegister();
  41              		.loc 1 49 0
  42 000a FFF7FEFF 		bl	Pulse_Counter_ReadControlRegister
  43              	.LVL1:
  44 000e A070     		strb	r0, [r4, #2]
  45 0010 10BD     		pop	{r4, pc}
  46              	.L3:
  47 0012 00BF     		.align	2
  48              	.L2:
  49 0014 00000000 		.word	.LANCHOR0
  50              		.cfi_endproc
  51              	.LFE0:
  52              		.size	Pulse_Counter_SaveConfig, .-Pulse_Counter_SaveConfig
  53              		.section	.text.Pulse_Counter_RestoreConfig,"ax",%progbits
  54              		.align	1
  55              		.global	Pulse_Counter_RestoreConfig
  56              		.thumb
  57              		.thumb_func
  58              		.type	Pulse_Counter_RestoreConfig, %function
  59              	Pulse_Counter_RestoreConfig:
  60              	.LFB1:
  50:Generated_Source\PSoC5/Pulse_Counter_PM.c ****         #endif /* (!Pulse_Counter_ControlRegRemoved) */
  51:Generated_Source\PSoC5/Pulse_Counter_PM.c **** 
  52:Generated_Source\PSoC5/Pulse_Counter_PM.c ****     #endif /* (!Pulse_Counter_UsingFixedFunction) */
  53:Generated_Source\PSoC5/Pulse_Counter_PM.c **** }
  54:Generated_Source\PSoC5/Pulse_Counter_PM.c **** 
ARM GAS  C:\Users\mmoh0006\AppData\Local\Temp\ccdTMCEI.s 			page 3


  55:Generated_Source\PSoC5/Pulse_Counter_PM.c **** 
  56:Generated_Source\PSoC5/Pulse_Counter_PM.c **** /*******************************************************************************
  57:Generated_Source\PSoC5/Pulse_Counter_PM.c **** * Function Name: Pulse_Counter_RestoreConfig
  58:Generated_Source\PSoC5/Pulse_Counter_PM.c **** ********************************************************************************
  59:Generated_Source\PSoC5/Pulse_Counter_PM.c **** *
  60:Generated_Source\PSoC5/Pulse_Counter_PM.c **** * Summary:
  61:Generated_Source\PSoC5/Pulse_Counter_PM.c **** *  Restores the current user configuration.
  62:Generated_Source\PSoC5/Pulse_Counter_PM.c **** *
  63:Generated_Source\PSoC5/Pulse_Counter_PM.c **** * Parameters:  
  64:Generated_Source\PSoC5/Pulse_Counter_PM.c **** *  void
  65:Generated_Source\PSoC5/Pulse_Counter_PM.c **** *
  66:Generated_Source\PSoC5/Pulse_Counter_PM.c **** * Return: 
  67:Generated_Source\PSoC5/Pulse_Counter_PM.c **** *  void
  68:Generated_Source\PSoC5/Pulse_Counter_PM.c **** *
  69:Generated_Source\PSoC5/Pulse_Counter_PM.c **** * Global variables:
  70:Generated_Source\PSoC5/Pulse_Counter_PM.c **** *  Pulse_Counter_backup:  Variables of this global structure are used to 
  71:Generated_Source\PSoC5/Pulse_Counter_PM.c **** *  restore the values of non retention registers on wakeup from sleep mode.
  72:Generated_Source\PSoC5/Pulse_Counter_PM.c **** *
  73:Generated_Source\PSoC5/Pulse_Counter_PM.c **** *******************************************************************************/
  74:Generated_Source\PSoC5/Pulse_Counter_PM.c **** void Pulse_Counter_RestoreConfig(void) 
  75:Generated_Source\PSoC5/Pulse_Counter_PM.c **** {      
  61              		.loc 1 75 0
  62              		.cfi_startproc
  63              		@ args = 0, pretend = 0, frame = 0
  64              		@ frame_needed = 0, uses_anonymous_args = 0
  65 0000 10B5     		push	{r4, lr}
  66              		.cfi_def_cfa_offset 8
  67              		.cfi_offset 4, -8
  68              		.cfi_offset 14, -4
  76:Generated_Source\PSoC5/Pulse_Counter_PM.c ****     #if (!Pulse_Counter_UsingFixedFunction)
  77:Generated_Source\PSoC5/Pulse_Counter_PM.c **** 
  78:Generated_Source\PSoC5/Pulse_Counter_PM.c ****        Pulse_Counter_WriteCounter(Pulse_Counter_backup.CounterUdb);
  69              		.loc 1 78 0
  70 0002 044C     		ldr	r4, .L5
  71 0004 6078     		ldrb	r0, [r4, #1]	@ zero_extendqisi2
  72 0006 FFF7FEFF 		bl	Pulse_Counter_WriteCounter
  73              	.LVL2:
  79:Generated_Source\PSoC5/Pulse_Counter_PM.c **** 
  80:Generated_Source\PSoC5/Pulse_Counter_PM.c ****         #if(!Pulse_Counter_ControlRegRemoved)
  81:Generated_Source\PSoC5/Pulse_Counter_PM.c ****             Pulse_Counter_WriteControlRegister(Pulse_Counter_backup.CounterControlRegister);
  74              		.loc 1 81 0
  75 000a A078     		ldrb	r0, [r4, #2]	@ zero_extendqisi2
  82:Generated_Source\PSoC5/Pulse_Counter_PM.c ****         #endif /* (!Pulse_Counter_ControlRegRemoved) */
  83:Generated_Source\PSoC5/Pulse_Counter_PM.c **** 
  84:Generated_Source\PSoC5/Pulse_Counter_PM.c ****     #endif /* (!Pulse_Counter_UsingFixedFunction) */
  85:Generated_Source\PSoC5/Pulse_Counter_PM.c **** }
  76              		.loc 1 85 0
  77 000c BDE81040 		pop	{r4, lr}
  78              		.cfi_restore 14
  79              		.cfi_restore 4
  80              		.cfi_def_cfa_offset 0
  81:Generated_Source\PSoC5/Pulse_Counter_PM.c ****         #endif /* (!Pulse_Counter_ControlRegRemoved) */
  81              		.loc 1 81 0
  82 0010 FFF7FEBF 		b	Pulse_Counter_WriteControlRegister
  83              	.LVL3:
  84              	.L6:
  85              		.align	2
ARM GAS  C:\Users\mmoh0006\AppData\Local\Temp\ccdTMCEI.s 			page 4


  86              	.L5:
  87 0014 00000000 		.word	.LANCHOR0
  88              		.cfi_endproc
  89              	.LFE1:
  90              		.size	Pulse_Counter_RestoreConfig, .-Pulse_Counter_RestoreConfig
  91              		.section	.text.Pulse_Counter_Sleep,"ax",%progbits
  92              		.align	1
  93              		.global	Pulse_Counter_Sleep
  94              		.thumb
  95              		.thumb_func
  96              		.type	Pulse_Counter_Sleep, %function
  97              	Pulse_Counter_Sleep:
  98              	.LFB2:
  86:Generated_Source\PSoC5/Pulse_Counter_PM.c **** 
  87:Generated_Source\PSoC5/Pulse_Counter_PM.c **** 
  88:Generated_Source\PSoC5/Pulse_Counter_PM.c **** /*******************************************************************************
  89:Generated_Source\PSoC5/Pulse_Counter_PM.c **** * Function Name: Pulse_Counter_Sleep
  90:Generated_Source\PSoC5/Pulse_Counter_PM.c **** ********************************************************************************
  91:Generated_Source\PSoC5/Pulse_Counter_PM.c **** * Summary:
  92:Generated_Source\PSoC5/Pulse_Counter_PM.c **** *     Stop and Save the user configuration
  93:Generated_Source\PSoC5/Pulse_Counter_PM.c **** *
  94:Generated_Source\PSoC5/Pulse_Counter_PM.c **** * Parameters:  
  95:Generated_Source\PSoC5/Pulse_Counter_PM.c **** *  void
  96:Generated_Source\PSoC5/Pulse_Counter_PM.c **** *
  97:Generated_Source\PSoC5/Pulse_Counter_PM.c **** * Return: 
  98:Generated_Source\PSoC5/Pulse_Counter_PM.c **** *  void
  99:Generated_Source\PSoC5/Pulse_Counter_PM.c **** *
 100:Generated_Source\PSoC5/Pulse_Counter_PM.c **** * Global variables:
 101:Generated_Source\PSoC5/Pulse_Counter_PM.c **** *  Pulse_Counter_backup.enableState:  Is modified depending on the enable 
 102:Generated_Source\PSoC5/Pulse_Counter_PM.c **** *  state of the block before entering sleep mode.
 103:Generated_Source\PSoC5/Pulse_Counter_PM.c **** *
 104:Generated_Source\PSoC5/Pulse_Counter_PM.c **** *******************************************************************************/
 105:Generated_Source\PSoC5/Pulse_Counter_PM.c **** void Pulse_Counter_Sleep(void) 
 106:Generated_Source\PSoC5/Pulse_Counter_PM.c **** {
  99              		.loc 1 106 0
 100              		.cfi_startproc
 101              		@ args = 0, pretend = 0, frame = 0
 102              		@ frame_needed = 0, uses_anonymous_args = 0
 103 0000 08B5     		push	{r3, lr}
 104              		.cfi_def_cfa_offset 8
 105              		.cfi_offset 3, -8
 106              		.cfi_offset 14, -4
 107:Generated_Source\PSoC5/Pulse_Counter_PM.c ****     #if(!Pulse_Counter_ControlRegRemoved)
 108:Generated_Source\PSoC5/Pulse_Counter_PM.c ****         /* Save Counter's enable state */
 109:Generated_Source\PSoC5/Pulse_Counter_PM.c ****         if(Pulse_Counter_CTRL_ENABLE == (Pulse_Counter_CONTROL & Pulse_Counter_CTRL_ENABLE))
 107              		.loc 1 109 0
 108 0002 074B     		ldr	r3, .L11
 109 0004 1B78     		ldrb	r3, [r3]	@ zero_extendqisi2
 110 0006 13F0800F 		tst	r3, #128
 111 000a 064B     		ldr	r3, .L11+4
 110:Generated_Source\PSoC5/Pulse_Counter_PM.c ****         {
 111:Generated_Source\PSoC5/Pulse_Counter_PM.c ****             /* Counter is enabled */
 112:Generated_Source\PSoC5/Pulse_Counter_PM.c ****             Pulse_Counter_backup.CounterEnableState = 1u;
 112              		.loc 1 112 0
 113 000c 14BF     		ite	ne
 114 000e 0122     		movne	r2, #1
 113:Generated_Source\PSoC5/Pulse_Counter_PM.c ****         }
ARM GAS  C:\Users\mmoh0006\AppData\Local\Temp\ccdTMCEI.s 			page 5


 114:Generated_Source\PSoC5/Pulse_Counter_PM.c ****         else
 115:Generated_Source\PSoC5/Pulse_Counter_PM.c ****         {
 116:Generated_Source\PSoC5/Pulse_Counter_PM.c ****             /* Counter is disabled */
 117:Generated_Source\PSoC5/Pulse_Counter_PM.c ****             Pulse_Counter_backup.CounterEnableState = 0u;
 115              		.loc 1 117 0
 116 0010 0022     		moveq	r2, #0
 117 0012 1A70     		strb	r2, [r3]
 118:Generated_Source\PSoC5/Pulse_Counter_PM.c ****         }
 119:Generated_Source\PSoC5/Pulse_Counter_PM.c ****     #else
 120:Generated_Source\PSoC5/Pulse_Counter_PM.c ****         Pulse_Counter_backup.CounterEnableState = 1u;
 121:Generated_Source\PSoC5/Pulse_Counter_PM.c ****         if(Pulse_Counter_backup.CounterEnableState != 0u)
 122:Generated_Source\PSoC5/Pulse_Counter_PM.c ****         {
 123:Generated_Source\PSoC5/Pulse_Counter_PM.c ****             Pulse_Counter_backup.CounterEnableState = 0u;
 124:Generated_Source\PSoC5/Pulse_Counter_PM.c ****         }
 125:Generated_Source\PSoC5/Pulse_Counter_PM.c ****     #endif /* (!Pulse_Counter_ControlRegRemoved) */
 126:Generated_Source\PSoC5/Pulse_Counter_PM.c ****     
 127:Generated_Source\PSoC5/Pulse_Counter_PM.c ****     Pulse_Counter_Stop();
 118              		.loc 1 127 0
 119 0014 FFF7FEFF 		bl	Pulse_Counter_Stop
 120              	.LVL4:
 128:Generated_Source\PSoC5/Pulse_Counter_PM.c ****     Pulse_Counter_SaveConfig();
 129:Generated_Source\PSoC5/Pulse_Counter_PM.c **** }
 121              		.loc 1 129 0
 122 0018 BDE80840 		pop	{r3, lr}
 123              		.cfi_restore 14
 124              		.cfi_restore 3
 125              		.cfi_def_cfa_offset 0
 128:Generated_Source\PSoC5/Pulse_Counter_PM.c ****     Pulse_Counter_SaveConfig();
 126              		.loc 1 128 0
 127 001c FFF7FEBF 		b	Pulse_Counter_SaveConfig
 128              	.LVL5:
 129              	.L12:
 130              		.align	2
 131              	.L11:
 132 0020 74650040 		.word	1073767796
 133 0024 00000000 		.word	.LANCHOR0
 134              		.cfi_endproc
 135              	.LFE2:
 136              		.size	Pulse_Counter_Sleep, .-Pulse_Counter_Sleep
 137              		.section	.text.Pulse_Counter_Wakeup,"ax",%progbits
 138              		.align	1
 139              		.global	Pulse_Counter_Wakeup
 140              		.thumb
 141              		.thumb_func
 142              		.type	Pulse_Counter_Wakeup, %function
 143              	Pulse_Counter_Wakeup:
 144              	.LFB3:
 130:Generated_Source\PSoC5/Pulse_Counter_PM.c **** 
 131:Generated_Source\PSoC5/Pulse_Counter_PM.c **** 
 132:Generated_Source\PSoC5/Pulse_Counter_PM.c **** /*******************************************************************************
 133:Generated_Source\PSoC5/Pulse_Counter_PM.c **** * Function Name: Pulse_Counter_Wakeup
 134:Generated_Source\PSoC5/Pulse_Counter_PM.c **** ********************************************************************************
 135:Generated_Source\PSoC5/Pulse_Counter_PM.c **** *
 136:Generated_Source\PSoC5/Pulse_Counter_PM.c **** * Summary:
 137:Generated_Source\PSoC5/Pulse_Counter_PM.c **** *  Restores and enables the user configuration
 138:Generated_Source\PSoC5/Pulse_Counter_PM.c **** *  
 139:Generated_Source\PSoC5/Pulse_Counter_PM.c **** * Parameters:  
ARM GAS  C:\Users\mmoh0006\AppData\Local\Temp\ccdTMCEI.s 			page 6


 140:Generated_Source\PSoC5/Pulse_Counter_PM.c **** *  void
 141:Generated_Source\PSoC5/Pulse_Counter_PM.c **** *
 142:Generated_Source\PSoC5/Pulse_Counter_PM.c **** * Return: 
 143:Generated_Source\PSoC5/Pulse_Counter_PM.c **** *  void
 144:Generated_Source\PSoC5/Pulse_Counter_PM.c **** *
 145:Generated_Source\PSoC5/Pulse_Counter_PM.c **** * Global variables:
 146:Generated_Source\PSoC5/Pulse_Counter_PM.c **** *  Pulse_Counter_backup.enableState:  Is used to restore the enable state of 
 147:Generated_Source\PSoC5/Pulse_Counter_PM.c **** *  block on wakeup from sleep mode.
 148:Generated_Source\PSoC5/Pulse_Counter_PM.c **** *
 149:Generated_Source\PSoC5/Pulse_Counter_PM.c **** *******************************************************************************/
 150:Generated_Source\PSoC5/Pulse_Counter_PM.c **** void Pulse_Counter_Wakeup(void) 
 151:Generated_Source\PSoC5/Pulse_Counter_PM.c **** {
 145              		.loc 1 151 0
 146              		.cfi_startproc
 147              		@ args = 0, pretend = 0, frame = 0
 148              		@ frame_needed = 0, uses_anonymous_args = 0
 149 0000 08B5     		push	{r3, lr}
 150              		.cfi_def_cfa_offset 8
 151              		.cfi_offset 3, -8
 152              		.cfi_offset 14, -4
 152:Generated_Source\PSoC5/Pulse_Counter_PM.c ****     Pulse_Counter_RestoreConfig();
 153              		.loc 1 152 0
 154 0002 FFF7FEFF 		bl	Pulse_Counter_RestoreConfig
 155              	.LVL6:
 153:Generated_Source\PSoC5/Pulse_Counter_PM.c ****     #if(!Pulse_Counter_ControlRegRemoved)
 154:Generated_Source\PSoC5/Pulse_Counter_PM.c ****         if(Pulse_Counter_backup.CounterEnableState == 1u)
 156              		.loc 1 154 0
 157 0006 044B     		ldr	r3, .L16
 158 0008 1B78     		ldrb	r3, [r3]	@ zero_extendqisi2
 159 000a 012B     		cmp	r3, #1
 160 000c 03D1     		bne	.L13
 155:Generated_Source\PSoC5/Pulse_Counter_PM.c ****         {
 156:Generated_Source\PSoC5/Pulse_Counter_PM.c ****             /* Enable Counter's operation */
 157:Generated_Source\PSoC5/Pulse_Counter_PM.c ****             Pulse_Counter_Enable();
 158:Generated_Source\PSoC5/Pulse_Counter_PM.c ****         } /* Do nothing if Counter was disabled before */    
 159:Generated_Source\PSoC5/Pulse_Counter_PM.c ****     #endif /* (!Pulse_Counter_ControlRegRemoved) */
 160:Generated_Source\PSoC5/Pulse_Counter_PM.c ****     
 161:Generated_Source\PSoC5/Pulse_Counter_PM.c **** }
 161              		.loc 1 161 0
 162 000e BDE80840 		pop	{r3, lr}
 163              		.cfi_remember_state
 164              		.cfi_restore 14
 165              		.cfi_restore 3
 166              		.cfi_def_cfa_offset 0
 157:Generated_Source\PSoC5/Pulse_Counter_PM.c ****         } /* Do nothing if Counter was disabled before */    
 167              		.loc 1 157 0
 168 0012 FFF7FEBF 		b	Pulse_Counter_Enable
 169              	.LVL7:
 170              	.L13:
 171              		.cfi_restore_state
 172 0016 08BD     		pop	{r3, pc}
 173              	.L17:
 174              		.align	2
 175              	.L16:
 176 0018 00000000 		.word	.LANCHOR0
 177              		.cfi_endproc
 178              	.LFE3:
ARM GAS  C:\Users\mmoh0006\AppData\Local\Temp\ccdTMCEI.s 			page 7


 179              		.size	Pulse_Counter_Wakeup, .-Pulse_Counter_Wakeup
 180              		.bss
 181              		.set	.LANCHOR0,. + 0
 182              		.type	Pulse_Counter_backup, %object
 183              		.size	Pulse_Counter_backup, 3
 184              	Pulse_Counter_backup:
 185 0000 000000   		.space	3
 186              		.text
 187              	.Letext0:
 188              		.file 2 "Generated_Source\\PSoC5\\cytypes.h"
 189              		.file 3 "Generated_Source\\PSoC5\\Pulse_Counter.h"
 190              		.section	.debug_info,"",%progbits
 191              	.Ldebug_info0:
 192 0000 D3010000 		.4byte	0x1d3
 193 0004 0400     		.2byte	0x4
 194 0006 00000000 		.4byte	.Ldebug_abbrev0
 195 000a 04       		.byte	0x4
 196 000b 01       		.uleb128 0x1
 197 000c CD000000 		.4byte	.LASF30
 198 0010 0C       		.byte	0xc
 199 0011 9E010000 		.4byte	.LASF31
 200 0015 7B010000 		.4byte	.LASF32
 201 0019 00000000 		.4byte	.Ldebug_ranges0+0
 202 001d 00000000 		.4byte	0
 203 0021 00000000 		.4byte	.Ldebug_line0
 204 0025 02       		.uleb128 0x2
 205 0026 01       		.byte	0x1
 206 0027 06       		.byte	0x6
 207 0028 EA020000 		.4byte	.LASF0
 208 002c 02       		.uleb128 0x2
 209 002d 01       		.byte	0x1
 210 002e 08       		.byte	0x8
 211 002f A5000000 		.4byte	.LASF1
 212 0033 02       		.uleb128 0x2
 213 0034 02       		.byte	0x2
 214 0035 05       		.byte	0x5
 215 0036 B1020000 		.4byte	.LASF2
 216 003a 02       		.uleb128 0x2
 217 003b 02       		.byte	0x2
 218 003c 07       		.byte	0x7
 219 003d 33000000 		.4byte	.LASF3
 220 0041 02       		.uleb128 0x2
 221 0042 04       		.byte	0x4
 222 0043 05       		.byte	0x5
 223 0044 D5020000 		.4byte	.LASF4
 224 0048 02       		.uleb128 0x2
 225 0049 04       		.byte	0x4
 226 004a 07       		.byte	0x7
 227 004b C8010000 		.4byte	.LASF5
 228 004f 02       		.uleb128 0x2
 229 0050 08       		.byte	0x8
 230 0051 05       		.byte	0x5
 231 0052 52020000 		.4byte	.LASF6
 232 0056 02       		.uleb128 0x2
 233 0057 08       		.byte	0x8
 234 0058 07       		.byte	0x7
 235 0059 E7010000 		.4byte	.LASF7
ARM GAS  C:\Users\mmoh0006\AppData\Local\Temp\ccdTMCEI.s 			page 8


 236 005d 03       		.uleb128 0x3
 237 005e 04       		.byte	0x4
 238 005f 05       		.byte	0x5
 239 0060 696E7400 		.ascii	"int\000"
 240 0064 02       		.uleb128 0x2
 241 0065 04       		.byte	0x4
 242 0066 07       		.byte	0x7
 243 0067 DA010000 		.4byte	.LASF8
 244 006b 04       		.uleb128 0x4
 245 006c 5B010000 		.4byte	.LASF12
 246 0070 02       		.byte	0x2
 247 0071 E401     		.2byte	0x1e4
 248 0073 2C000000 		.4byte	0x2c
 249 0077 02       		.uleb128 0x2
 250 0078 04       		.byte	0x4
 251 0079 04       		.byte	0x4
 252 007a 14000000 		.4byte	.LASF9
 253 007e 02       		.uleb128 0x2
 254 007f 08       		.byte	0x8
 255 0080 04       		.byte	0x4
 256 0081 74010000 		.4byte	.LASF10
 257 0085 02       		.uleb128 0x2
 258 0086 01       		.byte	0x1
 259 0087 08       		.byte	0x8
 260 0088 7B020000 		.4byte	.LASF11
 261 008c 04       		.uleb128 0x4
 262 008d C8000000 		.4byte	.LASF13
 263 0091 02       		.byte	0x2
 264 0092 8E02     		.2byte	0x28e
 265 0094 98000000 		.4byte	0x98
 266 0098 05       		.uleb128 0x5
 267 0099 6B000000 		.4byte	0x6b
 268 009d 02       		.uleb128 0x2
 269 009e 08       		.byte	0x8
 270 009f 04       		.byte	0x4
 271 00a0 DE020000 		.4byte	.LASF14
 272 00a4 02       		.uleb128 0x2
 273 00a5 04       		.byte	0x4
 274 00a6 07       		.byte	0x7
 275 00a7 36020000 		.4byte	.LASF15
 276 00ab 06       		.uleb128 0x6
 277 00ac 03       		.byte	0x3
 278 00ad 03       		.byte	0x3
 279 00ae 40       		.byte	0x40
 280 00af D8000000 		.4byte	0xd8
 281 00b3 07       		.uleb128 0x7
 282 00b4 3F020000 		.4byte	.LASF16
 283 00b8 03       		.byte	0x3
 284 00b9 42       		.byte	0x42
 285 00ba 6B000000 		.4byte	0x6b
 286 00be 00       		.byte	0
 287 00bf 07       		.uleb128 0x7
 288 00c0 46000000 		.4byte	.LASF17
 289 00c4 03       		.byte	0x3
 290 00c5 43       		.byte	0x43
 291 00c6 6B000000 		.4byte	0x6b
 292 00ca 01       		.byte	0x1
ARM GAS  C:\Users\mmoh0006\AppData\Local\Temp\ccdTMCEI.s 			page 9


 293 00cb 07       		.uleb128 0x7
 294 00cc 51000000 		.4byte	.LASF18
 295 00d0 03       		.byte	0x3
 296 00d1 46       		.byte	0x46
 297 00d2 6B000000 		.4byte	0x6b
 298 00d6 02       		.byte	0x2
 299 00d7 00       		.byte	0
 300 00d8 08       		.uleb128 0x8
 301 00d9 60020000 		.4byte	.LASF19
 302 00dd 03       		.byte	0x3
 303 00de 49       		.byte	0x49
 304 00df AB000000 		.4byte	0xab
 305 00e3 09       		.uleb128 0x9
 306 00e4 1A000000 		.4byte	.LASF20
 307 00e8 01       		.byte	0x1
 308 00e9 2A       		.byte	0x2a
 309 00ea 00000000 		.4byte	.LFB0
 310 00ee 18000000 		.4byte	.LFE0-.LFB0
 311 00f2 01       		.uleb128 0x1
 312 00f3 9C       		.byte	0x9c
 313 00f4 0B010000 		.4byte	0x10b
 314 00f8 0A       		.uleb128 0xa
 315 00f9 06000000 		.4byte	.LVL0
 316 00fd 94010000 		.4byte	0x194
 317 0101 0A       		.uleb128 0xa
 318 0102 0E000000 		.4byte	.LVL1
 319 0106 9F010000 		.4byte	0x19f
 320 010a 00       		.byte	0
 321 010b 09       		.uleb128 0x9
 322 010c 80020000 		.4byte	.LASF21
 323 0110 01       		.byte	0x1
 324 0111 4A       		.byte	0x4a
 325 0112 00000000 		.4byte	.LFB1
 326 0116 18000000 		.4byte	.LFE1-.LFB1
 327 011a 01       		.uleb128 0x1
 328 011b 9C       		.byte	0x9c
 329 011c 33010000 		.4byte	0x133
 330 0120 0A       		.uleb128 0xa
 331 0121 0A000000 		.4byte	.LVL2
 332 0125 AA010000 		.4byte	0x1aa
 333 0129 0B       		.uleb128 0xb
 334 012a 14000000 		.4byte	.LVL3
 335 012e B5010000 		.4byte	0x1b5
 336 0132 00       		.byte	0
 337 0133 09       		.uleb128 0x9
 338 0134 00000000 		.4byte	.LASF22
 339 0138 01       		.byte	0x1
 340 0139 69       		.byte	0x69
 341 013a 00000000 		.4byte	.LFB2
 342 013e 28000000 		.4byte	.LFE2-.LFB2
 343 0142 01       		.uleb128 0x1
 344 0143 9C       		.byte	0x9c
 345 0144 5B010000 		.4byte	0x15b
 346 0148 0A       		.uleb128 0xa
 347 0149 18000000 		.4byte	.LVL4
 348 014d C0010000 		.4byte	0x1c0
 349 0151 0B       		.uleb128 0xb
ARM GAS  C:\Users\mmoh0006\AppData\Local\Temp\ccdTMCEI.s 			page 10


 350 0152 20000000 		.4byte	.LVL5
 351 0156 E3000000 		.4byte	0xe3
 352 015a 00       		.byte	0
 353 015b 09       		.uleb128 0x9
 354 015c 9C020000 		.4byte	.LASF23
 355 0160 01       		.byte	0x1
 356 0161 96       		.byte	0x96
 357 0162 00000000 		.4byte	.LFB3
 358 0166 1C000000 		.4byte	.LFE3-.LFB3
 359 016a 01       		.uleb128 0x1
 360 016b 9C       		.byte	0x9c
 361 016c 83010000 		.4byte	0x183
 362 0170 0A       		.uleb128 0xa
 363 0171 06000000 		.4byte	.LVL6
 364 0175 0B010000 		.4byte	0x10b
 365 0179 0B       		.uleb128 0xb
 366 017a 16000000 		.4byte	.LVL7
 367 017e CB010000 		.4byte	0x1cb
 368 0182 00       		.byte	0
 369 0183 0C       		.uleb128 0xc
 370 0184 21020000 		.4byte	.LASF33
 371 0188 01       		.byte	0x1
 372 0189 15       		.byte	0x15
 373 018a D8000000 		.4byte	0xd8
 374 018e 05       		.uleb128 0x5
 375 018f 03       		.byte	0x3
 376 0190 00000000 		.4byte	Pulse_Counter_backup
 377 0194 0D       		.uleb128 0xd
 378 0195 BB020000 		.4byte	.LASF24
 379 0199 BB020000 		.4byte	.LASF24
 380 019d 03       		.byte	0x3
 381 019e 5D       		.byte	0x5d
 382 019f 0D       		.uleb128 0xd
 383 01a0 68000000 		.4byte	.LASF25
 384 01a4 68000000 		.4byte	.LASF25
 385 01a8 03       		.byte	0x3
 386 01a9 55       		.byte	0x55
 387 01aa 0D       		.uleb128 0xd
 388 01ab 8A000000 		.4byte	.LASF26
 389 01af 8A000000 		.4byte	.LASF26
 390 01b3 03       		.byte	0x3
 391 01b4 5A       		.byte	0x5a
 392 01b5 0D       		.uleb128 0xd
 393 01b6 FE010000 		.4byte	.LASF27
 394 01ba FE010000 		.4byte	.LASF27
 395 01be 03       		.byte	0x3
 396 01bf 56       		.byte	0x56
 397 01c0 0D       		.uleb128 0xd
 398 01c1 61010000 		.4byte	.LASF28
 399 01c5 61010000 		.4byte	.LASF28
 400 01c9 03       		.byte	0x3
 401 01ca 50       		.byte	0x50
 402 01cb 0D       		.uleb128 0xd
 403 01cc B3000000 		.4byte	.LASF29
 404 01d0 B3000000 		.4byte	.LASF29
 405 01d4 03       		.byte	0x3
 406 01d5 71       		.byte	0x71
ARM GAS  C:\Users\mmoh0006\AppData\Local\Temp\ccdTMCEI.s 			page 11


 407 01d6 00       		.byte	0
 408              		.section	.debug_abbrev,"",%progbits
 409              	.Ldebug_abbrev0:
 410 0000 01       		.uleb128 0x1
 411 0001 11       		.uleb128 0x11
 412 0002 01       		.byte	0x1
 413 0003 25       		.uleb128 0x25
 414 0004 0E       		.uleb128 0xe
 415 0005 13       		.uleb128 0x13
 416 0006 0B       		.uleb128 0xb
 417 0007 03       		.uleb128 0x3
 418 0008 0E       		.uleb128 0xe
 419 0009 1B       		.uleb128 0x1b
 420 000a 0E       		.uleb128 0xe
 421 000b 55       		.uleb128 0x55
 422 000c 17       		.uleb128 0x17
 423 000d 11       		.uleb128 0x11
 424 000e 01       		.uleb128 0x1
 425 000f 10       		.uleb128 0x10
 426 0010 17       		.uleb128 0x17
 427 0011 00       		.byte	0
 428 0012 00       		.byte	0
 429 0013 02       		.uleb128 0x2
 430 0014 24       		.uleb128 0x24
 431 0015 00       		.byte	0
 432 0016 0B       		.uleb128 0xb
 433 0017 0B       		.uleb128 0xb
 434 0018 3E       		.uleb128 0x3e
 435 0019 0B       		.uleb128 0xb
 436 001a 03       		.uleb128 0x3
 437 001b 0E       		.uleb128 0xe
 438 001c 00       		.byte	0
 439 001d 00       		.byte	0
 440 001e 03       		.uleb128 0x3
 441 001f 24       		.uleb128 0x24
 442 0020 00       		.byte	0
 443 0021 0B       		.uleb128 0xb
 444 0022 0B       		.uleb128 0xb
 445 0023 3E       		.uleb128 0x3e
 446 0024 0B       		.uleb128 0xb
 447 0025 03       		.uleb128 0x3
 448 0026 08       		.uleb128 0x8
 449 0027 00       		.byte	0
 450 0028 00       		.byte	0
 451 0029 04       		.uleb128 0x4
 452 002a 16       		.uleb128 0x16
 453 002b 00       		.byte	0
 454 002c 03       		.uleb128 0x3
 455 002d 0E       		.uleb128 0xe
 456 002e 3A       		.uleb128 0x3a
 457 002f 0B       		.uleb128 0xb
 458 0030 3B       		.uleb128 0x3b
 459 0031 05       		.uleb128 0x5
 460 0032 49       		.uleb128 0x49
 461 0033 13       		.uleb128 0x13
 462 0034 00       		.byte	0
 463 0035 00       		.byte	0
ARM GAS  C:\Users\mmoh0006\AppData\Local\Temp\ccdTMCEI.s 			page 12


 464 0036 05       		.uleb128 0x5
 465 0037 35       		.uleb128 0x35
 466 0038 00       		.byte	0
 467 0039 49       		.uleb128 0x49
 468 003a 13       		.uleb128 0x13
 469 003b 00       		.byte	0
 470 003c 00       		.byte	0
 471 003d 06       		.uleb128 0x6
 472 003e 13       		.uleb128 0x13
 473 003f 01       		.byte	0x1
 474 0040 0B       		.uleb128 0xb
 475 0041 0B       		.uleb128 0xb
 476 0042 3A       		.uleb128 0x3a
 477 0043 0B       		.uleb128 0xb
 478 0044 3B       		.uleb128 0x3b
 479 0045 0B       		.uleb128 0xb
 480 0046 01       		.uleb128 0x1
 481 0047 13       		.uleb128 0x13
 482 0048 00       		.byte	0
 483 0049 00       		.byte	0
 484 004a 07       		.uleb128 0x7
 485 004b 0D       		.uleb128 0xd
 486 004c 00       		.byte	0
 487 004d 03       		.uleb128 0x3
 488 004e 0E       		.uleb128 0xe
 489 004f 3A       		.uleb128 0x3a
 490 0050 0B       		.uleb128 0xb
 491 0051 3B       		.uleb128 0x3b
 492 0052 0B       		.uleb128 0xb
 493 0053 49       		.uleb128 0x49
 494 0054 13       		.uleb128 0x13
 495 0055 38       		.uleb128 0x38
 496 0056 0B       		.uleb128 0xb
 497 0057 00       		.byte	0
 498 0058 00       		.byte	0
 499 0059 08       		.uleb128 0x8
 500 005a 16       		.uleb128 0x16
 501 005b 00       		.byte	0
 502 005c 03       		.uleb128 0x3
 503 005d 0E       		.uleb128 0xe
 504 005e 3A       		.uleb128 0x3a
 505 005f 0B       		.uleb128 0xb
 506 0060 3B       		.uleb128 0x3b
 507 0061 0B       		.uleb128 0xb
 508 0062 49       		.uleb128 0x49
 509 0063 13       		.uleb128 0x13
 510 0064 00       		.byte	0
 511 0065 00       		.byte	0
 512 0066 09       		.uleb128 0x9
 513 0067 2E       		.uleb128 0x2e
 514 0068 01       		.byte	0x1
 515 0069 3F       		.uleb128 0x3f
 516 006a 19       		.uleb128 0x19
 517 006b 03       		.uleb128 0x3
 518 006c 0E       		.uleb128 0xe
 519 006d 3A       		.uleb128 0x3a
 520 006e 0B       		.uleb128 0xb
ARM GAS  C:\Users\mmoh0006\AppData\Local\Temp\ccdTMCEI.s 			page 13


 521 006f 3B       		.uleb128 0x3b
 522 0070 0B       		.uleb128 0xb
 523 0071 27       		.uleb128 0x27
 524 0072 19       		.uleb128 0x19
 525 0073 11       		.uleb128 0x11
 526 0074 01       		.uleb128 0x1
 527 0075 12       		.uleb128 0x12
 528 0076 06       		.uleb128 0x6
 529 0077 40       		.uleb128 0x40
 530 0078 18       		.uleb128 0x18
 531 0079 9742     		.uleb128 0x2117
 532 007b 19       		.uleb128 0x19
 533 007c 01       		.uleb128 0x1
 534 007d 13       		.uleb128 0x13
 535 007e 00       		.byte	0
 536 007f 00       		.byte	0
 537 0080 0A       		.uleb128 0xa
 538 0081 898201   		.uleb128 0x4109
 539 0084 00       		.byte	0
 540 0085 11       		.uleb128 0x11
 541 0086 01       		.uleb128 0x1
 542 0087 31       		.uleb128 0x31
 543 0088 13       		.uleb128 0x13
 544 0089 00       		.byte	0
 545 008a 00       		.byte	0
 546 008b 0B       		.uleb128 0xb
 547 008c 898201   		.uleb128 0x4109
 548 008f 00       		.byte	0
 549 0090 11       		.uleb128 0x11
 550 0091 01       		.uleb128 0x1
 551 0092 9542     		.uleb128 0x2115
 552 0094 19       		.uleb128 0x19
 553 0095 31       		.uleb128 0x31
 554 0096 13       		.uleb128 0x13
 555 0097 00       		.byte	0
 556 0098 00       		.byte	0
 557 0099 0C       		.uleb128 0xc
 558 009a 34       		.uleb128 0x34
 559 009b 00       		.byte	0
 560 009c 03       		.uleb128 0x3
 561 009d 0E       		.uleb128 0xe
 562 009e 3A       		.uleb128 0x3a
 563 009f 0B       		.uleb128 0xb
 564 00a0 3B       		.uleb128 0x3b
 565 00a1 0B       		.uleb128 0xb
 566 00a2 49       		.uleb128 0x49
 567 00a3 13       		.uleb128 0x13
 568 00a4 02       		.uleb128 0x2
 569 00a5 18       		.uleb128 0x18
 570 00a6 00       		.byte	0
 571 00a7 00       		.byte	0
 572 00a8 0D       		.uleb128 0xd
 573 00a9 2E       		.uleb128 0x2e
 574 00aa 00       		.byte	0
 575 00ab 3F       		.uleb128 0x3f
 576 00ac 19       		.uleb128 0x19
 577 00ad 3C       		.uleb128 0x3c
ARM GAS  C:\Users\mmoh0006\AppData\Local\Temp\ccdTMCEI.s 			page 14


 578 00ae 19       		.uleb128 0x19
 579 00af 6E       		.uleb128 0x6e
 580 00b0 0E       		.uleb128 0xe
 581 00b1 03       		.uleb128 0x3
 582 00b2 0E       		.uleb128 0xe
 583 00b3 3A       		.uleb128 0x3a
 584 00b4 0B       		.uleb128 0xb
 585 00b5 3B       		.uleb128 0x3b
 586 00b6 0B       		.uleb128 0xb
 587 00b7 00       		.byte	0
 588 00b8 00       		.byte	0
 589 00b9 00       		.byte	0
 590              		.section	.debug_aranges,"",%progbits
 591 0000 34000000 		.4byte	0x34
 592 0004 0200     		.2byte	0x2
 593 0006 00000000 		.4byte	.Ldebug_info0
 594 000a 04       		.byte	0x4
 595 000b 00       		.byte	0
 596 000c 0000     		.2byte	0
 597 000e 0000     		.2byte	0
 598 0010 00000000 		.4byte	.LFB0
 599 0014 18000000 		.4byte	.LFE0-.LFB0
 600 0018 00000000 		.4byte	.LFB1
 601 001c 18000000 		.4byte	.LFE1-.LFB1
 602 0020 00000000 		.4byte	.LFB2
 603 0024 28000000 		.4byte	.LFE2-.LFB2
 604 0028 00000000 		.4byte	.LFB3
 605 002c 1C000000 		.4byte	.LFE3-.LFB3
 606 0030 00000000 		.4byte	0
 607 0034 00000000 		.4byte	0
 608              		.section	.debug_ranges,"",%progbits
 609              	.Ldebug_ranges0:
 610 0000 00000000 		.4byte	.LFB0
 611 0004 18000000 		.4byte	.LFE0
 612 0008 00000000 		.4byte	.LFB1
 613 000c 18000000 		.4byte	.LFE1
 614 0010 00000000 		.4byte	.LFB2
 615 0014 28000000 		.4byte	.LFE2
 616 0018 00000000 		.4byte	.LFB3
 617 001c 1C000000 		.4byte	.LFE3
 618 0020 00000000 		.4byte	0
 619 0024 00000000 		.4byte	0
 620              		.section	.debug_line,"",%progbits
 621              	.Ldebug_line0:
 622 0000 B7000000 		.section	.debug_str,"MS",%progbits,1
 622      02006000 
 622      00000201 
 622      FB0E0D00 
 622      01010101 
 623              	.LASF22:
 624 0000 50756C73 		.ascii	"Pulse_Counter_Sleep\000"
 624      655F436F 
 624      756E7465 
 624      725F536C 
 624      65657000 
 625              	.LASF9:
 626 0014 666C6F61 		.ascii	"float\000"
ARM GAS  C:\Users\mmoh0006\AppData\Local\Temp\ccdTMCEI.s 			page 15


 626      7400
 627              	.LASF20:
 628 001a 50756C73 		.ascii	"Pulse_Counter_SaveConfig\000"
 628      655F436F 
 628      756E7465 
 628      725F5361 
 628      7665436F 
 629              	.LASF3:
 630 0033 73686F72 		.ascii	"short unsigned int\000"
 630      7420756E 
 630      7369676E 
 630      65642069 
 630      6E7400
 631              	.LASF17:
 632 0046 436F756E 		.ascii	"CounterUdb\000"
 632      74657255 
 632      646200
 633              	.LASF18:
 634 0051 436F756E 		.ascii	"CounterControlRegister\000"
 634      74657243 
 634      6F6E7472 
 634      6F6C5265 
 634      67697374 
 635              	.LASF25:
 636 0068 50756C73 		.ascii	"Pulse_Counter_ReadControlRegister\000"
 636      655F436F 
 636      756E7465 
 636      725F5265 
 636      6164436F 
 637              	.LASF26:
 638 008a 50756C73 		.ascii	"Pulse_Counter_WriteCounter\000"
 638      655F436F 
 638      756E7465 
 638      725F5772 
 638      69746543 
 639              	.LASF1:
 640 00a5 756E7369 		.ascii	"unsigned char\000"
 640      676E6564 
 640      20636861 
 640      7200
 641              	.LASF29:
 642 00b3 50756C73 		.ascii	"Pulse_Counter_Enable\000"
 642      655F436F 
 642      756E7465 
 642      725F456E 
 642      61626C65 
 643              	.LASF13:
 644 00c8 72656738 		.ascii	"reg8\000"
 644      00
 645              	.LASF30:
 646 00cd 474E5520 		.ascii	"GNU C11 5.4.1 20160609 (release) [ARM/embedded-5-br"
 646      43313120 
 646      352E342E 
 646      31203230 
 646      31363036 
 647 0100 616E6368 		.ascii	"anch revision 237715] -mcpu=cortex-m3 -mthumb -g -O"
 647      20726576 
ARM GAS  C:\Users\mmoh0006\AppData\Local\Temp\ccdTMCEI.s 			page 16


 647      6973696F 
 647      6E203233 
 647      37373135 
 648 0133 73202D66 		.ascii	"s -ffunction-sections -ffat-lto-objects\000"
 648      66756E63 
 648      74696F6E 
 648      2D736563 
 648      74696F6E 
 649              	.LASF12:
 650 015b 75696E74 		.ascii	"uint8\000"
 650      3800
 651              	.LASF28:
 652 0161 50756C73 		.ascii	"Pulse_Counter_Stop\000"
 652      655F436F 
 652      756E7465 
 652      725F5374 
 652      6F7000
 653              	.LASF10:
 654 0174 646F7562 		.ascii	"double\000"
 654      6C6500
 655              	.LASF32:
 656 017b 453A5C54 		.ascii	"E:\\TRC3500\\Psoc\\BCD\\Design01.cydsn\000"
 656      52433335 
 656      30305C50 
 656      736F635C 
 656      4243445C 
 657              	.LASF31:
 658 019e 47656E65 		.ascii	"Generated_Source\\PSoC5\\Pulse_Counter_PM.c\000"
 658      72617465 
 658      645F536F 
 658      75726365 
 658      5C50536F 
 659              	.LASF5:
 660 01c8 6C6F6E67 		.ascii	"long unsigned int\000"
 660      20756E73 
 660      69676E65 
 660      6420696E 
 660      7400
 661              	.LASF8:
 662 01da 756E7369 		.ascii	"unsigned int\000"
 662      676E6564 
 662      20696E74 
 662      00
 663              	.LASF7:
 664 01e7 6C6F6E67 		.ascii	"long long unsigned int\000"
 664      206C6F6E 
 664      6720756E 
 664      7369676E 
 664      65642069 
 665              	.LASF27:
 666 01fe 50756C73 		.ascii	"Pulse_Counter_WriteControlRegister\000"
 666      655F436F 
 666      756E7465 
 666      725F5772 
 666      69746543 
 667              	.LASF33:
 668 0221 50756C73 		.ascii	"Pulse_Counter_backup\000"
ARM GAS  C:\Users\mmoh0006\AppData\Local\Temp\ccdTMCEI.s 			page 17


 668      655F436F 
 668      756E7465 
 668      725F6261 
 668      636B7570 
 669              	.LASF15:
 670 0236 73697A65 		.ascii	"sizetype\000"
 670      74797065 
 670      00
 671              	.LASF16:
 672 023f 436F756E 		.ascii	"CounterEnableState\000"
 672      74657245 
 672      6E61626C 
 672      65537461 
 672      746500
 673              	.LASF6:
 674 0252 6C6F6E67 		.ascii	"long long int\000"
 674      206C6F6E 
 674      6720696E 
 674      7400
 675              	.LASF19:
 676 0260 50756C73 		.ascii	"Pulse_Counter_backupStruct\000"
 676      655F436F 
 676      756E7465 
 676      725F6261 
 676      636B7570 
 677              	.LASF11:
 678 027b 63686172 		.ascii	"char\000"
 678      00
 679              	.LASF21:
 680 0280 50756C73 		.ascii	"Pulse_Counter_RestoreConfig\000"
 680      655F436F 
 680      756E7465 
 680      725F5265 
 680      73746F72 
 681              	.LASF23:
 682 029c 50756C73 		.ascii	"Pulse_Counter_Wakeup\000"
 682      655F436F 
 682      756E7465 
 682      725F5761 
 682      6B657570 
 683              	.LASF2:
 684 02b1 73686F72 		.ascii	"short int\000"
 684      7420696E 
 684      7400
 685              	.LASF24:
 686 02bb 50756C73 		.ascii	"Pulse_Counter_ReadCounter\000"
 686      655F436F 
 686      756E7465 
 686      725F5265 
 686      6164436F 
 687              	.LASF4:
 688 02d5 6C6F6E67 		.ascii	"long int\000"
 688      20696E74 
 688      00
 689              	.LASF14:
 690 02de 6C6F6E67 		.ascii	"long double\000"
 690      20646F75 
ARM GAS  C:\Users\mmoh0006\AppData\Local\Temp\ccdTMCEI.s 			page 18


 690      626C6500 
 691              	.LASF0:
 692 02ea 7369676E 		.ascii	"signed char\000"
 692      65642063 
 692      68617200 
 693              		.ident	"GCC: (GNU Tools for ARM Embedded Processors) 5.4.1 20160609 (release) [ARM/embedded-5-bran
