ARM GAS  C:\Users\Zwe\AppData\Local\Temp\ccC38yGa.s 			page 1


   1              		.syntax unified
   2              		.cpu cortex-m3
   3              		.fpu softvfp
   4              		.eabi_attribute 20, 1
   5              		.eabi_attribute 21, 1
   6              		.eabi_attribute 23, 3
   7              		.eabi_attribute 24, 1
   8              		.eabi_attribute 25, 1
   9              		.eabi_attribute 26, 1
  10              		.eabi_attribute 30, 4
  11              		.eabi_attribute 34, 1
  12              		.eabi_attribute 18, 4
  13              		.thumb
  14              		.syntax unified
  15              		.file	"Rx_Timer_PM.c"
  16              		.text
  17              	.Ltext0:
  18              		.cfi_sections	.debug_frame
  19              		.section	.text.Rx_Timer_SaveConfig,"ax",%progbits
  20              		.align	1
  21              		.global	Rx_Timer_SaveConfig
  22              		.thumb
  23              		.thumb_func
  24              		.type	Rx_Timer_SaveConfig, %function
  25              	Rx_Timer_SaveConfig:
  26              	.LFB0:
  27              		.file 1 "Generated_Source\\PSoC5\\Rx_Timer_PM.c"
   1:Generated_Source\PSoC5/Rx_Timer_PM.c **** /*******************************************************************************
   2:Generated_Source\PSoC5/Rx_Timer_PM.c **** * File Name: Rx_Timer_PM.c
   3:Generated_Source\PSoC5/Rx_Timer_PM.c **** * Version 2.80
   4:Generated_Source\PSoC5/Rx_Timer_PM.c **** *
   5:Generated_Source\PSoC5/Rx_Timer_PM.c **** *  Description:
   6:Generated_Source\PSoC5/Rx_Timer_PM.c **** *     This file provides the power management source code to API for the
   7:Generated_Source\PSoC5/Rx_Timer_PM.c **** *     Timer.
   8:Generated_Source\PSoC5/Rx_Timer_PM.c **** *
   9:Generated_Source\PSoC5/Rx_Timer_PM.c **** *   Note:
  10:Generated_Source\PSoC5/Rx_Timer_PM.c **** *     None
  11:Generated_Source\PSoC5/Rx_Timer_PM.c **** *
  12:Generated_Source\PSoC5/Rx_Timer_PM.c **** *******************************************************************************
  13:Generated_Source\PSoC5/Rx_Timer_PM.c **** * Copyright 2008-2017, Cypress Semiconductor Corporation.  All rights reserved.
  14:Generated_Source\PSoC5/Rx_Timer_PM.c **** * You may use this file only in accordance with the license, terms, conditions,
  15:Generated_Source\PSoC5/Rx_Timer_PM.c **** * disclaimers, and limitations in the end user license agreement accompanying
  16:Generated_Source\PSoC5/Rx_Timer_PM.c **** * the software package with which this file was provided.
  17:Generated_Source\PSoC5/Rx_Timer_PM.c **** ********************************************************************************/
  18:Generated_Source\PSoC5/Rx_Timer_PM.c **** 
  19:Generated_Source\PSoC5/Rx_Timer_PM.c **** #include "Rx_Timer.h"
  20:Generated_Source\PSoC5/Rx_Timer_PM.c **** 
  21:Generated_Source\PSoC5/Rx_Timer_PM.c **** static Rx_Timer_backupStruct Rx_Timer_backup;
  22:Generated_Source\PSoC5/Rx_Timer_PM.c **** 
  23:Generated_Source\PSoC5/Rx_Timer_PM.c **** 
  24:Generated_Source\PSoC5/Rx_Timer_PM.c **** /*******************************************************************************
  25:Generated_Source\PSoC5/Rx_Timer_PM.c **** * Function Name: Rx_Timer_SaveConfig
  26:Generated_Source\PSoC5/Rx_Timer_PM.c **** ********************************************************************************
  27:Generated_Source\PSoC5/Rx_Timer_PM.c **** *
  28:Generated_Source\PSoC5/Rx_Timer_PM.c **** * Summary:
  29:Generated_Source\PSoC5/Rx_Timer_PM.c **** *     Save the current user configuration
  30:Generated_Source\PSoC5/Rx_Timer_PM.c **** *
ARM GAS  C:\Users\Zwe\AppData\Local\Temp\ccC38yGa.s 			page 2


  31:Generated_Source\PSoC5/Rx_Timer_PM.c **** * Parameters:
  32:Generated_Source\PSoC5/Rx_Timer_PM.c **** *  void
  33:Generated_Source\PSoC5/Rx_Timer_PM.c **** *
  34:Generated_Source\PSoC5/Rx_Timer_PM.c **** * Return:
  35:Generated_Source\PSoC5/Rx_Timer_PM.c **** *  void
  36:Generated_Source\PSoC5/Rx_Timer_PM.c **** *
  37:Generated_Source\PSoC5/Rx_Timer_PM.c **** * Global variables:
  38:Generated_Source\PSoC5/Rx_Timer_PM.c **** *  Rx_Timer_backup:  Variables of this global structure are modified to
  39:Generated_Source\PSoC5/Rx_Timer_PM.c **** *  store the values of non retention configuration registers when Sleep() API is
  40:Generated_Source\PSoC5/Rx_Timer_PM.c **** *  called.
  41:Generated_Source\PSoC5/Rx_Timer_PM.c **** *
  42:Generated_Source\PSoC5/Rx_Timer_PM.c **** *******************************************************************************/
  43:Generated_Source\PSoC5/Rx_Timer_PM.c **** void Rx_Timer_SaveConfig(void) 
  44:Generated_Source\PSoC5/Rx_Timer_PM.c **** {
  28              		.loc 1 44 0
  29              		.cfi_startproc
  30              		@ args = 0, pretend = 0, frame = 0
  31              		@ frame_needed = 0, uses_anonymous_args = 0
  32 0000 10B5     		push	{r4, lr}
  33              		.cfi_def_cfa_offset 8
  34              		.cfi_offset 4, -8
  35              		.cfi_offset 14, -4
  45:Generated_Source\PSoC5/Rx_Timer_PM.c ****     #if (!Rx_Timer_UsingFixedFunction)
  46:Generated_Source\PSoC5/Rx_Timer_PM.c ****         Rx_Timer_backup.TimerUdb = Rx_Timer_ReadCounter();
  36              		.loc 1 46 0
  37 0002 FFF7FEFF 		bl	Rx_Timer_ReadCounter
  38              	.LVL0:
  39 0006 064C     		ldr	r4, .L2
  47:Generated_Source\PSoC5/Rx_Timer_PM.c ****         Rx_Timer_backup.InterruptMaskValue = Rx_Timer_STATUS_MASK;
  40              		.loc 1 47 0
  41 0008 064B     		ldr	r3, .L2+4
  46:Generated_Source\PSoC5/Rx_Timer_PM.c ****         Rx_Timer_backup.InterruptMaskValue = Rx_Timer_STATUS_MASK;
  42              		.loc 1 46 0
  43 000a 6080     		strh	r0, [r4, #2]	@ movhi
  44              		.loc 1 47 0
  45 000c 1B78     		ldrb	r3, [r3]	@ zero_extendqisi2
  46 000e 2371     		strb	r3, [r4, #4]
  48:Generated_Source\PSoC5/Rx_Timer_PM.c ****         #if (Rx_Timer_UsingHWCaptureCounter)
  49:Generated_Source\PSoC5/Rx_Timer_PM.c ****             Rx_Timer_backup.TimerCaptureCounter = Rx_Timer_ReadCaptureCount();
  47              		.loc 1 49 0
  48 0010 FFF7FEFF 		bl	Rx_Timer_ReadCaptureCount
  49              	.LVL1:
  50 0014 6071     		strb	r0, [r4, #5]
  50:Generated_Source\PSoC5/Rx_Timer_PM.c ****         #endif /* Back Up capture counter register  */
  51:Generated_Source\PSoC5/Rx_Timer_PM.c **** 
  52:Generated_Source\PSoC5/Rx_Timer_PM.c ****         #if(!Rx_Timer_UDB_CONTROL_REG_REMOVED)
  53:Generated_Source\PSoC5/Rx_Timer_PM.c ****             Rx_Timer_backup.TimerControlRegister = Rx_Timer_ReadControlRegister();
  51              		.loc 1 53 0
  52 0016 FFF7FEFF 		bl	Rx_Timer_ReadControlRegister
  53              	.LVL2:
  54 001a A071     		strb	r0, [r4, #6]
  55 001c 10BD     		pop	{r4, pc}
  56              	.L3:
  57 001e 00BF     		.align	2
  58              	.L2:
  59 0020 00000000 		.word	.LANCHOR0
  60 0024 8B640040 		.word	1073767563
ARM GAS  C:\Users\Zwe\AppData\Local\Temp\ccC38yGa.s 			page 3


  61              		.cfi_endproc
  62              	.LFE0:
  63              		.size	Rx_Timer_SaveConfig, .-Rx_Timer_SaveConfig
  64              		.section	.text.Rx_Timer_RestoreConfig,"ax",%progbits
  65              		.align	1
  66              		.global	Rx_Timer_RestoreConfig
  67              		.thumb
  68              		.thumb_func
  69              		.type	Rx_Timer_RestoreConfig, %function
  70              	Rx_Timer_RestoreConfig:
  71              	.LFB1:
  54:Generated_Source\PSoC5/Rx_Timer_PM.c ****         #endif /* Backup the enable state of the Timer component */
  55:Generated_Source\PSoC5/Rx_Timer_PM.c ****     #endif /* Backup non retention registers in UDB implementation. All fixed function registers ar
  56:Generated_Source\PSoC5/Rx_Timer_PM.c **** }
  57:Generated_Source\PSoC5/Rx_Timer_PM.c **** 
  58:Generated_Source\PSoC5/Rx_Timer_PM.c **** 
  59:Generated_Source\PSoC5/Rx_Timer_PM.c **** /*******************************************************************************
  60:Generated_Source\PSoC5/Rx_Timer_PM.c **** * Function Name: Rx_Timer_RestoreConfig
  61:Generated_Source\PSoC5/Rx_Timer_PM.c **** ********************************************************************************
  62:Generated_Source\PSoC5/Rx_Timer_PM.c **** *
  63:Generated_Source\PSoC5/Rx_Timer_PM.c **** * Summary:
  64:Generated_Source\PSoC5/Rx_Timer_PM.c **** *  Restores the current user configuration.
  65:Generated_Source\PSoC5/Rx_Timer_PM.c **** *
  66:Generated_Source\PSoC5/Rx_Timer_PM.c **** * Parameters:
  67:Generated_Source\PSoC5/Rx_Timer_PM.c **** *  void
  68:Generated_Source\PSoC5/Rx_Timer_PM.c **** *
  69:Generated_Source\PSoC5/Rx_Timer_PM.c **** * Return:
  70:Generated_Source\PSoC5/Rx_Timer_PM.c **** *  void
  71:Generated_Source\PSoC5/Rx_Timer_PM.c **** *
  72:Generated_Source\PSoC5/Rx_Timer_PM.c **** * Global variables:
  73:Generated_Source\PSoC5/Rx_Timer_PM.c **** *  Rx_Timer_backup:  Variables of this global structure are used to
  74:Generated_Source\PSoC5/Rx_Timer_PM.c **** *  restore the values of non retention registers on wakeup from sleep mode.
  75:Generated_Source\PSoC5/Rx_Timer_PM.c **** *
  76:Generated_Source\PSoC5/Rx_Timer_PM.c **** *******************************************************************************/
  77:Generated_Source\PSoC5/Rx_Timer_PM.c **** void Rx_Timer_RestoreConfig(void) 
  78:Generated_Source\PSoC5/Rx_Timer_PM.c **** {   
  72              		.loc 1 78 0
  73              		.cfi_startproc
  74              		@ args = 0, pretend = 0, frame = 0
  75              		@ frame_needed = 0, uses_anonymous_args = 0
  76 0000 10B5     		push	{r4, lr}
  77              		.cfi_def_cfa_offset 8
  78              		.cfi_offset 4, -8
  79              		.cfi_offset 14, -4
  79:Generated_Source\PSoC5/Rx_Timer_PM.c ****     #if (!Rx_Timer_UsingFixedFunction)
  80:Generated_Source\PSoC5/Rx_Timer_PM.c **** 
  81:Generated_Source\PSoC5/Rx_Timer_PM.c ****         Rx_Timer_WriteCounter(Rx_Timer_backup.TimerUdb);
  80              		.loc 1 81 0
  81 0002 074C     		ldr	r4, .L5
  82 0004 6088     		ldrh	r0, [r4, #2]
  83 0006 FFF7FEFF 		bl	Rx_Timer_WriteCounter
  84              	.LVL3:
  82:Generated_Source\PSoC5/Rx_Timer_PM.c ****         Rx_Timer_STATUS_MASK =Rx_Timer_backup.InterruptMaskValue;
  85              		.loc 1 82 0
  86 000a 2279     		ldrb	r2, [r4, #4]	@ zero_extendqisi2
  87 000c 054B     		ldr	r3, .L5+4
  88 000e 1A70     		strb	r2, [r3]
ARM GAS  C:\Users\Zwe\AppData\Local\Temp\ccC38yGa.s 			page 4


  83:Generated_Source\PSoC5/Rx_Timer_PM.c ****         #if (Rx_Timer_UsingHWCaptureCounter)
  84:Generated_Source\PSoC5/Rx_Timer_PM.c ****             Rx_Timer_SetCaptureCount(Rx_Timer_backup.TimerCaptureCounter);
  89              		.loc 1 84 0
  90 0010 6079     		ldrb	r0, [r4, #5]	@ zero_extendqisi2
  91 0012 FFF7FEFF 		bl	Rx_Timer_SetCaptureCount
  92              	.LVL4:
  85:Generated_Source\PSoC5/Rx_Timer_PM.c ****         #endif /* Restore Capture counter register*/
  86:Generated_Source\PSoC5/Rx_Timer_PM.c **** 
  87:Generated_Source\PSoC5/Rx_Timer_PM.c ****         #if(!Rx_Timer_UDB_CONTROL_REG_REMOVED)
  88:Generated_Source\PSoC5/Rx_Timer_PM.c ****             Rx_Timer_WriteControlRegister(Rx_Timer_backup.TimerControlRegister);
  93              		.loc 1 88 0
  94 0016 A079     		ldrb	r0, [r4, #6]	@ zero_extendqisi2
  89:Generated_Source\PSoC5/Rx_Timer_PM.c ****         #endif /* Restore the enable state of the Timer component */
  90:Generated_Source\PSoC5/Rx_Timer_PM.c ****     #endif /* Restore non retention registers in the UDB implementation only */
  91:Generated_Source\PSoC5/Rx_Timer_PM.c **** }
  95              		.loc 1 91 0
  96 0018 BDE81040 		pop	{r4, lr}
  97              		.cfi_restore 14
  98              		.cfi_restore 4
  99              		.cfi_def_cfa_offset 0
  88:Generated_Source\PSoC5/Rx_Timer_PM.c ****         #endif /* Restore the enable state of the Timer component */
 100              		.loc 1 88 0
 101 001c FFF7FEBF 		b	Rx_Timer_WriteControlRegister
 102              	.LVL5:
 103              	.L6:
 104              		.align	2
 105              	.L5:
 106 0020 00000000 		.word	.LANCHOR0
 107 0024 8B640040 		.word	1073767563
 108              		.cfi_endproc
 109              	.LFE1:
 110              		.size	Rx_Timer_RestoreConfig, .-Rx_Timer_RestoreConfig
 111              		.section	.text.Rx_Timer_Sleep,"ax",%progbits
 112              		.align	1
 113              		.global	Rx_Timer_Sleep
 114              		.thumb
 115              		.thumb_func
 116              		.type	Rx_Timer_Sleep, %function
 117              	Rx_Timer_Sleep:
 118              	.LFB2:
  92:Generated_Source\PSoC5/Rx_Timer_PM.c **** 
  93:Generated_Source\PSoC5/Rx_Timer_PM.c **** 
  94:Generated_Source\PSoC5/Rx_Timer_PM.c **** /*******************************************************************************
  95:Generated_Source\PSoC5/Rx_Timer_PM.c **** * Function Name: Rx_Timer_Sleep
  96:Generated_Source\PSoC5/Rx_Timer_PM.c **** ********************************************************************************
  97:Generated_Source\PSoC5/Rx_Timer_PM.c **** *
  98:Generated_Source\PSoC5/Rx_Timer_PM.c **** * Summary:
  99:Generated_Source\PSoC5/Rx_Timer_PM.c **** *     Stop and Save the user configuration
 100:Generated_Source\PSoC5/Rx_Timer_PM.c **** *
 101:Generated_Source\PSoC5/Rx_Timer_PM.c **** * Parameters:
 102:Generated_Source\PSoC5/Rx_Timer_PM.c **** *  void
 103:Generated_Source\PSoC5/Rx_Timer_PM.c **** *
 104:Generated_Source\PSoC5/Rx_Timer_PM.c **** * Return:
 105:Generated_Source\PSoC5/Rx_Timer_PM.c **** *  void
 106:Generated_Source\PSoC5/Rx_Timer_PM.c **** *
 107:Generated_Source\PSoC5/Rx_Timer_PM.c **** * Global variables:
 108:Generated_Source\PSoC5/Rx_Timer_PM.c **** *  Rx_Timer_backup.TimerEnableState:  Is modified depending on the
ARM GAS  C:\Users\Zwe\AppData\Local\Temp\ccC38yGa.s 			page 5


 109:Generated_Source\PSoC5/Rx_Timer_PM.c **** *  enable state of the block before entering sleep mode.
 110:Generated_Source\PSoC5/Rx_Timer_PM.c **** *
 111:Generated_Source\PSoC5/Rx_Timer_PM.c **** *******************************************************************************/
 112:Generated_Source\PSoC5/Rx_Timer_PM.c **** void Rx_Timer_Sleep(void) 
 113:Generated_Source\PSoC5/Rx_Timer_PM.c **** {
 119              		.loc 1 113 0
 120              		.cfi_startproc
 121              		@ args = 0, pretend = 0, frame = 0
 122              		@ frame_needed = 0, uses_anonymous_args = 0
 123 0000 08B5     		push	{r3, lr}
 124              		.cfi_def_cfa_offset 8
 125              		.cfi_offset 3, -8
 126              		.cfi_offset 14, -4
 114:Generated_Source\PSoC5/Rx_Timer_PM.c ****     #if(!Rx_Timer_UDB_CONTROL_REG_REMOVED)
 115:Generated_Source\PSoC5/Rx_Timer_PM.c ****         /* Save Counter's enable state */
 116:Generated_Source\PSoC5/Rx_Timer_PM.c ****         if(Rx_Timer_CTRL_ENABLE == (Rx_Timer_CONTROL & Rx_Timer_CTRL_ENABLE))
 127              		.loc 1 116 0
 128 0002 074B     		ldr	r3, .L11
 129 0004 1B78     		ldrb	r3, [r3]	@ zero_extendqisi2
 130 0006 13F0800F 		tst	r3, #128
 131 000a 064B     		ldr	r3, .L11+4
 117:Generated_Source\PSoC5/Rx_Timer_PM.c ****         {
 118:Generated_Source\PSoC5/Rx_Timer_PM.c ****             /* Timer is enabled */
 119:Generated_Source\PSoC5/Rx_Timer_PM.c ****             Rx_Timer_backup.TimerEnableState = 1u;
 132              		.loc 1 119 0
 133 000c 14BF     		ite	ne
 134 000e 0122     		movne	r2, #1
 120:Generated_Source\PSoC5/Rx_Timer_PM.c ****         }
 121:Generated_Source\PSoC5/Rx_Timer_PM.c ****         else
 122:Generated_Source\PSoC5/Rx_Timer_PM.c ****         {
 123:Generated_Source\PSoC5/Rx_Timer_PM.c ****             /* Timer is disabled */
 124:Generated_Source\PSoC5/Rx_Timer_PM.c ****             Rx_Timer_backup.TimerEnableState = 0u;
 135              		.loc 1 124 0
 136 0010 0022     		moveq	r2, #0
 137 0012 1A70     		strb	r2, [r3]
 125:Generated_Source\PSoC5/Rx_Timer_PM.c ****         }
 126:Generated_Source\PSoC5/Rx_Timer_PM.c ****     #endif /* Back up enable state from the Timer control register */
 127:Generated_Source\PSoC5/Rx_Timer_PM.c ****     Rx_Timer_Stop();
 138              		.loc 1 127 0
 139 0014 FFF7FEFF 		bl	Rx_Timer_Stop
 140              	.LVL6:
 128:Generated_Source\PSoC5/Rx_Timer_PM.c ****     Rx_Timer_SaveConfig();
 129:Generated_Source\PSoC5/Rx_Timer_PM.c **** }
 141              		.loc 1 129 0
 142 0018 BDE80840 		pop	{r3, lr}
 143              		.cfi_restore 14
 144              		.cfi_restore 3
 145              		.cfi_def_cfa_offset 0
 128:Generated_Source\PSoC5/Rx_Timer_PM.c ****     Rx_Timer_SaveConfig();
 146              		.loc 1 128 0
 147 001c FFF7FEBF 		b	Rx_Timer_SaveConfig
 148              	.LVL7:
 149              	.L12:
 150              		.align	2
 151              	.L11:
 152 0020 78650040 		.word	1073767800
 153 0024 00000000 		.word	.LANCHOR0
ARM GAS  C:\Users\Zwe\AppData\Local\Temp\ccC38yGa.s 			page 6


 154              		.cfi_endproc
 155              	.LFE2:
 156              		.size	Rx_Timer_Sleep, .-Rx_Timer_Sleep
 157              		.section	.text.Rx_Timer_Wakeup,"ax",%progbits
 158              		.align	1
 159              		.global	Rx_Timer_Wakeup
 160              		.thumb
 161              		.thumb_func
 162              		.type	Rx_Timer_Wakeup, %function
 163              	Rx_Timer_Wakeup:
 164              	.LFB3:
 130:Generated_Source\PSoC5/Rx_Timer_PM.c **** 
 131:Generated_Source\PSoC5/Rx_Timer_PM.c **** 
 132:Generated_Source\PSoC5/Rx_Timer_PM.c **** /*******************************************************************************
 133:Generated_Source\PSoC5/Rx_Timer_PM.c **** * Function Name: Rx_Timer_Wakeup
 134:Generated_Source\PSoC5/Rx_Timer_PM.c **** ********************************************************************************
 135:Generated_Source\PSoC5/Rx_Timer_PM.c **** *
 136:Generated_Source\PSoC5/Rx_Timer_PM.c **** * Summary:
 137:Generated_Source\PSoC5/Rx_Timer_PM.c **** *  Restores and enables the user configuration
 138:Generated_Source\PSoC5/Rx_Timer_PM.c **** *
 139:Generated_Source\PSoC5/Rx_Timer_PM.c **** * Parameters:
 140:Generated_Source\PSoC5/Rx_Timer_PM.c **** *  void
 141:Generated_Source\PSoC5/Rx_Timer_PM.c **** *
 142:Generated_Source\PSoC5/Rx_Timer_PM.c **** * Return:
 143:Generated_Source\PSoC5/Rx_Timer_PM.c **** *  void
 144:Generated_Source\PSoC5/Rx_Timer_PM.c **** *
 145:Generated_Source\PSoC5/Rx_Timer_PM.c **** * Global variables:
 146:Generated_Source\PSoC5/Rx_Timer_PM.c **** *  Rx_Timer_backup.enableState:  Is used to restore the enable state of
 147:Generated_Source\PSoC5/Rx_Timer_PM.c **** *  block on wakeup from sleep mode.
 148:Generated_Source\PSoC5/Rx_Timer_PM.c **** *
 149:Generated_Source\PSoC5/Rx_Timer_PM.c **** *******************************************************************************/
 150:Generated_Source\PSoC5/Rx_Timer_PM.c **** void Rx_Timer_Wakeup(void) 
 151:Generated_Source\PSoC5/Rx_Timer_PM.c **** {
 165              		.loc 1 151 0
 166              		.cfi_startproc
 167              		@ args = 0, pretend = 0, frame = 0
 168              		@ frame_needed = 0, uses_anonymous_args = 0
 169 0000 08B5     		push	{r3, lr}
 170              		.cfi_def_cfa_offset 8
 171              		.cfi_offset 3, -8
 172              		.cfi_offset 14, -4
 152:Generated_Source\PSoC5/Rx_Timer_PM.c ****     Rx_Timer_RestoreConfig();
 173              		.loc 1 152 0
 174 0002 FFF7FEFF 		bl	Rx_Timer_RestoreConfig
 175              	.LVL8:
 153:Generated_Source\PSoC5/Rx_Timer_PM.c ****     #if(!Rx_Timer_UDB_CONTROL_REG_REMOVED)
 154:Generated_Source\PSoC5/Rx_Timer_PM.c ****         if(Rx_Timer_backup.TimerEnableState == 1u)
 176              		.loc 1 154 0
 177 0006 044B     		ldr	r3, .L16
 178 0008 1B78     		ldrb	r3, [r3]	@ zero_extendqisi2
 179 000a 012B     		cmp	r3, #1
 180 000c 03D1     		bne	.L13
 155:Generated_Source\PSoC5/Rx_Timer_PM.c ****         {     /* Enable Timer's operation */
 156:Generated_Source\PSoC5/Rx_Timer_PM.c ****                 Rx_Timer_Enable();
 157:Generated_Source\PSoC5/Rx_Timer_PM.c ****         } /* Do nothing if Timer was disabled before */
 158:Generated_Source\PSoC5/Rx_Timer_PM.c ****     #endif /* Remove this code section if Control register is removed */
 159:Generated_Source\PSoC5/Rx_Timer_PM.c **** }
ARM GAS  C:\Users\Zwe\AppData\Local\Temp\ccC38yGa.s 			page 7


 181              		.loc 1 159 0
 182 000e BDE80840 		pop	{r3, lr}
 183              		.cfi_remember_state
 184              		.cfi_restore 14
 185              		.cfi_restore 3
 186              		.cfi_def_cfa_offset 0
 156:Generated_Source\PSoC5/Rx_Timer_PM.c ****         } /* Do nothing if Timer was disabled before */
 187              		.loc 1 156 0
 188 0012 FFF7FEBF 		b	Rx_Timer_Enable
 189              	.LVL9:
 190              	.L13:
 191              		.cfi_restore_state
 192 0016 08BD     		pop	{r3, pc}
 193              	.L17:
 194              		.align	2
 195              	.L16:
 196 0018 00000000 		.word	.LANCHOR0
 197              		.cfi_endproc
 198              	.LFE3:
 199              		.size	Rx_Timer_Wakeup, .-Rx_Timer_Wakeup
 200              		.bss
 201              		.align	1
 202              		.set	.LANCHOR0,. + 0
 203              		.type	Rx_Timer_backup, %object
 204              		.size	Rx_Timer_backup, 8
 205              	Rx_Timer_backup:
 206 0000 00000000 		.space	8
 206      00000000 
 207              		.text
 208              	.Letext0:
 209              		.file 2 "Generated_Source\\PSoC5\\cytypes.h"
 210              		.file 3 "Generated_Source\\PSoC5\\Rx_Timer.h"
 211              		.section	.debug_info,"",%progbits
 212              	.Ldebug_info0:
 213 0000 1F020000 		.4byte	0x21f
 214 0004 0400     		.2byte	0x4
 215 0006 00000000 		.4byte	.Ldebug_abbrev0
 216 000a 04       		.byte	0x4
 217 000b 01       		.uleb128 0x1
 218 000c AE000000 		.4byte	.LASF35
 219 0010 0C       		.byte	0xc
 220 0011 42010000 		.4byte	.LASF36
 221 0015 84010000 		.4byte	.LASF37
 222 0019 00000000 		.4byte	.Ldebug_ranges0+0
 223 001d 00000000 		.4byte	0
 224 0021 00000000 		.4byte	.Ldebug_line0
 225 0025 02       		.uleb128 0x2
 226 0026 01       		.byte	0x1
 227 0027 06       		.byte	0x6
 228 0028 DC020000 		.4byte	.LASF0
 229 002c 02       		.uleb128 0x2
 230 002d 01       		.byte	0x1
 231 002e 08       		.byte	0x8
 232 002f 8B000000 		.4byte	.LASF1
 233 0033 02       		.uleb128 0x2
 234 0034 02       		.byte	0x2
 235 0035 05       		.byte	0x5
ARM GAS  C:\Users\Zwe\AppData\Local\Temp\ccC38yGa.s 			page 8


 236 0036 94020000 		.4byte	.LASF2
 237 003a 02       		.uleb128 0x2
 238 003b 02       		.byte	0x2
 239 003c 07       		.byte	0x7
 240 003d 69000000 		.4byte	.LASF3
 241 0041 02       		.uleb128 0x2
 242 0042 04       		.byte	0x4
 243 0043 05       		.byte	0x5
 244 0044 B2020000 		.4byte	.LASF4
 245 0048 02       		.uleb128 0x2
 246 0049 04       		.byte	0x4
 247 004a 07       		.byte	0x7
 248 004b D4010000 		.4byte	.LASF5
 249 004f 02       		.uleb128 0x2
 250 0050 08       		.byte	0x8
 251 0051 05       		.byte	0x5
 252 0052 71020000 		.4byte	.LASF6
 253 0056 02       		.uleb128 0x2
 254 0057 08       		.byte	0x8
 255 0058 07       		.byte	0x7
 256 0059 1E020000 		.4byte	.LASF7
 257 005d 03       		.uleb128 0x3
 258 005e 04       		.byte	0x4
 259 005f 05       		.byte	0x5
 260 0060 696E7400 		.ascii	"int\000"
 261 0064 02       		.uleb128 0x2
 262 0065 04       		.byte	0x4
 263 0066 07       		.byte	0x7
 264 0067 E6010000 		.4byte	.LASF8
 265 006b 04       		.uleb128 0x4
 266 006c 3C010000 		.4byte	.LASF9
 267 0070 02       		.byte	0x2
 268 0071 E401     		.2byte	0x1e4
 269 0073 2C000000 		.4byte	0x2c
 270 0077 04       		.uleb128 0x4
 271 0078 A7010000 		.4byte	.LASF10
 272 007c 02       		.byte	0x2
 273 007d E501     		.2byte	0x1e5
 274 007f 3A000000 		.4byte	0x3a
 275 0083 02       		.uleb128 0x2
 276 0084 04       		.byte	0x4
 277 0085 04       		.byte	0x4
 278 0086 85000000 		.4byte	.LASF11
 279 008a 02       		.uleb128 0x2
 280 008b 08       		.byte	0x8
 281 008c 04       		.byte	0x4
 282 008d 7D010000 		.4byte	.LASF12
 283 0091 02       		.uleb128 0x2
 284 0092 01       		.byte	0x1
 285 0093 08       		.byte	0x8
 286 0094 7F020000 		.4byte	.LASF13
 287 0098 04       		.uleb128 0x4
 288 0099 99000000 		.4byte	.LASF14
 289 009d 02       		.byte	0x2
 290 009e 8E02     		.2byte	0x28e
 291 00a0 A4000000 		.4byte	0xa4
 292 00a4 05       		.uleb128 0x5
ARM GAS  C:\Users\Zwe\AppData\Local\Temp\ccC38yGa.s 			page 9


 293 00a5 6B000000 		.4byte	0x6b
 294 00a9 02       		.uleb128 0x2
 295 00aa 08       		.byte	0x8
 296 00ab 04       		.byte	0x4
 297 00ac D0020000 		.4byte	.LASF15
 298 00b0 02       		.uleb128 0x2
 299 00b1 04       		.byte	0x4
 300 00b2 07       		.byte	0x7
 301 00b3 68020000 		.4byte	.LASF16
 302 00b7 06       		.uleb128 0x6
 303 00b8 08       		.byte	0x8
 304 00b9 03       		.byte	0x3
 305 00ba 43       		.byte	0x43
 306 00bb FC000000 		.4byte	0xfc
 307 00bf 07       		.uleb128 0x7
 308 00c0 16000000 		.4byte	.LASF17
 309 00c4 03       		.byte	0x3
 310 00c5 45       		.byte	0x45
 311 00c6 6B000000 		.4byte	0x6b
 312 00ca 00       		.byte	0
 313 00cb 07       		.uleb128 0x7
 314 00cc 7C000000 		.4byte	.LASF18
 315 00d0 03       		.byte	0x3
 316 00d1 48       		.byte	0x48
 317 00d2 77000000 		.4byte	0x77
 318 00d6 02       		.byte	0x2
 319 00d7 07       		.uleb128 0x7
 320 00d8 E8020000 		.4byte	.LASF19
 321 00dc 03       		.byte	0x3
 322 00dd 49       		.byte	0x49
 323 00de 6B000000 		.4byte	0x6b
 324 00e2 04       		.byte	0x4
 325 00e3 07       		.uleb128 0x7
 326 00e4 9E020000 		.4byte	.LASF20
 327 00e8 03       		.byte	0x3
 328 00e9 4B       		.byte	0x4b
 329 00ea 6B000000 		.4byte	0x6b
 330 00ee 05       		.byte	0x5
 331 00ef 07       		.uleb128 0x7
 332 00f0 FB020000 		.4byte	.LASF21
 333 00f4 03       		.byte	0x3
 334 00f5 4F       		.byte	0x4f
 335 00f6 6B000000 		.4byte	0x6b
 336 00fa 06       		.byte	0x6
 337 00fb 00       		.byte	0
 338 00fc 08       		.uleb128 0x8
 339 00fd 67010000 		.4byte	.LASF22
 340 0101 03       		.byte	0x3
 341 0102 53       		.byte	0x53
 342 0103 B7000000 		.4byte	0xb7
 343 0107 09       		.uleb128 0x9
 344 0108 55000000 		.4byte	.LASF23
 345 010c 01       		.byte	0x1
 346 010d 2B       		.byte	0x2b
 347 010e 00000000 		.4byte	.LFB0
 348 0112 28000000 		.4byte	.LFE0-.LFB0
 349 0116 01       		.uleb128 0x1
ARM GAS  C:\Users\Zwe\AppData\Local\Temp\ccC38yGa.s 			page 10


 350 0117 9C       		.byte	0x9c
 351 0118 38010000 		.4byte	0x138
 352 011c 0A       		.uleb128 0xa
 353 011d 06000000 		.4byte	.LVL0
 354 0121 CA010000 		.4byte	0x1ca
 355 0125 0A       		.uleb128 0xa
 356 0126 14000000 		.4byte	.LVL1
 357 012a D5010000 		.4byte	0x1d5
 358 012e 0A       		.uleb128 0xa
 359 012f 1A000000 		.4byte	.LVL2
 360 0133 E0010000 		.4byte	0x1e0
 361 0137 00       		.byte	0
 362 0138 09       		.uleb128 0x9
 363 0139 AE010000 		.4byte	.LASF24
 364 013d 01       		.byte	0x1
 365 013e 4D       		.byte	0x4d
 366 013f 00000000 		.4byte	.LFB1
 367 0143 28000000 		.4byte	.LFE1-.LFB1
 368 0147 01       		.uleb128 0x1
 369 0148 9C       		.byte	0x9c
 370 0149 69010000 		.4byte	0x169
 371 014d 0A       		.uleb128 0xa
 372 014e 0A000000 		.4byte	.LVL3
 373 0152 EB010000 		.4byte	0x1eb
 374 0156 0A       		.uleb128 0xa
 375 0157 16000000 		.4byte	.LVL4
 376 015b F6010000 		.4byte	0x1f6
 377 015f 0B       		.uleb128 0xb
 378 0160 20000000 		.4byte	.LVL5
 379 0164 01020000 		.4byte	0x201
 380 0168 00       		.byte	0
 381 0169 09       		.uleb128 0x9
 382 016a C5010000 		.4byte	.LASF25
 383 016e 01       		.byte	0x1
 384 016f 70       		.byte	0x70
 385 0170 00000000 		.4byte	.LFB2
 386 0174 28000000 		.4byte	.LFE2-.LFB2
 387 0178 01       		.uleb128 0x1
 388 0179 9C       		.byte	0x9c
 389 017a 91010000 		.4byte	0x191
 390 017e 0A       		.uleb128 0xa
 391 017f 18000000 		.4byte	.LVL6
 392 0183 0C020000 		.4byte	0x20c
 393 0187 0B       		.uleb128 0xb
 394 0188 20000000 		.4byte	.LVL7
 395 018c 07010000 		.4byte	0x107
 396 0190 00       		.byte	0
 397 0191 09       		.uleb128 0x9
 398 0192 84020000 		.4byte	.LASF26
 399 0196 01       		.byte	0x1
 400 0197 96       		.byte	0x96
 401 0198 00000000 		.4byte	.LFB3
 402 019c 1C000000 		.4byte	.LFE3-.LFB3
 403 01a0 01       		.uleb128 0x1
 404 01a1 9C       		.byte	0x9c
 405 01a2 B9010000 		.4byte	0x1b9
 406 01a6 0A       		.uleb128 0xa
ARM GAS  C:\Users\Zwe\AppData\Local\Temp\ccC38yGa.s 			page 11


 407 01a7 06000000 		.4byte	.LVL8
 408 01ab 38010000 		.4byte	0x138
 409 01af 0B       		.uleb128 0xb
 410 01b0 16000000 		.4byte	.LVL9
 411 01b4 17020000 		.4byte	0x217
 412 01b8 00       		.byte	0
 413 01b9 0C       		.uleb128 0xc
 414 01ba 27000000 		.4byte	.LASF38
 415 01be 01       		.byte	0x1
 416 01bf 15       		.byte	0x15
 417 01c0 FC000000 		.4byte	0xfc
 418 01c4 05       		.uleb128 0x5
 419 01c5 03       		.byte	0x3
 420 01c6 00000000 		.4byte	Rx_Timer_backup
 421 01ca 0D       		.uleb128 0xd
 422 01cb BB020000 		.4byte	.LASF27
 423 01cf BB020000 		.4byte	.LASF27
 424 01d3 03       		.byte	0x3
 425 01d4 69       		.byte	0x69
 426 01d5 0D       		.uleb128 0xd
 427 01d6 4E020000 		.4byte	.LASF28
 428 01da 4E020000 		.4byte	.LASF28
 429 01de 03       		.byte	0x3
 430 01df 83       		.byte	0x83
 431 01e0 0D       		.uleb128 0xd
 432 01e1 F3010000 		.4byte	.LASF29
 433 01e5 F3010000 		.4byte	.LASF29
 434 01e9 03       		.byte	0x3
 435 01ea 63       		.byte	0x63
 436 01eb 0D       		.uleb128 0xd
 437 01ec 00000000 		.4byte	.LASF30
 438 01f0 00000000 		.4byte	.LASF30
 439 01f4 03       		.byte	0x3
 440 01f5 6A       		.byte	0x6a
 441 01f6 0D       		.uleb128 0xd
 442 01f7 35020000 		.4byte	.LASF31
 443 01fb 35020000 		.4byte	.LASF31
 444 01ff 03       		.byte	0x3
 445 0200 82       		.byte	0x82
 446 0201 0D       		.uleb128 0xd
 447 0202 37000000 		.4byte	.LASF32
 448 0206 37000000 		.4byte	.LASF32
 449 020a 03       		.byte	0x3
 450 020b 64       		.byte	0x64
 451 020c 0D       		.uleb128 0xd
 452 020d 10020000 		.4byte	.LASF33
 453 0211 10020000 		.4byte	.LASF33
 454 0215 03       		.byte	0x3
 455 0216 5B       		.byte	0x5b
 456 0217 0D       		.uleb128 0xd
 457 0218 9E000000 		.4byte	.LASF34
 458 021c 9E000000 		.4byte	.LASF34
 459 0220 03       		.byte	0x3
 460 0221 8B       		.byte	0x8b
 461 0222 00       		.byte	0
 462              		.section	.debug_abbrev,"",%progbits
 463              	.Ldebug_abbrev0:
ARM GAS  C:\Users\Zwe\AppData\Local\Temp\ccC38yGa.s 			page 12


 464 0000 01       		.uleb128 0x1
 465 0001 11       		.uleb128 0x11
 466 0002 01       		.byte	0x1
 467 0003 25       		.uleb128 0x25
 468 0004 0E       		.uleb128 0xe
 469 0005 13       		.uleb128 0x13
 470 0006 0B       		.uleb128 0xb
 471 0007 03       		.uleb128 0x3
 472 0008 0E       		.uleb128 0xe
 473 0009 1B       		.uleb128 0x1b
 474 000a 0E       		.uleb128 0xe
 475 000b 55       		.uleb128 0x55
 476 000c 17       		.uleb128 0x17
 477 000d 11       		.uleb128 0x11
 478 000e 01       		.uleb128 0x1
 479 000f 10       		.uleb128 0x10
 480 0010 17       		.uleb128 0x17
 481 0011 00       		.byte	0
 482 0012 00       		.byte	0
 483 0013 02       		.uleb128 0x2
 484 0014 24       		.uleb128 0x24
 485 0015 00       		.byte	0
 486 0016 0B       		.uleb128 0xb
 487 0017 0B       		.uleb128 0xb
 488 0018 3E       		.uleb128 0x3e
 489 0019 0B       		.uleb128 0xb
 490 001a 03       		.uleb128 0x3
 491 001b 0E       		.uleb128 0xe
 492 001c 00       		.byte	0
 493 001d 00       		.byte	0
 494 001e 03       		.uleb128 0x3
 495 001f 24       		.uleb128 0x24
 496 0020 00       		.byte	0
 497 0021 0B       		.uleb128 0xb
 498 0022 0B       		.uleb128 0xb
 499 0023 3E       		.uleb128 0x3e
 500 0024 0B       		.uleb128 0xb
 501 0025 03       		.uleb128 0x3
 502 0026 08       		.uleb128 0x8
 503 0027 00       		.byte	0
 504 0028 00       		.byte	0
 505 0029 04       		.uleb128 0x4
 506 002a 16       		.uleb128 0x16
 507 002b 00       		.byte	0
 508 002c 03       		.uleb128 0x3
 509 002d 0E       		.uleb128 0xe
 510 002e 3A       		.uleb128 0x3a
 511 002f 0B       		.uleb128 0xb
 512 0030 3B       		.uleb128 0x3b
 513 0031 05       		.uleb128 0x5
 514 0032 49       		.uleb128 0x49
 515 0033 13       		.uleb128 0x13
 516 0034 00       		.byte	0
 517 0035 00       		.byte	0
 518 0036 05       		.uleb128 0x5
 519 0037 35       		.uleb128 0x35
 520 0038 00       		.byte	0
ARM GAS  C:\Users\Zwe\AppData\Local\Temp\ccC38yGa.s 			page 13


 521 0039 49       		.uleb128 0x49
 522 003a 13       		.uleb128 0x13
 523 003b 00       		.byte	0
 524 003c 00       		.byte	0
 525 003d 06       		.uleb128 0x6
 526 003e 13       		.uleb128 0x13
 527 003f 01       		.byte	0x1
 528 0040 0B       		.uleb128 0xb
 529 0041 0B       		.uleb128 0xb
 530 0042 3A       		.uleb128 0x3a
 531 0043 0B       		.uleb128 0xb
 532 0044 3B       		.uleb128 0x3b
 533 0045 0B       		.uleb128 0xb
 534 0046 01       		.uleb128 0x1
 535 0047 13       		.uleb128 0x13
 536 0048 00       		.byte	0
 537 0049 00       		.byte	0
 538 004a 07       		.uleb128 0x7
 539 004b 0D       		.uleb128 0xd
 540 004c 00       		.byte	0
 541 004d 03       		.uleb128 0x3
 542 004e 0E       		.uleb128 0xe
 543 004f 3A       		.uleb128 0x3a
 544 0050 0B       		.uleb128 0xb
 545 0051 3B       		.uleb128 0x3b
 546 0052 0B       		.uleb128 0xb
 547 0053 49       		.uleb128 0x49
 548 0054 13       		.uleb128 0x13
 549 0055 38       		.uleb128 0x38
 550 0056 0B       		.uleb128 0xb
 551 0057 00       		.byte	0
 552 0058 00       		.byte	0
 553 0059 08       		.uleb128 0x8
 554 005a 16       		.uleb128 0x16
 555 005b 00       		.byte	0
 556 005c 03       		.uleb128 0x3
 557 005d 0E       		.uleb128 0xe
 558 005e 3A       		.uleb128 0x3a
 559 005f 0B       		.uleb128 0xb
 560 0060 3B       		.uleb128 0x3b
 561 0061 0B       		.uleb128 0xb
 562 0062 49       		.uleb128 0x49
 563 0063 13       		.uleb128 0x13
 564 0064 00       		.byte	0
 565 0065 00       		.byte	0
 566 0066 09       		.uleb128 0x9
 567 0067 2E       		.uleb128 0x2e
 568 0068 01       		.byte	0x1
 569 0069 3F       		.uleb128 0x3f
 570 006a 19       		.uleb128 0x19
 571 006b 03       		.uleb128 0x3
 572 006c 0E       		.uleb128 0xe
 573 006d 3A       		.uleb128 0x3a
 574 006e 0B       		.uleb128 0xb
 575 006f 3B       		.uleb128 0x3b
 576 0070 0B       		.uleb128 0xb
 577 0071 27       		.uleb128 0x27
ARM GAS  C:\Users\Zwe\AppData\Local\Temp\ccC38yGa.s 			page 14


 578 0072 19       		.uleb128 0x19
 579 0073 11       		.uleb128 0x11
 580 0074 01       		.uleb128 0x1
 581 0075 12       		.uleb128 0x12
 582 0076 06       		.uleb128 0x6
 583 0077 40       		.uleb128 0x40
 584 0078 18       		.uleb128 0x18
 585 0079 9742     		.uleb128 0x2117
 586 007b 19       		.uleb128 0x19
 587 007c 01       		.uleb128 0x1
 588 007d 13       		.uleb128 0x13
 589 007e 00       		.byte	0
 590 007f 00       		.byte	0
 591 0080 0A       		.uleb128 0xa
 592 0081 898201   		.uleb128 0x4109
 593 0084 00       		.byte	0
 594 0085 11       		.uleb128 0x11
 595 0086 01       		.uleb128 0x1
 596 0087 31       		.uleb128 0x31
 597 0088 13       		.uleb128 0x13
 598 0089 00       		.byte	0
 599 008a 00       		.byte	0
 600 008b 0B       		.uleb128 0xb
 601 008c 898201   		.uleb128 0x4109
 602 008f 00       		.byte	0
 603 0090 11       		.uleb128 0x11
 604 0091 01       		.uleb128 0x1
 605 0092 9542     		.uleb128 0x2115
 606 0094 19       		.uleb128 0x19
 607 0095 31       		.uleb128 0x31
 608 0096 13       		.uleb128 0x13
 609 0097 00       		.byte	0
 610 0098 00       		.byte	0
 611 0099 0C       		.uleb128 0xc
 612 009a 34       		.uleb128 0x34
 613 009b 00       		.byte	0
 614 009c 03       		.uleb128 0x3
 615 009d 0E       		.uleb128 0xe
 616 009e 3A       		.uleb128 0x3a
 617 009f 0B       		.uleb128 0xb
 618 00a0 3B       		.uleb128 0x3b
 619 00a1 0B       		.uleb128 0xb
 620 00a2 49       		.uleb128 0x49
 621 00a3 13       		.uleb128 0x13
 622 00a4 02       		.uleb128 0x2
 623 00a5 18       		.uleb128 0x18
 624 00a6 00       		.byte	0
 625 00a7 00       		.byte	0
 626 00a8 0D       		.uleb128 0xd
 627 00a9 2E       		.uleb128 0x2e
 628 00aa 00       		.byte	0
 629 00ab 3F       		.uleb128 0x3f
 630 00ac 19       		.uleb128 0x19
 631 00ad 3C       		.uleb128 0x3c
 632 00ae 19       		.uleb128 0x19
 633 00af 6E       		.uleb128 0x6e
 634 00b0 0E       		.uleb128 0xe
ARM GAS  C:\Users\Zwe\AppData\Local\Temp\ccC38yGa.s 			page 15


 635 00b1 03       		.uleb128 0x3
 636 00b2 0E       		.uleb128 0xe
 637 00b3 3A       		.uleb128 0x3a
 638 00b4 0B       		.uleb128 0xb
 639 00b5 3B       		.uleb128 0x3b
 640 00b6 0B       		.uleb128 0xb
 641 00b7 00       		.byte	0
 642 00b8 00       		.byte	0
 643 00b9 00       		.byte	0
 644              		.section	.debug_aranges,"",%progbits
 645 0000 34000000 		.4byte	0x34
 646 0004 0200     		.2byte	0x2
 647 0006 00000000 		.4byte	.Ldebug_info0
 648 000a 04       		.byte	0x4
 649 000b 00       		.byte	0
 650 000c 0000     		.2byte	0
 651 000e 0000     		.2byte	0
 652 0010 00000000 		.4byte	.LFB0
 653 0014 28000000 		.4byte	.LFE0-.LFB0
 654 0018 00000000 		.4byte	.LFB1
 655 001c 28000000 		.4byte	.LFE1-.LFB1
 656 0020 00000000 		.4byte	.LFB2
 657 0024 28000000 		.4byte	.LFE2-.LFB2
 658 0028 00000000 		.4byte	.LFB3
 659 002c 1C000000 		.4byte	.LFE3-.LFB3
 660 0030 00000000 		.4byte	0
 661 0034 00000000 		.4byte	0
 662              		.section	.debug_ranges,"",%progbits
 663              	.Ldebug_ranges0:
 664 0000 00000000 		.4byte	.LFB0
 665 0004 28000000 		.4byte	.LFE0
 666 0008 00000000 		.4byte	.LFB1
 667 000c 28000000 		.4byte	.LFE1
 668 0010 00000000 		.4byte	.LFB2
 669 0014 28000000 		.4byte	.LFE2
 670 0018 00000000 		.4byte	.LFB3
 671 001c 1C000000 		.4byte	.LFE3
 672 0020 00000000 		.4byte	0
 673 0024 00000000 		.4byte	0
 674              		.section	.debug_line,"",%progbits
 675              	.Ldebug_line0:
 676 0000 B1000000 		.section	.debug_str,"MS",%progbits,1
 676      02005600 
 676      00000201 
 676      FB0E0D00 
 676      01010101 
 677              	.LASF30:
 678 0000 52785F54 		.ascii	"Rx_Timer_WriteCounter\000"
 678      696D6572 
 678      5F577269 
 678      7465436F 
 678      756E7465 
 679              	.LASF17:
 680 0016 54696D65 		.ascii	"TimerEnableState\000"
 680      72456E61 
 680      626C6553 
 680      74617465 
ARM GAS  C:\Users\Zwe\AppData\Local\Temp\ccC38yGa.s 			page 16


 680      00
 681              	.LASF38:
 682 0027 52785F54 		.ascii	"Rx_Timer_backup\000"
 682      696D6572 
 682      5F626163 
 682      6B757000 
 683              	.LASF32:
 684 0037 52785F54 		.ascii	"Rx_Timer_WriteControlRegister\000"
 684      696D6572 
 684      5F577269 
 684      7465436F 
 684      6E74726F 
 685              	.LASF23:
 686 0055 52785F54 		.ascii	"Rx_Timer_SaveConfig\000"
 686      696D6572 
 686      5F536176 
 686      65436F6E 
 686      66696700 
 687              	.LASF3:
 688 0069 73686F72 		.ascii	"short unsigned int\000"
 688      7420756E 
 688      7369676E 
 688      65642069 
 688      6E7400
 689              	.LASF18:
 690 007c 54696D65 		.ascii	"TimerUdb\000"
 690      72556462 
 690      00
 691              	.LASF11:
 692 0085 666C6F61 		.ascii	"float\000"
 692      7400
 693              	.LASF1:
 694 008b 756E7369 		.ascii	"unsigned char\000"
 694      676E6564 
 694      20636861 
 694      7200
 695              	.LASF14:
 696 0099 72656738 		.ascii	"reg8\000"
 696      00
 697              	.LASF34:
 698 009e 52785F54 		.ascii	"Rx_Timer_Enable\000"
 698      696D6572 
 698      5F456E61 
 698      626C6500 
 699              	.LASF35:
 700 00ae 474E5520 		.ascii	"GNU C11 5.4.1 20160609 (release) [ARM/embedded-5-br"
 700      43313120 
 700      352E342E 
 700      31203230 
 700      31363036 
 701 00e1 616E6368 		.ascii	"anch revision 237715] -mcpu=cortex-m3 -mthumb -g -O"
 701      20726576 
 701      6973696F 
 701      6E203233 
 701      37373135 
 702 0114 73202D66 		.ascii	"s -ffunction-sections -ffat-lto-objects\000"
 702      66756E63 
ARM GAS  C:\Users\Zwe\AppData\Local\Temp\ccC38yGa.s 			page 17


 702      74696F6E 
 702      2D736563 
 702      74696F6E 
 703              	.LASF9:
 704 013c 75696E74 		.ascii	"uint8\000"
 704      3800
 705              	.LASF36:
 706 0142 47656E65 		.ascii	"Generated_Source\\PSoC5\\Rx_Timer_PM.c\000"
 706      72617465 
 706      645F536F 
 706      75726365 
 706      5C50536F 
 707              	.LASF22:
 708 0167 52785F54 		.ascii	"Rx_Timer_backupStruct\000"
 708      696D6572 
 708      5F626163 
 708      6B757053 
 708      74727563 
 709              	.LASF12:
 710 017d 646F7562 		.ascii	"double\000"
 710      6C6500
 711              	.LASF37:
 712 0184 453A5C54 		.ascii	"E:\\TRC3500\\Psoc\\BCD\\Design01.cydsn\000"
 712      52433335 
 712      30305C50 
 712      736F635C 
 712      4243445C 
 713              	.LASF10:
 714 01a7 75696E74 		.ascii	"uint16\000"
 714      313600
 715              	.LASF24:
 716 01ae 52785F54 		.ascii	"Rx_Timer_RestoreConfig\000"
 716      696D6572 
 716      5F526573 
 716      746F7265 
 716      436F6E66 
 717              	.LASF25:
 718 01c5 52785F54 		.ascii	"Rx_Timer_Sleep\000"
 718      696D6572 
 718      5F536C65 
 718      657000
 719              	.LASF5:
 720 01d4 6C6F6E67 		.ascii	"long unsigned int\000"
 720      20756E73 
 720      69676E65 
 720      6420696E 
 720      7400
 721              	.LASF8:
 722 01e6 756E7369 		.ascii	"unsigned int\000"
 722      676E6564 
 722      20696E74 
 722      00
 723              	.LASF29:
 724 01f3 52785F54 		.ascii	"Rx_Timer_ReadControlRegister\000"
 724      696D6572 
 724      5F526561 
 724      64436F6E 
ARM GAS  C:\Users\Zwe\AppData\Local\Temp\ccC38yGa.s 			page 18


 724      74726F6C 
 725              	.LASF33:
 726 0210 52785F54 		.ascii	"Rx_Timer_Stop\000"
 726      696D6572 
 726      5F53746F 
 726      7000
 727              	.LASF7:
 728 021e 6C6F6E67 		.ascii	"long long unsigned int\000"
 728      206C6F6E 
 728      6720756E 
 728      7369676E 
 728      65642069 
 729              	.LASF31:
 730 0235 52785F54 		.ascii	"Rx_Timer_SetCaptureCount\000"
 730      696D6572 
 730      5F536574 
 730      43617074 
 730      75726543 
 731              	.LASF28:
 732 024e 52785F54 		.ascii	"Rx_Timer_ReadCaptureCount\000"
 732      696D6572 
 732      5F526561 
 732      64436170 
 732      74757265 
 733              	.LASF16:
 734 0268 73697A65 		.ascii	"sizetype\000"
 734      74797065 
 734      00
 735              	.LASF6:
 736 0271 6C6F6E67 		.ascii	"long long int\000"
 736      206C6F6E 
 736      6720696E 
 736      7400
 737              	.LASF13:
 738 027f 63686172 		.ascii	"char\000"
 738      00
 739              	.LASF26:
 740 0284 52785F54 		.ascii	"Rx_Timer_Wakeup\000"
 740      696D6572 
 740      5F57616B 
 740      65757000 
 741              	.LASF2:
 742 0294 73686F72 		.ascii	"short int\000"
 742      7420696E 
 742      7400
 743              	.LASF20:
 744 029e 54696D65 		.ascii	"TimerCaptureCounter\000"
 744      72436170 
 744      74757265 
 744      436F756E 
 744      74657200 
 745              	.LASF4:
 746 02b2 6C6F6E67 		.ascii	"long int\000"
 746      20696E74 
 746      00
 747              	.LASF27:
 748 02bb 52785F54 		.ascii	"Rx_Timer_ReadCounter\000"
ARM GAS  C:\Users\Zwe\AppData\Local\Temp\ccC38yGa.s 			page 19


 748      696D6572 
 748      5F526561 
 748      64436F75 
 748      6E746572 
 749              	.LASF15:
 750 02d0 6C6F6E67 		.ascii	"long double\000"
 750      20646F75 
 750      626C6500 
 751              	.LASF0:
 752 02dc 7369676E 		.ascii	"signed char\000"
 752      65642063 
 752      68617200 
 753              	.LASF19:
 754 02e8 496E7465 		.ascii	"InterruptMaskValue\000"
 754      72727570 
 754      744D6173 
 754      6B56616C 
 754      756500
 755              	.LASF21:
 756 02fb 54696D65 		.ascii	"TimerControlRegister\000"
 756      72436F6E 
 756      74726F6C 
 756      52656769 
 756      73746572 
 757              		.ident	"GCC: (GNU Tools for ARM Embedded Processors) 5.4.1 20160609 (release) [ARM/embedded-5-bran
