ARM GAS  C:\Users\Zwe\AppData\Local\Temp\cczGXRbk.s 			page 1


   1              		.syntax unified
   2              		.cpu cortex-m3
   3              		.fpu softvfp
   4              		.eabi_attribute 20, 1
   5              		.eabi_attribute 21, 1
   6              		.eabi_attribute 23, 3
   7              		.eabi_attribute 24, 1
   8              		.eabi_attribute 25, 1
   9              		.eabi_attribute 26, 1
  10              		.eabi_attribute 30, 4
  11              		.eabi_attribute 34, 1
  12              		.eabi_attribute 18, 4
  13              		.thumb
  14              		.syntax unified
  15              		.file	"temp.c"
  16              		.text
  17              	.Ltext0:
  18              		.cfi_sections	.debug_frame
  19              	.Letext0:
  20              		.section	.debug_line,"",%progbits
  21              	.Ldebug_line0:
  22              		.section	.debug_str,"MS",%progbits,1
  23              	.LASF0:
  24 0000 74656D70 		.ascii	"temp.c\000"
  24      2E6300
  25              	.LASF1:
  26 0007 474E5520 		.ascii	"GNU C11 5.4.1 20160609 (release) [ARM/embedded-5-br"
  26      43313120 
  26      352E342E 
  26      31203230 
  26      31363036 
  27 003a 616E6368 		.ascii	"anch revision 237715] -mcpu=cortex-m3 -mthumb -g -O"
  27      20726576 
  27      6973696F 
  27      6E203233 
  27      37373135 
  28 006d 73202D66 		.ascii	"s -ffunction-sections -ffat-lto-objects\000"
  28      66756E63 
  28      74696F6E 
  28      2D736563 
  28      74696F6E 
  29              	.LASF2:
  30 0095 433A5C55 		.ascii	"C:\\Users\\Zwe\\Desktop\\Monash\\Y3S2\\ECE3091 - EN"
  30      73657273 
  30      5C5A7765 
  30      5C446573 
  30      6B746F70 
  31 00c2 47494E45 		.ascii	"GINEERING DESIGN\\bcd\\Design01.cydsn\000"
  31      4552494E 
  31      47204445 
  31      5349474E 
  31      5C626364 
  32              		.ident	"GCC: (GNU Tools for ARM Embedded Processors) 5.4.1 20160609 (release) [ARM/embedded-5-bran
